<?xml version="1.0" encoding="UTF-8"?>
<testsuite xmlns:xsi="http://www.w3.org/2001/XMLSchema-instance" xsi:noNamespaceSchemaLocation="https://maven.apache.org/surefire/maven-surefire-plugin/xsd/surefire-test-report.xsd" name="com.example.board.controller.UserControllerTest" time="1.06" tests="8" errors="4" skipped="0" failures="0">
  <properties>
    <property name="java.specification.version" value="17"/>
    <property name="sun.cpu.isalist" value="amd64"/>
    <property name="sun.jnu.encoding" value="MS949"/>
    <property name="java.class.path" value="C:\Users\sunbee\ojtProject\BackBoard\target\test-classes;C:\Users\sunbee\ojtProject\BackBoard\target\classes;C:\Users\메이팜소프트\.m2\repository\org\springframework\boot\spring-boot-starter-web\2.7.5\spring-boot-starter-web-2.7.5.jar;C:\Users\메이팜소프트\.m2\repository\org\springframework\boot\spring-boot-starter\2.7.5\spring-boot-starter-2.7.5.jar;C:\Users\메이팜소프트\.m2\repository\org\springframework\boot\spring-boot\2.7.5\spring-boot-2.7.5.jar;C:\Users\메이팜소프트\.m2\repository\org\springframework\boot\spring-boot-autoconfigure\2.7.5\spring-boot-autoconfigure-2.7.5.jar;C:\Users\메이팜소프트\.m2\repository\org\springframework\boot\spring-boot-starter-logging\2.7.5\spring-boot-starter-logging-2.7.5.jar;C:\Users\메이팜소프트\.m2\repository\ch\qos\logback\logback-classic\1.2.11\logback-classic-1.2.11.jar;C:\Users\메이팜소프트\.m2\repository\ch\qos\logback\logback-core\1.2.11\logback-core-1.2.11.jar;C:\Users\메이팜소프트\.m2\repository\org\apache\logging\log4j\log4j-to-slf4j\2.17.2\log4j-to-slf4j-2.17.2.jar;C:\Users\메이팜소프트\.m2\repository\org\apache\logging\log4j\log4j-api\2.17.2\log4j-api-2.17.2.jar;C:\Users\메이팜소프트\.m2\repository\org\slf4j\jul-to-slf4j\1.7.36\jul-to-slf4j-1.7.36.jar;C:\Users\메이팜소프트\.m2\repository\jakarta\annotation\jakarta.annotation-api\1.3.5\jakarta.annotation-api-1.3.5.jar;C:\Users\메이팜소프트\.m2\repository\org\yaml\snakeyaml\1.30\snakeyaml-1.30.jar;C:\Users\메이팜소프트\.m2\repository\org\springframework\boot\spring-boot-starter-json\2.7.5\spring-boot-starter-json-2.7.5.jar;C:\Users\메이팜소프트\.m2\repository\com\fasterxml\jackson\datatype\jackson-datatype-jdk8\2.13.4\jackson-datatype-jdk8-2.13.4.jar;C:\Users\메이팜소프트\.m2\repository\com\fasterxml\jackson\datatype\jackson-datatype-jsr310\2.13.4\jackson-datatype-jsr310-2.13.4.jar;C:\Users\메이팜소프트\.m2\repository\com\fasterxml\jackson\module\jackson-module-parameter-names\2.13.4\jackson-module-parameter-names-2.13.4.jar;C:\Users\메이팜소프트\.m2\repository\org\springframework\boot\spring-boot-starter-tomcat\2.7.5\spring-boot-starter-tomcat-2.7.5.jar;C:\Users\메이팜소프트\.m2\repository\org\apache\tomcat\embed\tomcat-embed-core\9.0.68\tomcat-embed-core-9.0.68.jar;C:\Users\메이팜소프트\.m2\repository\org\apache\tomcat\embed\tomcat-embed-websocket\9.0.68\tomcat-embed-websocket-9.0.68.jar;C:\Users\메이팜소프트\.m2\repository\org\springframework\spring-web\5.3.23\spring-web-5.3.23.jar;C:\Users\메이팜소프트\.m2\repository\org\springframework\spring-beans\5.3.23\spring-beans-5.3.23.jar;C:\Users\메이팜소프트\.m2\repository\org\springframework\spring-webmvc\5.3.23\spring-webmvc-5.3.23.jar;C:\Users\메이팜소프트\.m2\repository\org\springframework\spring-context\5.3.23\spring-context-5.3.23.jar;C:\Users\메이팜소프트\.m2\repository\org\springframework\spring-expression\5.3.23\spring-expression-5.3.23.jar;C:\Users\메이팜소프트\.m2\repository\org\springframework\boot\spring-boot-starter-security\2.7.5\spring-boot-starter-security-2.7.5.jar;C:\Users\메이팜소프트\.m2\repository\org\springframework\spring-aop\5.3.23\spring-aop-5.3.23.jar;C:\Users\메이팜소프트\.m2\repository\org\springframework\security\spring-security-config\5.7.4\spring-security-config-5.7.4.jar;C:\Users\메이팜소프트\.m2\repository\org\springframework\security\spring-security-web\5.7.4\spring-security-web-5.7.4.jar;C:\Users\메이팜소프트\.m2\repository\org\springframework\boot\spring-boot-starter-validation\2.7.5\spring-boot-starter-validation-2.7.5.jar;C:\Users\메이팜소프트\.m2\repository\org\apache\tomcat\embed\tomcat-embed-el\9.0.68\tomcat-embed-el-9.0.68.jar;C:\Users\메이팜소프트\.m2\repository\org\hibernate\validator\hibernate-validator\6.2.5.Final\hibernate-validator-6.2.5.Final.jar;C:\Users\메이팜소프트\.m2\repository\jakarta\validation\jakarta.validation-api\2.0.2\jakarta.validation-api-2.0.2.jar;C:\Users\메이팜소프트\.m2\repository\org\jboss\logging\jboss-logging\3.4.3.Final\jboss-logging-3.4.3.Final.jar;C:\Users\메이팜소프트\.m2\repository\com\fasterxml\classmate\1.5.1\classmate-1.5.1.jar;C:\Users\메이팜소프트\.m2\repository\org\mybatis\spring\boot\mybatis-spring-boot-starter\2.2.2\mybatis-spring-boot-starter-2.2.2.jar;C:\Users\메이팜소프트\.m2\repository\org\springframework\boot\spring-boot-starter-jdbc\2.7.5\spring-boot-starter-jdbc-2.7.5.jar;C:\Users\메이팜소프트\.m2\repository\com\zaxxer\HikariCP\4.0.3\HikariCP-4.0.3.jar;C:\Users\메이팜소프트\.m2\repository\org\springframework\spring-jdbc\5.3.23\spring-jdbc-5.3.23.jar;C:\Users\메이팜소프트\.m2\repository\org\springframework\spring-tx\5.3.23\spring-tx-5.3.23.jar;C:\Users\메이팜소프트\.m2\repository\org\mybatis\spring\boot\mybatis-spring-boot-autoconfigure\2.2.2\mybatis-spring-boot-autoconfigure-2.2.2.jar;C:\Users\메이팜소프트\.m2\repository\org\mybatis\mybatis\3.5.9\mybatis-3.5.9.jar;C:\Users\메이팜소프트\.m2\repository\org\mybatis\mybatis-spring\2.0.7\mybatis-spring-2.0.7.jar;C:\Users\메이팜소프트\.m2\repository\com\mysql\mysql-connector-j\8.0.31\mysql-connector-j-8.0.31.jar;C:\Users\메이팜소프트\.m2\repository\io\jsonwebtoken\jjwt-api\0.11.5\jjwt-api-0.11.5.jar;C:\Users\메이팜소프트\.m2\repository\io\jsonwebtoken\jjwt-impl\0.11.5\jjwt-impl-0.11.5.jar;C:\Users\메이팜소프트\.m2\repository\io\jsonwebtoken\jjwt-jackson\0.11.5\jjwt-jackson-0.11.5.jar;C:\Users\메이팜소프트\.m2\repository\com\fasterxml\jackson\core\jackson-databind\2.13.4.2\jackson-databind-2.13.4.2.jar;C:\Users\메이팜소프트\.m2\repository\com\fasterxml\jackson\core\jackson-annotations\2.13.4\jackson-annotations-2.13.4.jar;C:\Users\메이팜소프트\.m2\repository\com\fasterxml\jackson\core\jackson-core\2.13.4\jackson-core-2.13.4.jar;C:\Users\메이팜소프트\.m2\repository\org\projectlombok\lombok\1.18.24\lombok-1.18.24.jar;C:\Users\메이팜소프트\.m2\repository\org\springframework\restdocs\spring-restdocs-mockmvc\2.0.6.RELEASE\spring-restdocs-mockmvc-2.0.6.RELEASE.jar;C:\Users\메이팜소프트\.m2\repository\org\springframework\restdocs\spring-restdocs-core\2.0.6.RELEASE\spring-restdocs-core-2.0.6.RELEASE.jar;C:\Users\메이팜소프트\.m2\repository\org\springframework\spring-test\5.3.23\spring-test-5.3.23.jar;C:\Users\메이팜소프트\.m2\repository\javax\servlet\javax.servlet-api\4.0.1\javax.servlet-api-4.0.1.jar;C:\Users\메이팜소프트\.m2\repository\org\springframework\boot\spring-boot-starter-test\2.7.5\spring-boot-starter-test-2.7.5.jar;C:\Users\메이팜소프트\.m2\repository\org\springframework\boot\spring-boot-test\2.7.5\spring-boot-test-2.7.5.jar;C:\Users\메이팜소프트\.m2\repository\org\springframework\boot\spring-boot-test-autoconfigure\2.7.5\spring-boot-test-autoconfigure-2.7.5.jar;C:\Users\메이팜소프트\.m2\repository\com\jayway\jsonpath\json-path\2.7.0\json-path-2.7.0.jar;C:\Users\메이팜소프트\.m2\repository\net\minidev\json-smart\2.4.8\json-smart-2.4.8.jar;C:\Users\메이팜소프트\.m2\repository\net\minidev\accessors-smart\2.4.8\accessors-smart-2.4.8.jar;C:\Users\메이팜소프트\.m2\repository\org\ow2\asm\asm\9.1\asm-9.1.jar;C:\Users\메이팜소프트\.m2\repository\org\slf4j\slf4j-api\1.7.36\slf4j-api-1.7.36.jar;C:\Users\메이팜소프트\.m2\repository\jakarta\xml\bind\jakarta.xml.bind-api\2.3.3\jakarta.xml.bind-api-2.3.3.jar;C:\Users\메이팜소프트\.m2\repository\jakarta\activation\jakarta.activation-api\1.2.2\jakarta.activation-api-1.2.2.jar;C:\Users\메이팜소프트\.m2\repository\org\assertj\assertj-core\3.22.0\assertj-core-3.22.0.jar;C:\Users\메이팜소프트\.m2\repository\org\hamcrest\hamcrest\2.2\hamcrest-2.2.jar;C:\Users\메이팜소프트\.m2\repository\org\junit\jupiter\junit-jupiter\5.8.2\junit-jupiter-5.8.2.jar;C:\Users\메이팜소프트\.m2\repository\org\junit\jupiter\junit-jupiter-api\5.8.2\junit-jupiter-api-5.8.2.jar;C:\Users\메이팜소프트\.m2\repository\org\opentest4j\opentest4j\1.2.0\opentest4j-1.2.0.jar;C:\Users\메이팜소프트\.m2\repository\org\junit\platform\junit-platform-commons\1.8.2\junit-platform-commons-1.8.2.jar;C:\Users\메이팜소프트\.m2\repository\org\apiguardian\apiguardian-api\1.1.2\apiguardian-api-1.1.2.jar;C:\Users\메이팜소프트\.m2\repository\org\junit\jupiter\junit-jupiter-params\5.8.2\junit-jupiter-params-5.8.2.jar;C:\Users\메이팜소프트\.m2\repository\org\junit\jupiter\junit-jupiter-engine\5.8.2\junit-jupiter-engine-5.8.2.jar;C:\Users\메이팜소프트\.m2\repository\org\junit\platform\junit-platform-engine\1.8.2\junit-platform-engine-1.8.2.jar;C:\Users\메이팜소프트\.m2\repository\org\mockito\mockito-core\4.5.1\mockito-core-4.5.1.jar;C:\Users\메이팜소프트\.m2\repository\net\bytebuddy\byte-buddy\1.12.18\byte-buddy-1.12.18.jar;C:\Users\메이팜소프트\.m2\repository\net\bytebuddy\byte-buddy-agent\1.12.18\byte-buddy-agent-1.12.18.jar;C:\Users\메이팜소프트\.m2\repository\org\objenesis\objenesis\3.2\objenesis-3.2.jar;C:\Users\메이팜소프트\.m2\repository\org\mockito\mockito-junit-jupiter\4.5.1\mockito-junit-jupiter-4.5.1.jar;C:\Users\메이팜소프트\.m2\repository\org\skyscreamer\jsonassert\1.5.1\jsonassert-1.5.1.jar;C:\Users\메이팜소프트\.m2\repository\com\vaadin\external\google\android-json\0.0.20131108.vaadin1\android-json-0.0.20131108.vaadin1.jar;C:\Users\메이팜소프트\.m2\repository\org\springframework\spring-core\5.3.23\spring-core-5.3.23.jar;C:\Users\메이팜소프트\.m2\repository\org\springframework\spring-jcl\5.3.23\spring-jcl-5.3.23.jar;C:\Users\메이팜소프트\.m2\repository\org\xmlunit\xmlunit-core\2.9.0\xmlunit-core-2.9.0.jar;C:\Users\메이팜소프트\.m2\repository\org\springframework\security\spring-security-test\5.7.4\spring-security-test-5.7.4.jar;C:\Users\메이팜소프트\.m2\repository\org\springframework\security\spring-security-core\5.7.4\spring-security-core-5.7.4.jar;C:\Users\메이팜소프트\.m2\repository\org\springframework\security\spring-security-crypto\5.7.4\spring-security-crypto-5.7.4.jar;C:\Users\메이팜소프트\.m2\repository\org\springframework\boot\spring-boot-starter-aop\2.7.5\spring-boot-starter-aop-2.7.5.jar;C:\Users\메이팜소프트\.m2\repository\org\aspectj\aspectjweaver\1.9.7\aspectjweaver-1.9.7.jar;"/>
    <property name="java.vm.vendor" value="Oracle Corporation"/>
    <property name="sun.arch.data.model" value="64"/>
    <property name="user.variant" value=""/>
    <property name="java.vendor.url" value="https://java.oracle.com/"/>
    <property name="user.timezone" value="Asia/Seoul"/>
    <property name="os.name" value="Windows 11"/>
    <property name="java.vm.specification.version" value="17"/>
    <property name="sun.java.launcher" value="SUN_STANDARD"/>
    <property name="user.country" value="KR"/>
    <property name="sun.boot.library.path" value="C:\Program Files\Java\jdk-17\bin"/>
    <property name="sun.java.command" value="C:\Users\메이팜~1\AppData\Local\Temp\surefire341940360964783331\surefirebooter7722364402490782010.jar C:\Users\메이팜소프트\AppData\Local\Temp\surefire341940360964783331 2025-04-11T10-22-17_138-jvmRun1 surefire16785446299831760197tmp surefire_015334635331880002633tmp"/>
    <property name="jdk.debug" value="release"/>
    <property name="surefire.test.class.path" value="C:\Users\sunbee\ojtProject\BackBoard\target\test-classes;C:\Users\sunbee\ojtProject\BackBoard\target\classes;C:\Users\메이팜소프트\.m2\repository\org\springframework\boot\spring-boot-starter-web\2.7.5\spring-boot-starter-web-2.7.5.jar;C:\Users\메이팜소프트\.m2\repository\org\springframework\boot\spring-boot-starter\2.7.5\spring-boot-starter-2.7.5.jar;C:\Users\메이팜소프트\.m2\repository\org\springframework\boot\spring-boot\2.7.5\spring-boot-2.7.5.jar;C:\Users\메이팜소프트\.m2\repository\org\springframework\boot\spring-boot-autoconfigure\2.7.5\spring-boot-autoconfigure-2.7.5.jar;C:\Users\메이팜소프트\.m2\repository\org\springframework\boot\spring-boot-starter-logging\2.7.5\spring-boot-starter-logging-2.7.5.jar;C:\Users\메이팜소프트\.m2\repository\ch\qos\logback\logback-classic\1.2.11\logback-classic-1.2.11.jar;C:\Users\메이팜소프트\.m2\repository\ch\qos\logback\logback-core\1.2.11\logback-core-1.2.11.jar;C:\Users\메이팜소프트\.m2\repository\org\apache\logging\log4j\log4j-to-slf4j\2.17.2\log4j-to-slf4j-2.17.2.jar;C:\Users\메이팜소프트\.m2\repository\org\apache\logging\log4j\log4j-api\2.17.2\log4j-api-2.17.2.jar;C:\Users\메이팜소프트\.m2\repository\org\slf4j\jul-to-slf4j\1.7.36\jul-to-slf4j-1.7.36.jar;C:\Users\메이팜소프트\.m2\repository\jakarta\annotation\jakarta.annotation-api\1.3.5\jakarta.annotation-api-1.3.5.jar;C:\Users\메이팜소프트\.m2\repository\org\yaml\snakeyaml\1.30\snakeyaml-1.30.jar;C:\Users\메이팜소프트\.m2\repository\org\springframework\boot\spring-boot-starter-json\2.7.5\spring-boot-starter-json-2.7.5.jar;C:\Users\메이팜소프트\.m2\repository\com\fasterxml\jackson\datatype\jackson-datatype-jdk8\2.13.4\jackson-datatype-jdk8-2.13.4.jar;C:\Users\메이팜소프트\.m2\repository\com\fasterxml\jackson\datatype\jackson-datatype-jsr310\2.13.4\jackson-datatype-jsr310-2.13.4.jar;C:\Users\메이팜소프트\.m2\repository\com\fasterxml\jackson\module\jackson-module-parameter-names\2.13.4\jackson-module-parameter-names-2.13.4.jar;C:\Users\메이팜소프트\.m2\repository\org\springframework\boot\spring-boot-starter-tomcat\2.7.5\spring-boot-starter-tomcat-2.7.5.jar;C:\Users\메이팜소프트\.m2\repository\org\apache\tomcat\embed\tomcat-embed-core\9.0.68\tomcat-embed-core-9.0.68.jar;C:\Users\메이팜소프트\.m2\repository\org\apache\tomcat\embed\tomcat-embed-websocket\9.0.68\tomcat-embed-websocket-9.0.68.jar;C:\Users\메이팜소프트\.m2\repository\org\springframework\spring-web\5.3.23\spring-web-5.3.23.jar;C:\Users\메이팜소프트\.m2\repository\org\springframework\spring-beans\5.3.23\spring-beans-5.3.23.jar;C:\Users\메이팜소프트\.m2\repository\org\springframework\spring-webmvc\5.3.23\spring-webmvc-5.3.23.jar;C:\Users\메이팜소프트\.m2\repository\org\springframework\spring-context\5.3.23\spring-context-5.3.23.jar;C:\Users\메이팜소프트\.m2\repository\org\springframework\spring-expression\5.3.23\spring-expression-5.3.23.jar;C:\Users\메이팜소프트\.m2\repository\org\springframework\boot\spring-boot-starter-security\2.7.5\spring-boot-starter-security-2.7.5.jar;C:\Users\메이팜소프트\.m2\repository\org\springframework\spring-aop\5.3.23\spring-aop-5.3.23.jar;C:\Users\메이팜소프트\.m2\repository\org\springframework\security\spring-security-config\5.7.4\spring-security-config-5.7.4.jar;C:\Users\메이팜소프트\.m2\repository\org\springframework\security\spring-security-web\5.7.4\spring-security-web-5.7.4.jar;C:\Users\메이팜소프트\.m2\repository\org\springframework\boot\spring-boot-starter-validation\2.7.5\spring-boot-starter-validation-2.7.5.jar;C:\Users\메이팜소프트\.m2\repository\org\apache\tomcat\embed\tomcat-embed-el\9.0.68\tomcat-embed-el-9.0.68.jar;C:\Users\메이팜소프트\.m2\repository\org\hibernate\validator\hibernate-validator\6.2.5.Final\hibernate-validator-6.2.5.Final.jar;C:\Users\메이팜소프트\.m2\repository\jakarta\validation\jakarta.validation-api\2.0.2\jakarta.validation-api-2.0.2.jar;C:\Users\메이팜소프트\.m2\repository\org\jboss\logging\jboss-logging\3.4.3.Final\jboss-logging-3.4.3.Final.jar;C:\Users\메이팜소프트\.m2\repository\com\fasterxml\classmate\1.5.1\classmate-1.5.1.jar;C:\Users\메이팜소프트\.m2\repository\org\mybatis\spring\boot\mybatis-spring-boot-starter\2.2.2\mybatis-spring-boot-starter-2.2.2.jar;C:\Users\메이팜소프트\.m2\repository\org\springframework\boot\spring-boot-starter-jdbc\2.7.5\spring-boot-starter-jdbc-2.7.5.jar;C:\Users\메이팜소프트\.m2\repository\com\zaxxer\HikariCP\4.0.3\HikariCP-4.0.3.jar;C:\Users\메이팜소프트\.m2\repository\org\springframework\spring-jdbc\5.3.23\spring-jdbc-5.3.23.jar;C:\Users\메이팜소프트\.m2\repository\org\springframework\spring-tx\5.3.23\spring-tx-5.3.23.jar;C:\Users\메이팜소프트\.m2\repository\org\mybatis\spring\boot\mybatis-spring-boot-autoconfigure\2.2.2\mybatis-spring-boot-autoconfigure-2.2.2.jar;C:\Users\메이팜소프트\.m2\repository\org\mybatis\mybatis\3.5.9\mybatis-3.5.9.jar;C:\Users\메이팜소프트\.m2\repository\org\mybatis\mybatis-spring\2.0.7\mybatis-spring-2.0.7.jar;C:\Users\메이팜소프트\.m2\repository\com\mysql\mysql-connector-j\8.0.31\mysql-connector-j-8.0.31.jar;C:\Users\메이팜소프트\.m2\repository\io\jsonwebtoken\jjwt-api\0.11.5\jjwt-api-0.11.5.jar;C:\Users\메이팜소프트\.m2\repository\io\jsonwebtoken\jjwt-impl\0.11.5\jjwt-impl-0.11.5.jar;C:\Users\메이팜소프트\.m2\repository\io\jsonwebtoken\jjwt-jackson\0.11.5\jjwt-jackson-0.11.5.jar;C:\Users\메이팜소프트\.m2\repository\com\fasterxml\jackson\core\jackson-databind\2.13.4.2\jackson-databind-2.13.4.2.jar;C:\Users\메이팜소프트\.m2\repository\com\fasterxml\jackson\core\jackson-annotations\2.13.4\jackson-annotations-2.13.4.jar;C:\Users\메이팜소프트\.m2\repository\com\fasterxml\jackson\core\jackson-core\2.13.4\jackson-core-2.13.4.jar;C:\Users\메이팜소프트\.m2\repository\org\projectlombok\lombok\1.18.24\lombok-1.18.24.jar;C:\Users\메이팜소프트\.m2\repository\org\springframework\restdocs\spring-restdocs-mockmvc\2.0.6.RELEASE\spring-restdocs-mockmvc-2.0.6.RELEASE.jar;C:\Users\메이팜소프트\.m2\repository\org\springframework\restdocs\spring-restdocs-core\2.0.6.RELEASE\spring-restdocs-core-2.0.6.RELEASE.jar;C:\Users\메이팜소프트\.m2\repository\org\springframework\spring-test\5.3.23\spring-test-5.3.23.jar;C:\Users\메이팜소프트\.m2\repository\javax\servlet\javax.servlet-api\4.0.1\javax.servlet-api-4.0.1.jar;C:\Users\메이팜소프트\.m2\repository\org\springframework\boot\spring-boot-starter-test\2.7.5\spring-boot-starter-test-2.7.5.jar;C:\Users\메이팜소프트\.m2\repository\org\springframework\boot\spring-boot-test\2.7.5\spring-boot-test-2.7.5.jar;C:\Users\메이팜소프트\.m2\repository\org\springframework\boot\spring-boot-test-autoconfigure\2.7.5\spring-boot-test-autoconfigure-2.7.5.jar;C:\Users\메이팜소프트\.m2\repository\com\jayway\jsonpath\json-path\2.7.0\json-path-2.7.0.jar;C:\Users\메이팜소프트\.m2\repository\net\minidev\json-smart\2.4.8\json-smart-2.4.8.jar;C:\Users\메이팜소프트\.m2\repository\net\minidev\accessors-smart\2.4.8\accessors-smart-2.4.8.jar;C:\Users\메이팜소프트\.m2\repository\org\ow2\asm\asm\9.1\asm-9.1.jar;C:\Users\메이팜소프트\.m2\repository\org\slf4j\slf4j-api\1.7.36\slf4j-api-1.7.36.jar;C:\Users\메이팜소프트\.m2\repository\jakarta\xml\bind\jakarta.xml.bind-api\2.3.3\jakarta.xml.bind-api-2.3.3.jar;C:\Users\메이팜소프트\.m2\repository\jakarta\activation\jakarta.activation-api\1.2.2\jakarta.activation-api-1.2.2.jar;C:\Users\메이팜소프트\.m2\repository\org\assertj\assertj-core\3.22.0\assertj-core-3.22.0.jar;C:\Users\메이팜소프트\.m2\repository\org\hamcrest\hamcrest\2.2\hamcrest-2.2.jar;C:\Users\메이팜소프트\.m2\repository\org\junit\jupiter\junit-jupiter\5.8.2\junit-jupiter-5.8.2.jar;C:\Users\메이팜소프트\.m2\repository\org\junit\jupiter\junit-jupiter-api\5.8.2\junit-jupiter-api-5.8.2.jar;C:\Users\메이팜소프트\.m2\repository\org\opentest4j\opentest4j\1.2.0\opentest4j-1.2.0.jar;C:\Users\메이팜소프트\.m2\repository\org\junit\platform\junit-platform-commons\1.8.2\junit-platform-commons-1.8.2.jar;C:\Users\메이팜소프트\.m2\repository\org\apiguardian\apiguardian-api\1.1.2\apiguardian-api-1.1.2.jar;C:\Users\메이팜소프트\.m2\repository\org\junit\jupiter\junit-jupiter-params\5.8.2\junit-jupiter-params-5.8.2.jar;C:\Users\메이팜소프트\.m2\repository\org\junit\jupiter\junit-jupiter-engine\5.8.2\junit-jupiter-engine-5.8.2.jar;C:\Users\메이팜소프트\.m2\repository\org\junit\platform\junit-platform-engine\1.8.2\junit-platform-engine-1.8.2.jar;C:\Users\메이팜소프트\.m2\repository\org\mockito\mockito-core\4.5.1\mockito-core-4.5.1.jar;C:\Users\메이팜소프트\.m2\repository\net\bytebuddy\byte-buddy\1.12.18\byte-buddy-1.12.18.jar;C:\Users\메이팜소프트\.m2\repository\net\bytebuddy\byte-buddy-agent\1.12.18\byte-buddy-agent-1.12.18.jar;C:\Users\메이팜소프트\.m2\repository\org\objenesis\objenesis\3.2\objenesis-3.2.jar;C:\Users\메이팜소프트\.m2\repository\org\mockito\mockito-junit-jupiter\4.5.1\mockito-junit-jupiter-4.5.1.jar;C:\Users\메이팜소프트\.m2\repository\org\skyscreamer\jsonassert\1.5.1\jsonassert-1.5.1.jar;C:\Users\메이팜소프트\.m2\repository\com\vaadin\external\google\android-json\0.0.20131108.vaadin1\android-json-0.0.20131108.vaadin1.jar;C:\Users\메이팜소프트\.m2\repository\org\springframework\spring-core\5.3.23\spring-core-5.3.23.jar;C:\Users\메이팜소프트\.m2\repository\org\springframework\spring-jcl\5.3.23\spring-jcl-5.3.23.jar;C:\Users\메이팜소프트\.m2\repository\org\xmlunit\xmlunit-core\2.9.0\xmlunit-core-2.9.0.jar;C:\Users\메이팜소프트\.m2\repository\org\springframework\security\spring-security-test\5.7.4\spring-security-test-5.7.4.jar;C:\Users\메이팜소프트\.m2\repository\org\springframework\security\spring-security-core\5.7.4\spring-security-core-5.7.4.jar;C:\Users\메이팜소프트\.m2\repository\org\springframework\security\spring-security-crypto\5.7.4\spring-security-crypto-5.7.4.jar;C:\Users\메이팜소프트\.m2\repository\org\springframework\boot\spring-boot-starter-aop\2.7.5\spring-boot-starter-aop-2.7.5.jar;C:\Users\메이팜소프트\.m2\repository\org\aspectj\aspectjweaver\1.9.7\aspectjweaver-1.9.7.jar;"/>
    <property name="sun.cpu.endian" value="little"/>
    <property name="user.home" value="C:\Users\메이팜소프트"/>
    <property name="user.language" value="ko"/>
    <property name="java.specification.vendor" value="Oracle Corporation"/>
    <property name="java.version.date" value="2024-07-16"/>
    <property name="java.home" value="C:\Program Files\Java\jdk-17"/>
    <property name="file.separator" value="\"/>
    <property name="basedir" value="C:\Users\sunbee\ojtProject\BackBoard"/>
    <property name="java.vm.compressedOopsMode" value="Zero based"/>
    <property name="line.separator" value="&#10;"/>
    <property name="java.vm.specification.vendor" value="Oracle Corporation"/>
    <property name="java.specification.name" value="Java Platform API Specification"/>
    <property name="surefire.real.class.path" value="C:\Users\메이팜~1\AppData\Local\Temp\surefire341940360964783331\surefirebooter7722364402490782010.jar"/>
    <property name="user.script" value=""/>
    <property name="sun.management.compiler" value="HotSpot 64-Bit Tiered Compilers"/>
    <property name="java.runtime.version" value="17.0.12+8-LTS-286"/>
    <property name="user.name" value="메이팜소프트"/>
    <property name="path.separator" value=";"/>
    <property name="os.version" value="10.0"/>
    <property name="java.runtime.name" value="Java(TM) SE Runtime Environment"/>
    <property name="file.encoding" value="MS949"/>
    <property name="java.vm.name" value="Java HotSpot(TM) 64-Bit Server VM"/>
    <property name="localRepository" value="C:\Users\메이팜소프트\.m2\repository"/>
    <property name="java.vendor.url.bug" value="https://bugreport.java.com/bugreport/"/>
    <property name="java.io.tmpdir" value="C:\Users\메이팜~1\AppData\Local\Temp\"/>
    <property name="java.version" value="17.0.12"/>
    <property name="user.dir" value="C:\Users\sunbee\ojtProject\BackBoard"/>
    <property name="os.arch" value="amd64"/>
    <property name="java.vm.specification.name" value="Java Virtual Machine Specification"/>
    <property name="sun.os.patch.level" value=""/>
    <property name="native.encoding" value="MS949"/>
    <property name="java.library.path" value="C:\Program Files\Java\jdk-17\bin;C:\WINDOWS\Sun\Java\bin;C:\WINDOWS\system32;C:\WINDOWS;C:\WINDOWS\system32;C:\WINDOWS;C:\WINDOWS\System32\Wbem;C:\WINDOWS\System32\WindowsPowerShell\v1.0\;C:\WINDOWS\System32\OpenSSH\;C:\Program Files\Git\cmd;C:\Program Files\Java\jdk-17\bin;C:\Program Files\Apache\Maven\apache-maven-3.9.9\bin;C:\Users\메이팜소프트\AppData\Local\Microsoft\WindowsApps;C:\Users\메이팜소프트\AppData\Local\Programs\Microsoft VS Code\bin;."/>
    <property name="java.vm.info" value="mixed mode, sharing"/>
    <property name="java.vendor" value="Oracle Corporation"/>
    <property name="java.vm.version" value="17.0.12+8-LTS-286"/>
    <property name="sun.io.unicode.encoding" value="UnicodeLittle"/>
    <property name="java.class.version" value="61.0"/>
  </properties>
  <testcase name="loginTest" classname="com.example.board.controller.UserControllerTest" time="0.137"/>
  <testcase name="signUpTest" classname="com.example.board.controller.UserControllerTest" time="0.023"/>
  <testcase name="loginFailTest_dueToInvalidCredentials" classname="com.example.board.controller.UserControllerTest" time="0.038"/>
  <testcase name="updateTest" classname="com.example.board.controller.UserControllerTest" time="0.023">
    <error message="Request processing failed; nested exception is java.lang.NullPointerException: Cannot invoke &quot;com.example.board.common.dto.JwtUserInfo.getEmail()&quot; because &quot;userInfo&quot; is null" type="org.springframework.web.util.NestedServletException">org.springframework.web.util.NestedServletException: Request processing failed; nested exception is java.lang.NullPointerException: Cannot invoke "com.example.board.common.dto.JwtUserInfo.getEmail()" because "userInfo" is null
	at com.example.board.controller.UserControllerTest.updateTest(UserControllerTest.java:171)
Caused by: java.lang.NullPointerException: Cannot invoke "com.example.board.common.dto.JwtUserInfo.getEmail()" because "userInfo" is null
	at com.example.board.controller.UserControllerTest.updateTest(UserControllerTest.java:171)
</error>
    <system-out><![CDATA[2025-04-11 10:22:20.846 [main] DEBUG o.s.t.c.c.DefaultCacheAwareContextLoaderDelegate - Retrieved ApplicationContext [1502502072] from cache with key [[WebMergedContextConfiguration@405603b6 testClass = UserControllerTest, locations = '{}', classes = '{class com.example.board.BoardApplication}', contextInitializerClasses = '[]', activeProfiles = '{}', propertySourceLocations = '{}', propertySourceProperties = '{org.springframework.boot.test.context.SpringBootTestContextBootstrapper=true}', contextCustomizers = set[[ImportsContextCustomizer@3c3cd13a key = [@org.springframework.boot.test.autoconfigure.web.servlet.AutoConfigureMockMvc(webDriverEnabled=true, print=DEFAULT, webClientEnabled=true, printOnlyOnFailure=true, addFilters=true), @org.springframework.security.test.context.support.WithSecurityContext(setupBefore=TEST_METHOD, factory=org.springframework.security.test.context.support.WithMockUserSecurityContextFactory.class), @org.springframework.boot.autoconfigure.ImportAutoConfiguration(value={}, exclude={}, classes={}), @org.springframework.security.test.context.support.WithMockUser(password="password", value="user", authorities={}, setupBefore=TEST_METHOD, roles={"USER"}, username=""), @org.springframework.context.annotation.Import({com.example.board.exception.GlobalExceptionHandler.class}), @org.springframework.boot.test.autoconfigure.restdocs.AutoConfigureRestDocs(uriScheme="http", outputDir="", uriPort=8080, value="", uriHost="localhost"), @org.springframework.context.annotation.Import({org.springframework.boot.autoconfigure.ImportAutoConfigurationImportSelector.class}), @org.springframework.boot.test.autoconfigure.properties.PropertyMapping(value="spring.test.mockmvc", skip=NO), @org.springframework.boot.test.context.SpringBootTest(args={}, webEnvironment=MOCK, value={}, properties={}, classes={}), @org.springframework.test.context.BootstrapWith(org.springframework.boot.test.context.SpringBootTestContextBootstrapper.class), @org.springframework.boot.test.autoconfigure.properties.PropertyMapping(value="spring.test.restdocs", skip=NO), @org.springframework.context.annotation.Import({org.springframework.boot.test.autoconfigure.restdocs.RestDocumentationContextProviderRegistrar.class})]], org.springframework.boot.test.context.filter.ExcludeFilterContextCustomizer@37d4349f, org.springframework.boot.test.json.DuplicateJsonObjectContextCustomizerFactory$DuplicateJsonObjectContextCustomizer@2ea41516, org.springframework.boot.test.mock.mockito.MockitoContextCustomizer@7040d43d, org.springframework.boot.test.web.client.TestRestTemplateContextCustomizer@290222c1, org.springframework.boot.test.autoconfigure.actuate.metrics.MetricsExportContextCustomizerFactory$DisableMetricExportContextCustomizer@61001b64, org.springframework.boot.test.autoconfigure.properties.PropertyMappingContextCustomizer@63da79bb, org.springframework.boot.test.autoconfigure.web.servlet.WebDriverContextCustomizerFactory$Customizer@272113c4, org.springframework.boot.test.context.SpringBootTestArgs@1, org.springframework.boot.test.context.SpringBootTestWebEnvironment@2a556333], resourceBasePath = 'src/main/webapp', contextLoader = 'org.springframework.boot.test.context.SpringBootContextLoader', parent = [null]]]
2025-04-11 10:22:20.846 [main] DEBUG o.springframework.test.context.cache - Spring test ApplicationContext cache statistics: [DefaultContextCache@3866c96e size = 2, maxSize = 32, parentContextCount = 0, hitCount = 62, missCount = 2]
2025-04-11 10:22:20.846 [main] DEBUG o.s.t.c.w.ServletTestExecutionListener - Setting up MockHttpServletRequest, MockHttpServletResponse, ServletWebRequest, and RequestContextHolder for test context [DefaultTestContext@163df259 testClass = UserControllerTest, testInstance = com.example.board.controller.UserControllerTest@a11efe6, testMethod = [null], testException = [null], mergedContextConfiguration = [WebMergedContextConfiguration@405603b6 testClass = UserControllerTest, locations = '{}', classes = '{class com.example.board.BoardApplication}', contextInitializerClasses = '[]', activeProfiles = '{}', propertySourceLocations = '{}', propertySourceProperties = '{org.springframework.boot.test.context.SpringBootTestContextBootstrapper=true}', contextCustomizers = set[[ImportsContextCustomizer@3c3cd13a key = [@org.springframework.boot.test.autoconfigure.web.servlet.AutoConfigureMockMvc(webDriverEnabled=true, print=DEFAULT, webClientEnabled=true, printOnlyOnFailure=true, addFilters=true), @org.springframework.security.test.context.support.WithSecurityContext(setupBefore=TEST_METHOD, factory=org.springframework.security.test.context.support.WithMockUserSecurityContextFactory.class), @org.springframework.boot.autoconfigure.ImportAutoConfiguration(value={}, exclude={}, classes={}), @org.springframework.security.test.context.support.WithMockUser(password="password", value="user", authorities={}, setupBefore=TEST_METHOD, roles={"USER"}, username=""), @org.springframework.context.annotation.Import({com.example.board.exception.GlobalExceptionHandler.class}), @org.springframework.boot.test.autoconfigure.restdocs.AutoConfigureRestDocs(uriScheme="http", outputDir="", uriPort=8080, value="", uriHost="localhost"), @org.springframework.context.annotation.Import({org.springframework.boot.autoconfigure.ImportAutoConfigurationImportSelector.class}), @org.springframework.boot.test.autoconfigure.properties.PropertyMapping(value="spring.test.mockmvc", skip=NO), @org.springframework.boot.test.context.SpringBootTest(args={}, webEnvironment=MOCK, value={}, properties={}, classes={}), @org.springframework.test.context.BootstrapWith(org.springframework.boot.test.context.SpringBootTestContextBootstrapper.class), @org.springframework.boot.test.autoconfigure.properties.PropertyMapping(value="spring.test.restdocs", skip=NO), @org.springframework.context.annotation.Import({org.springframework.boot.test.autoconfigure.restdocs.RestDocumentationContextProviderRegistrar.class})]], org.springframework.boot.test.context.filter.ExcludeFilterContextCustomizer@37d4349f, org.springframework.boot.test.json.DuplicateJsonObjectContextCustomizerFactory$DuplicateJsonObjectContextCustomizer@2ea41516, org.springframework.boot.test.mock.mockito.MockitoContextCustomizer@7040d43d, org.springframework.boot.test.web.client.TestRestTemplateContextCustomizer@290222c1, org.springframework.boot.test.autoconfigure.actuate.metrics.MetricsExportContextCustomizerFactory$DisableMetricExportContextCustomizer@61001b64, org.springframework.boot.test.autoconfigure.properties.PropertyMappingContextCustomizer@63da79bb, org.springframework.boot.test.autoconfigure.web.servlet.WebDriverContextCustomizerFactory$Customizer@272113c4, org.springframework.boot.test.context.SpringBootTestArgs@1, org.springframework.boot.test.context.SpringBootTestWebEnvironment@2a556333], resourceBasePath = 'src/main/webapp', contextLoader = 'org.springframework.boot.test.context.SpringBootContextLoader', parent = [null]], attributes = map['org.springframework.test.context.web.ServletTestExecutionListener.activateListener' -> true, 'org.springframework.test.context.event.ApplicationEventsTestExecutionListener.recordApplicationEvents' -> false, 'org.springframework.test.context.support.DependencyInjectionTestExecutionListener.reinjectDependencies' -> true]].
2025-04-11 10:22:20.847 [main] DEBUG o.s.t.c.c.DefaultCacheAwareContextLoaderDelegate - Retrieved ApplicationContext [1502502072] from cache with key [[WebMergedContextConfiguration@405603b6 testClass = UserControllerTest, locations = '{}', classes = '{class com.example.board.BoardApplication}', contextInitializerClasses = '[]', activeProfiles = '{}', propertySourceLocations = '{}', propertySourceProperties = '{org.springframework.boot.test.context.SpringBootTestContextBootstrapper=true}', contextCustomizers = set[[ImportsContextCustomizer@3c3cd13a key = [@org.springframework.boot.test.autoconfigure.web.servlet.AutoConfigureMockMvc(webDriverEnabled=true, print=DEFAULT, webClientEnabled=true, printOnlyOnFailure=true, addFilters=true), @org.springframework.security.test.context.support.WithSecurityContext(setupBefore=TEST_METHOD, factory=org.springframework.security.test.context.support.WithMockUserSecurityContextFactory.class), @org.springframework.boot.autoconfigure.ImportAutoConfiguration(value={}, exclude={}, classes={}), @org.springframework.security.test.context.support.WithMockUser(password="password", value="user", authorities={}, setupBefore=TEST_METHOD, roles={"USER"}, username=""), @org.springframework.context.annotation.Import({com.example.board.exception.GlobalExceptionHandler.class}), @org.springframework.boot.test.autoconfigure.restdocs.AutoConfigureRestDocs(uriScheme="http", outputDir="", uriPort=8080, value="", uriHost="localhost"), @org.springframework.context.annotation.Import({org.springframework.boot.autoconfigure.ImportAutoConfigurationImportSelector.class}), @org.springframework.boot.test.autoconfigure.properties.PropertyMapping(value="spring.test.mockmvc", skip=NO), @org.springframework.boot.test.context.SpringBootTest(args={}, webEnvironment=MOCK, value={}, properties={}, classes={}), @org.springframework.test.context.BootstrapWith(org.springframework.boot.test.context.SpringBootTestContextBootstrapper.class), @org.springframework.boot.test.autoconfigure.properties.PropertyMapping(value="spring.test.restdocs", skip=NO), @org.springframework.context.annotation.Import({org.springframework.boot.test.autoconfigure.restdocs.RestDocumentationContextProviderRegistrar.class})]], org.springframework.boot.test.context.filter.ExcludeFilterContextCustomizer@37d4349f, org.springframework.boot.test.json.DuplicateJsonObjectContextCustomizerFactory$DuplicateJsonObjectContextCustomizer@2ea41516, org.springframework.boot.test.mock.mockito.MockitoContextCustomizer@7040d43d, org.springframework.boot.test.web.client.TestRestTemplateContextCustomizer@290222c1, org.springframework.boot.test.autoconfigure.actuate.metrics.MetricsExportContextCustomizerFactory$DisableMetricExportContextCustomizer@61001b64, org.springframework.boot.test.autoconfigure.properties.PropertyMappingContextCustomizer@63da79bb, org.springframework.boot.test.autoconfigure.web.servlet.WebDriverContextCustomizerFactory$Customizer@272113c4, org.springframework.boot.test.context.SpringBootTestArgs@1, org.springframework.boot.test.context.SpringBootTestWebEnvironment@2a556333], resourceBasePath = 'src/main/webapp', contextLoader = 'org.springframework.boot.test.context.SpringBootContextLoader', parent = [null]]]
2025-04-11 10:22:20.847 [main] DEBUG o.springframework.test.context.cache - Spring test ApplicationContext cache statistics: [DefaultContextCache@3866c96e size = 2, maxSize = 32, parentContextCount = 0, hitCount = 63, missCount = 2]
2025-04-11 10:22:20.847 [main] DEBUG o.s.t.c.s.DependencyInjectionTestExecutionListener - Performing dependency injection for test context [[DefaultTestContext@163df259 testClass = UserControllerTest, testInstance = com.example.board.controller.UserControllerTest@a11efe6, testMethod = [null], testException = [null], mergedContextConfiguration = [WebMergedContextConfiguration@405603b6 testClass = UserControllerTest, locations = '{}', classes = '{class com.example.board.BoardApplication}', contextInitializerClasses = '[]', activeProfiles = '{}', propertySourceLocations = '{}', propertySourceProperties = '{org.springframework.boot.test.context.SpringBootTestContextBootstrapper=true}', contextCustomizers = set[[ImportsContextCustomizer@3c3cd13a key = [@org.springframework.boot.test.autoconfigure.web.servlet.AutoConfigureMockMvc(webDriverEnabled=true, print=DEFAULT, webClientEnabled=true, printOnlyOnFailure=true, addFilters=true), @org.springframework.security.test.context.support.WithSecurityContext(setupBefore=TEST_METHOD, factory=org.springframework.security.test.context.support.WithMockUserSecurityContextFactory.class), @org.springframework.boot.autoconfigure.ImportAutoConfiguration(value={}, exclude={}, classes={}), @org.springframework.security.test.context.support.WithMockUser(password="password", value="user", authorities={}, setupBefore=TEST_METHOD, roles={"USER"}, username=""), @org.springframework.context.annotation.Import({com.example.board.exception.GlobalExceptionHandler.class}), @org.springframework.boot.test.autoconfigure.restdocs.AutoConfigureRestDocs(uriScheme="http", outputDir="", uriPort=8080, value="", uriHost="localhost"), @org.springframework.context.annotation.Import({org.springframework.boot.autoconfigure.ImportAutoConfigurationImportSelector.class}), @org.springframework.boot.test.autoconfigure.properties.PropertyMapping(value="spring.test.mockmvc", skip=NO), @org.springframework.boot.test.context.SpringBootTest(args={}, webEnvironment=MOCK, value={}, properties={}, classes={}), @org.springframework.test.context.BootstrapWith(org.springframework.boot.test.context.SpringBootTestContextBootstrapper.class), @org.springframework.boot.test.autoconfigure.properties.PropertyMapping(value="spring.test.restdocs", skip=NO), @org.springframework.context.annotation.Import({org.springframework.boot.test.autoconfigure.restdocs.RestDocumentationContextProviderRegistrar.class})]], org.springframework.boot.test.context.filter.ExcludeFilterContextCustomizer@37d4349f, org.springframework.boot.test.json.DuplicateJsonObjectContextCustomizerFactory$DuplicateJsonObjectContextCustomizer@2ea41516, org.springframework.boot.test.mock.mockito.MockitoContextCustomizer@7040d43d, org.springframework.boot.test.web.client.TestRestTemplateContextCustomizer@290222c1, org.springframework.boot.test.autoconfigure.actuate.metrics.MetricsExportContextCustomizerFactory$DisableMetricExportContextCustomizer@61001b64, org.springframework.boot.test.autoconfigure.properties.PropertyMappingContextCustomizer@63da79bb, org.springframework.boot.test.autoconfigure.web.servlet.WebDriverContextCustomizerFactory$Customizer@272113c4, org.springframework.boot.test.context.SpringBootTestArgs@1, org.springframework.boot.test.context.SpringBootTestWebEnvironment@2a556333], resourceBasePath = 'src/main/webapp', contextLoader = 'org.springframework.boot.test.context.SpringBootContextLoader', parent = [null]], attributes = map['org.springframework.test.context.web.ServletTestExecutionListener.activateListener' -> true, 'org.springframework.test.context.web.ServletTestExecutionListener.populatedRequestContextHolder' -> true, 'org.springframework.test.context.web.ServletTestExecutionListener.resetRequestContextHolder' -> true, 'org.springframework.test.context.event.ApplicationEventsTestExecutionListener.recordApplicationEvents' -> false, 'org.springframework.test.context.support.DependencyInjectionTestExecutionListener.reinjectDependencies' -> true]]].
2025-04-11 10:22:20.847 [main] DEBUG o.s.t.c.c.DefaultCacheAwareContextLoaderDelegate - Retrieved ApplicationContext [1502502072] from cache with key [[WebMergedContextConfiguration@405603b6 testClass = UserControllerTest, locations = '{}', classes = '{class com.example.board.BoardApplication}', contextInitializerClasses = '[]', activeProfiles = '{}', propertySourceLocations = '{}', propertySourceProperties = '{org.springframework.boot.test.context.SpringBootTestContextBootstrapper=true}', contextCustomizers = set[[ImportsContextCustomizer@3c3cd13a key = [@org.springframework.boot.test.autoconfigure.web.servlet.AutoConfigureMockMvc(webDriverEnabled=true, print=DEFAULT, webClientEnabled=true, printOnlyOnFailure=true, addFilters=true), @org.springframework.security.test.context.support.WithSecurityContext(setupBefore=TEST_METHOD, factory=org.springframework.security.test.context.support.WithMockUserSecurityContextFactory.class), @org.springframework.boot.autoconfigure.ImportAutoConfiguration(value={}, exclude={}, classes={}), @org.springframework.security.test.context.support.WithMockUser(password="password", value="user", authorities={}, setupBefore=TEST_METHOD, roles={"USER"}, username=""), @org.springframework.context.annotation.Import({com.example.board.exception.GlobalExceptionHandler.class}), @org.springframework.boot.test.autoconfigure.restdocs.AutoConfigureRestDocs(uriScheme="http", outputDir="", uriPort=8080, value="", uriHost="localhost"), @org.springframework.context.annotation.Import({org.springframework.boot.autoconfigure.ImportAutoConfigurationImportSelector.class}), @org.springframework.boot.test.autoconfigure.properties.PropertyMapping(value="spring.test.mockmvc", skip=NO), @org.springframework.boot.test.context.SpringBootTest(args={}, webEnvironment=MOCK, value={}, properties={}, classes={}), @org.springframework.test.context.BootstrapWith(org.springframework.boot.test.context.SpringBootTestContextBootstrapper.class), @org.springframework.boot.test.autoconfigure.properties.PropertyMapping(value="spring.test.restdocs", skip=NO), @org.springframework.context.annotation.Import({org.springframework.boot.test.autoconfigure.restdocs.RestDocumentationContextProviderRegistrar.class})]], org.springframework.boot.test.context.filter.ExcludeFilterContextCustomizer@37d4349f, org.springframework.boot.test.json.DuplicateJsonObjectContextCustomizerFactory$DuplicateJsonObjectContextCustomizer@2ea41516, org.springframework.boot.test.mock.mockito.MockitoContextCustomizer@7040d43d, org.springframework.boot.test.web.client.TestRestTemplateContextCustomizer@290222c1, org.springframework.boot.test.autoconfigure.actuate.metrics.MetricsExportContextCustomizerFactory$DisableMetricExportContextCustomizer@61001b64, org.springframework.boot.test.autoconfigure.properties.PropertyMappingContextCustomizer@63da79bb, org.springframework.boot.test.autoconfigure.web.servlet.WebDriverContextCustomizerFactory$Customizer@272113c4, org.springframework.boot.test.context.SpringBootTestArgs@1, org.springframework.boot.test.context.SpringBootTestWebEnvironment@2a556333], resourceBasePath = 'src/main/webapp', contextLoader = 'org.springframework.boot.test.context.SpringBootContextLoader', parent = [null]]]
2025-04-11 10:22:20.847 [main] DEBUG o.springframework.test.context.cache - Spring test ApplicationContext cache statistics: [DefaultContextCache@3866c96e size = 2, maxSize = 32, parentContextCount = 0, hitCount = 64, missCount = 2]
2025-04-11 10:22:20.847 [main] DEBUG o.s.t.c.c.DefaultCacheAwareContextLoaderDelegate - Retrieved ApplicationContext [1502502072] from cache with key [[WebMergedContextConfiguration@405603b6 testClass = UserControllerTest, locations = '{}', classes = '{class com.example.board.BoardApplication}', contextInitializerClasses = '[]', activeProfiles = '{}', propertySourceLocations = '{}', propertySourceProperties = '{org.springframework.boot.test.context.SpringBootTestContextBootstrapper=true}', contextCustomizers = set[[ImportsContextCustomizer@3c3cd13a key = [@org.springframework.boot.test.autoconfigure.web.servlet.AutoConfigureMockMvc(webDriverEnabled=true, print=DEFAULT, webClientEnabled=true, printOnlyOnFailure=true, addFilters=true), @org.springframework.security.test.context.support.WithSecurityContext(setupBefore=TEST_METHOD, factory=org.springframework.security.test.context.support.WithMockUserSecurityContextFactory.class), @org.springframework.boot.autoconfigure.ImportAutoConfiguration(value={}, exclude={}, classes={}), @org.springframework.security.test.context.support.WithMockUser(password="password", value="user", authorities={}, setupBefore=TEST_METHOD, roles={"USER"}, username=""), @org.springframework.context.annotation.Import({com.example.board.exception.GlobalExceptionHandler.class}), @org.springframework.boot.test.autoconfigure.restdocs.AutoConfigureRestDocs(uriScheme="http", outputDir="", uriPort=8080, value="", uriHost="localhost"), @org.springframework.context.annotation.Import({org.springframework.boot.autoconfigure.ImportAutoConfigurationImportSelector.class}), @org.springframework.boot.test.autoconfigure.properties.PropertyMapping(value="spring.test.mockmvc", skip=NO), @org.springframework.boot.test.context.SpringBootTest(args={}, webEnvironment=MOCK, value={}, properties={}, classes={}), @org.springframework.test.context.BootstrapWith(org.springframework.boot.test.context.SpringBootTestContextBootstrapper.class), @org.springframework.boot.test.autoconfigure.properties.PropertyMapping(value="spring.test.restdocs", skip=NO), @org.springframework.context.annotation.Import({org.springframework.boot.test.autoconfigure.restdocs.RestDocumentationContextProviderRegistrar.class})]], org.springframework.boot.test.context.filter.ExcludeFilterContextCustomizer@37d4349f, org.springframework.boot.test.json.DuplicateJsonObjectContextCustomizerFactory$DuplicateJsonObjectContextCustomizer@2ea41516, org.springframework.boot.test.mock.mockito.MockitoContextCustomizer@7040d43d, org.springframework.boot.test.web.client.TestRestTemplateContextCustomizer@290222c1, org.springframework.boot.test.autoconfigure.actuate.metrics.MetricsExportContextCustomizerFactory$DisableMetricExportContextCustomizer@61001b64, org.springframework.boot.test.autoconfigure.properties.PropertyMappingContextCustomizer@63da79bb, org.springframework.boot.test.autoconfigure.web.servlet.WebDriverContextCustomizerFactory$Customizer@272113c4, org.springframework.boot.test.context.SpringBootTestArgs@1, org.springframework.boot.test.context.SpringBootTestWebEnvironment@2a556333], resourceBasePath = 'src/main/webapp', contextLoader = 'org.springframework.boot.test.context.SpringBootContextLoader', parent = [null]]]
2025-04-11 10:22:20.847 [main] DEBUG o.springframework.test.context.cache - Spring test ApplicationContext cache statistics: [DefaultContextCache@3866c96e size = 2, maxSize = 32, parentContextCount = 0, hitCount = 65, missCount = 2]
2025-04-11 10:22:20.847 [main] DEBUG o.s.t.c.s.AbstractDirtiesContextTestExecutionListener - Before test method: context [DefaultTestContext@163df259 testClass = UserControllerTest, testInstance = com.example.board.controller.UserControllerTest@a11efe6, testMethod = updateTest@UserControllerTest, testException = [null], mergedContextConfiguration = [WebMergedContextConfiguration@405603b6 testClass = UserControllerTest, locations = '{}', classes = '{class com.example.board.BoardApplication}', contextInitializerClasses = '[]', activeProfiles = '{}', propertySourceLocations = '{}', propertySourceProperties = '{org.springframework.boot.test.context.SpringBootTestContextBootstrapper=true}', contextCustomizers = set[[ImportsContextCustomizer@3c3cd13a key = [@org.springframework.boot.test.autoconfigure.web.servlet.AutoConfigureMockMvc(webDriverEnabled=true, print=DEFAULT, webClientEnabled=true, printOnlyOnFailure=true, addFilters=true), @org.springframework.security.test.context.support.WithSecurityContext(setupBefore=TEST_METHOD, factory=org.springframework.security.test.context.support.WithMockUserSecurityContextFactory.class), @org.springframework.boot.autoconfigure.ImportAutoConfiguration(value={}, exclude={}, classes={}), @org.springframework.security.test.context.support.WithMockUser(password="password", value="user", authorities={}, setupBefore=TEST_METHOD, roles={"USER"}, username=""), @org.springframework.context.annotation.Import({com.example.board.exception.GlobalExceptionHandler.class}), @org.springframework.boot.test.autoconfigure.restdocs.AutoConfigureRestDocs(uriScheme="http", outputDir="", uriPort=8080, value="", uriHost="localhost"), @org.springframework.context.annotation.Import({org.springframework.boot.autoconfigure.ImportAutoConfigurationImportSelector.class}), @org.springframework.boot.test.autoconfigure.properties.PropertyMapping(value="spring.test.mockmvc", skip=NO), @org.springframework.boot.test.context.SpringBootTest(args={}, webEnvironment=MOCK, value={}, properties={}, classes={}), @org.springframework.test.context.BootstrapWith(org.springframework.boot.test.context.SpringBootTestContextBootstrapper.class), @org.springframework.boot.test.autoconfigure.properties.PropertyMapping(value="spring.test.restdocs", skip=NO), @org.springframework.context.annotation.Import({org.springframework.boot.test.autoconfigure.restdocs.RestDocumentationContextProviderRegistrar.class})]], org.springframework.boot.test.context.filter.ExcludeFilterContextCustomizer@37d4349f, org.springframework.boot.test.json.DuplicateJsonObjectContextCustomizerFactory$DuplicateJsonObjectContextCustomizer@2ea41516, org.springframework.boot.test.mock.mockito.MockitoContextCustomizer@7040d43d, org.springframework.boot.test.web.client.TestRestTemplateContextCustomizer@290222c1, org.springframework.boot.test.autoconfigure.actuate.metrics.MetricsExportContextCustomizerFactory$DisableMetricExportContextCustomizer@61001b64, org.springframework.boot.test.autoconfigure.properties.PropertyMappingContextCustomizer@63da79bb, org.springframework.boot.test.autoconfigure.web.servlet.WebDriverContextCustomizerFactory$Customizer@272113c4, org.springframework.boot.test.context.SpringBootTestArgs@1, org.springframework.boot.test.context.SpringBootTestWebEnvironment@2a556333], resourceBasePath = 'src/main/webapp', contextLoader = 'org.springframework.boot.test.context.SpringBootContextLoader', parent = [null]], attributes = map['org.springframework.test.context.web.ServletTestExecutionListener.activateListener' -> true, 'org.springframework.test.context.web.ServletTestExecutionListener.populatedRequestContextHolder' -> true, 'org.springframework.test.context.web.ServletTestExecutionListener.resetRequestContextHolder' -> true, 'org.springframework.test.context.event.ApplicationEventsTestExecutionListener.recordApplicationEvents' -> false]], class annotated with @DirtiesContext [false] with mode [null], method annotated with @DirtiesContext [false] with mode [null].
2025-04-11 10:22:20.848 [main] DEBUG o.s.t.c.c.DefaultCacheAwareContextLoaderDelegate - Retrieved ApplicationContext [1502502072] from cache with key [[WebMergedContextConfiguration@405603b6 testClass = UserControllerTest, locations = '{}', classes = '{class com.example.board.BoardApplication}', contextInitializerClasses = '[]', activeProfiles = '{}', propertySourceLocations = '{}', propertySourceProperties = '{org.springframework.boot.test.context.SpringBootTestContextBootstrapper=true}', contextCustomizers = set[[ImportsContextCustomizer@3c3cd13a key = [@org.springframework.boot.test.autoconfigure.web.servlet.AutoConfigureMockMvc(webDriverEnabled=true, print=DEFAULT, webClientEnabled=true, printOnlyOnFailure=true, addFilters=true), @org.springframework.security.test.context.support.WithSecurityContext(setupBefore=TEST_METHOD, factory=org.springframework.security.test.context.support.WithMockUserSecurityContextFactory.class), @org.springframework.boot.autoconfigure.ImportAutoConfiguration(value={}, exclude={}, classes={}), @org.springframework.security.test.context.support.WithMockUser(password="password", value="user", authorities={}, setupBefore=TEST_METHOD, roles={"USER"}, username=""), @org.springframework.context.annotation.Import({com.example.board.exception.GlobalExceptionHandler.class}), @org.springframework.boot.test.autoconfigure.restdocs.AutoConfigureRestDocs(uriScheme="http", outputDir="", uriPort=8080, value="", uriHost="localhost"), @org.springframework.context.annotation.Import({org.springframework.boot.autoconfigure.ImportAutoConfigurationImportSelector.class}), @org.springframework.boot.test.autoconfigure.properties.PropertyMapping(value="spring.test.mockmvc", skip=NO), @org.springframework.boot.test.context.SpringBootTest(args={}, webEnvironment=MOCK, value={}, properties={}, classes={}), @org.springframework.test.context.BootstrapWith(org.springframework.boot.test.context.SpringBootTestContextBootstrapper.class), @org.springframework.boot.test.autoconfigure.properties.PropertyMapping(value="spring.test.restdocs", skip=NO), @org.springframework.context.annotation.Import({org.springframework.boot.test.autoconfigure.restdocs.RestDocumentationContextProviderRegistrar.class})]], org.springframework.boot.test.context.filter.ExcludeFilterContextCustomizer@37d4349f, org.springframework.boot.test.json.DuplicateJsonObjectContextCustomizerFactory$DuplicateJsonObjectContextCustomizer@2ea41516, org.springframework.boot.test.mock.mockito.MockitoContextCustomizer@7040d43d, org.springframework.boot.test.web.client.TestRestTemplateContextCustomizer@290222c1, org.springframework.boot.test.autoconfigure.actuate.metrics.MetricsExportContextCustomizerFactory$DisableMetricExportContextCustomizer@61001b64, org.springframework.boot.test.autoconfigure.properties.PropertyMappingContextCustomizer@63da79bb, org.springframework.boot.test.autoconfigure.web.servlet.WebDriverContextCustomizerFactory$Customizer@272113c4, org.springframework.boot.test.context.SpringBootTestArgs@1, org.springframework.boot.test.context.SpringBootTestWebEnvironment@2a556333], resourceBasePath = 'src/main/webapp', contextLoader = 'org.springframework.boot.test.context.SpringBootContextLoader', parent = [null]]]
2025-04-11 10:22:20.848 [main] DEBUG o.springframework.test.context.cache - Spring test ApplicationContext cache statistics: [DefaultContextCache@3866c96e size = 2, maxSize = 32, parentContextCount = 0, hitCount = 66, missCount = 2]
2025-04-11 10:22:20.848 [main] DEBUG o.s.t.c.c.DefaultCacheAwareContextLoaderDelegate - Retrieved ApplicationContext [1502502072] from cache with key [[WebMergedContextConfiguration@405603b6 testClass = UserControllerTest, locations = '{}', classes = '{class com.example.board.BoardApplication}', contextInitializerClasses = '[]', activeProfiles = '{}', propertySourceLocations = '{}', propertySourceProperties = '{org.springframework.boot.test.context.SpringBootTestContextBootstrapper=true}', contextCustomizers = set[[ImportsContextCustomizer@3c3cd13a key = [@org.springframework.boot.test.autoconfigure.web.servlet.AutoConfigureMockMvc(webDriverEnabled=true, print=DEFAULT, webClientEnabled=true, printOnlyOnFailure=true, addFilters=true), @org.springframework.security.test.context.support.WithSecurityContext(setupBefore=TEST_METHOD, factory=org.springframework.security.test.context.support.WithMockUserSecurityContextFactory.class), @org.springframework.boot.autoconfigure.ImportAutoConfiguration(value={}, exclude={}, classes={}), @org.springframework.security.test.context.support.WithMockUser(password="password", value="user", authorities={}, setupBefore=TEST_METHOD, roles={"USER"}, username=""), @org.springframework.context.annotation.Import({com.example.board.exception.GlobalExceptionHandler.class}), @org.springframework.boot.test.autoconfigure.restdocs.AutoConfigureRestDocs(uriScheme="http", outputDir="", uriPort=8080, value="", uriHost="localhost"), @org.springframework.context.annotation.Import({org.springframework.boot.autoconfigure.ImportAutoConfigurationImportSelector.class}), @org.springframework.boot.test.autoconfigure.properties.PropertyMapping(value="spring.test.mockmvc", skip=NO), @org.springframework.boot.test.context.SpringBootTest(args={}, webEnvironment=MOCK, value={}, properties={}, classes={}), @org.springframework.test.context.BootstrapWith(org.springframework.boot.test.context.SpringBootTestContextBootstrapper.class), @org.springframework.boot.test.autoconfigure.properties.PropertyMapping(value="spring.test.restdocs", skip=NO), @org.springframework.context.annotation.Import({org.springframework.boot.test.autoconfigure.restdocs.RestDocumentationContextProviderRegistrar.class})]], org.springframework.boot.test.context.filter.ExcludeFilterContextCustomizer@37d4349f, org.springframework.boot.test.json.DuplicateJsonObjectContextCustomizerFactory$DuplicateJsonObjectContextCustomizer@2ea41516, org.springframework.boot.test.mock.mockito.MockitoContextCustomizer@7040d43d, org.springframework.boot.test.web.client.TestRestTemplateContextCustomizer@290222c1, org.springframework.boot.test.autoconfigure.actuate.metrics.MetricsExportContextCustomizerFactory$DisableMetricExportContextCustomizer@61001b64, org.springframework.boot.test.autoconfigure.properties.PropertyMappingContextCustomizer@63da79bb, org.springframework.boot.test.autoconfigure.web.servlet.WebDriverContextCustomizerFactory$Customizer@272113c4, org.springframework.boot.test.context.SpringBootTestArgs@1, org.springframework.boot.test.context.SpringBootTestWebEnvironment@2a556333], resourceBasePath = 'src/main/webapp', contextLoader = 'org.springframework.boot.test.context.SpringBootContextLoader', parent = [null]]]
2025-04-11 10:22:20.848 [main] DEBUG o.springframework.test.context.cache - Spring test ApplicationContext cache statistics: [DefaultContextCache@3866c96e size = 2, maxSize = 32, parentContextCount = 0, hitCount = 67, missCount = 2]
2025-04-11 10:22:20.848 [main] DEBUG o.s.t.c.c.DefaultCacheAwareContextLoaderDelegate - Retrieved ApplicationContext [1502502072] from cache with key [[WebMergedContextConfiguration@405603b6 testClass = UserControllerTest, locations = '{}', classes = '{class com.example.board.BoardApplication}', contextInitializerClasses = '[]', activeProfiles = '{}', propertySourceLocations = '{}', propertySourceProperties = '{org.springframework.boot.test.context.SpringBootTestContextBootstrapper=true}', contextCustomizers = set[[ImportsContextCustomizer@3c3cd13a key = [@org.springframework.boot.test.autoconfigure.web.servlet.AutoConfigureMockMvc(webDriverEnabled=true, print=DEFAULT, webClientEnabled=true, printOnlyOnFailure=true, addFilters=true), @org.springframework.security.test.context.support.WithSecurityContext(setupBefore=TEST_METHOD, factory=org.springframework.security.test.context.support.WithMockUserSecurityContextFactory.class), @org.springframework.boot.autoconfigure.ImportAutoConfiguration(value={}, exclude={}, classes={}), @org.springframework.security.test.context.support.WithMockUser(password="password", value="user", authorities={}, setupBefore=TEST_METHOD, roles={"USER"}, username=""), @org.springframework.context.annotation.Import({com.example.board.exception.GlobalExceptionHandler.class}), @org.springframework.boot.test.autoconfigure.restdocs.AutoConfigureRestDocs(uriScheme="http", outputDir="", uriPort=8080, value="", uriHost="localhost"), @org.springframework.context.annotation.Import({org.springframework.boot.autoconfigure.ImportAutoConfigurationImportSelector.class}), @org.springframework.boot.test.autoconfigure.properties.PropertyMapping(value="spring.test.mockmvc", skip=NO), @org.springframework.boot.test.context.SpringBootTest(args={}, webEnvironment=MOCK, value={}, properties={}, classes={}), @org.springframework.test.context.BootstrapWith(org.springframework.boot.test.context.SpringBootTestContextBootstrapper.class), @org.springframework.boot.test.autoconfigure.properties.PropertyMapping(value="spring.test.restdocs", skip=NO), @org.springframework.context.annotation.Import({org.springframework.boot.test.autoconfigure.restdocs.RestDocumentationContextProviderRegistrar.class})]], org.springframework.boot.test.context.filter.ExcludeFilterContextCustomizer@37d4349f, org.springframework.boot.test.json.DuplicateJsonObjectContextCustomizerFactory$DuplicateJsonObjectContextCustomizer@2ea41516, org.springframework.boot.test.mock.mockito.MockitoContextCustomizer@7040d43d, org.springframework.boot.test.web.client.TestRestTemplateContextCustomizer@290222c1, org.springframework.boot.test.autoconfigure.actuate.metrics.MetricsExportContextCustomizerFactory$DisableMetricExportContextCustomizer@61001b64, org.springframework.boot.test.autoconfigure.properties.PropertyMappingContextCustomizer@63da79bb, org.springframework.boot.test.autoconfigure.web.servlet.WebDriverContextCustomizerFactory$Customizer@272113c4, org.springframework.boot.test.context.SpringBootTestArgs@1, org.springframework.boot.test.context.SpringBootTestWebEnvironment@2a556333], resourceBasePath = 'src/main/webapp', contextLoader = 'org.springframework.boot.test.context.SpringBootContextLoader', parent = [null]]]
2025-04-11 10:22:20.848 [main] DEBUG o.springframework.test.context.cache - Spring test ApplicationContext cache statistics: [DefaultContextCache@3866c96e size = 2, maxSize = 32, parentContextCount = 0, hitCount = 68, missCount = 2]
2025-04-11 10:22:20.849 [main] DEBUG o.s.t.c.c.DefaultCacheAwareContextLoaderDelegate - Retrieved ApplicationContext [1502502072] from cache with key [[WebMergedContextConfiguration@405603b6 testClass = UserControllerTest, locations = '{}', classes = '{class com.example.board.BoardApplication}', contextInitializerClasses = '[]', activeProfiles = '{}', propertySourceLocations = '{}', propertySourceProperties = '{org.springframework.boot.test.context.SpringBootTestContextBootstrapper=true}', contextCustomizers = set[[ImportsContextCustomizer@3c3cd13a key = [@org.springframework.boot.test.autoconfigure.web.servlet.AutoConfigureMockMvc(webDriverEnabled=true, print=DEFAULT, webClientEnabled=true, printOnlyOnFailure=true, addFilters=true), @org.springframework.security.test.context.support.WithSecurityContext(setupBefore=TEST_METHOD, factory=org.springframework.security.test.context.support.WithMockUserSecurityContextFactory.class), @org.springframework.boot.autoconfigure.ImportAutoConfiguration(value={}, exclude={}, classes={}), @org.springframework.security.test.context.support.WithMockUser(password="password", value="user", authorities={}, setupBefore=TEST_METHOD, roles={"USER"}, username=""), @org.springframework.context.annotation.Import({com.example.board.exception.GlobalExceptionHandler.class}), @org.springframework.boot.test.autoconfigure.restdocs.AutoConfigureRestDocs(uriScheme="http", outputDir="", uriPort=8080, value="", uriHost="localhost"), @org.springframework.context.annotation.Import({org.springframework.boot.autoconfigure.ImportAutoConfigurationImportSelector.class}), @org.springframework.boot.test.autoconfigure.properties.PropertyMapping(value="spring.test.mockmvc", skip=NO), @org.springframework.boot.test.context.SpringBootTest(args={}, webEnvironment=MOCK, value={}, properties={}, classes={}), @org.springframework.test.context.BootstrapWith(org.springframework.boot.test.context.SpringBootTestContextBootstrapper.class), @org.springframework.boot.test.autoconfigure.properties.PropertyMapping(value="spring.test.restdocs", skip=NO), @org.springframework.context.annotation.Import({org.springframework.boot.test.autoconfigure.restdocs.RestDocumentationContextProviderRegistrar.class})]], org.springframework.boot.test.context.filter.ExcludeFilterContextCustomizer@37d4349f, org.springframework.boot.test.json.DuplicateJsonObjectContextCustomizerFactory$DuplicateJsonObjectContextCustomizer@2ea41516, org.springframework.boot.test.mock.mockito.MockitoContextCustomizer@7040d43d, org.springframework.boot.test.web.client.TestRestTemplateContextCustomizer@290222c1, org.springframework.boot.test.autoconfigure.actuate.metrics.MetricsExportContextCustomizerFactory$DisableMetricExportContextCustomizer@61001b64, org.springframework.boot.test.autoconfigure.properties.PropertyMappingContextCustomizer@63da79bb, org.springframework.boot.test.autoconfigure.web.servlet.WebDriverContextCustomizerFactory$Customizer@272113c4, org.springframework.boot.test.context.SpringBootTestArgs@1, org.springframework.boot.test.context.SpringBootTestWebEnvironment@2a556333], resourceBasePath = 'src/main/webapp', contextLoader = 'org.springframework.boot.test.context.SpringBootContextLoader', parent = [null]]]
2025-04-11 10:22:20.849 [main] DEBUG o.springframework.test.context.cache - Spring test ApplicationContext cache statistics: [DefaultContextCache@3866c96e size = 2, maxSize = 32, parentContextCount = 0, hitCount = 69, missCount = 2]
2025-04-11 10:22:20.849 [main] DEBUG o.s.t.c.c.DefaultCacheAwareContextLoaderDelegate - Retrieved ApplicationContext [1502502072] from cache with key [[WebMergedContextConfiguration@405603b6 testClass = UserControllerTest, locations = '{}', classes = '{class com.example.board.BoardApplication}', contextInitializerClasses = '[]', activeProfiles = '{}', propertySourceLocations = '{}', propertySourceProperties = '{org.springframework.boot.test.context.SpringBootTestContextBootstrapper=true}', contextCustomizers = set[[ImportsContextCustomizer@3c3cd13a key = [@org.springframework.boot.test.autoconfigure.web.servlet.AutoConfigureMockMvc(webDriverEnabled=true, print=DEFAULT, webClientEnabled=true, printOnlyOnFailure=true, addFilters=true), @org.springframework.security.test.context.support.WithSecurityContext(setupBefore=TEST_METHOD, factory=org.springframework.security.test.context.support.WithMockUserSecurityContextFactory.class), @org.springframework.boot.autoconfigure.ImportAutoConfiguration(value={}, exclude={}, classes={}), @org.springframework.security.test.context.support.WithMockUser(password="password", value="user", authorities={}, setupBefore=TEST_METHOD, roles={"USER"}, username=""), @org.springframework.context.annotation.Import({com.example.board.exception.GlobalExceptionHandler.class}), @org.springframework.boot.test.autoconfigure.restdocs.AutoConfigureRestDocs(uriScheme="http", outputDir="", uriPort=8080, value="", uriHost="localhost"), @org.springframework.context.annotation.Import({org.springframework.boot.autoconfigure.ImportAutoConfigurationImportSelector.class}), @org.springframework.boot.test.autoconfigure.properties.PropertyMapping(value="spring.test.mockmvc", skip=NO), @org.springframework.boot.test.context.SpringBootTest(args={}, webEnvironment=MOCK, value={}, properties={}, classes={}), @org.springframework.test.context.BootstrapWith(org.springframework.boot.test.context.SpringBootTestContextBootstrapper.class), @org.springframework.boot.test.autoconfigure.properties.PropertyMapping(value="spring.test.restdocs", skip=NO), @org.springframework.context.annotation.Import({org.springframework.boot.test.autoconfigure.restdocs.RestDocumentationContextProviderRegistrar.class})]], org.springframework.boot.test.context.filter.ExcludeFilterContextCustomizer@37d4349f, org.springframework.boot.test.json.DuplicateJsonObjectContextCustomizerFactory$DuplicateJsonObjectContextCustomizer@2ea41516, org.springframework.boot.test.mock.mockito.MockitoContextCustomizer@7040d43d, org.springframework.boot.test.web.client.TestRestTemplateContextCustomizer@290222c1, org.springframework.boot.test.autoconfigure.actuate.metrics.MetricsExportContextCustomizerFactory$DisableMetricExportContextCustomizer@61001b64, org.springframework.boot.test.autoconfigure.properties.PropertyMappingContextCustomizer@63da79bb, org.springframework.boot.test.autoconfigure.web.servlet.WebDriverContextCustomizerFactory$Customizer@272113c4, org.springframework.boot.test.context.SpringBootTestArgs@1, org.springframework.boot.test.context.SpringBootTestWebEnvironment@2a556333], resourceBasePath = 'src/main/webapp', contextLoader = 'org.springframework.boot.test.context.SpringBootContextLoader', parent = [null]]]
2025-04-11 10:22:20.849 [main] DEBUG o.springframework.test.context.cache - Spring test ApplicationContext cache statistics: [DefaultContextCache@3866c96e size = 2, maxSize = 32, parentContextCount = 0, hitCount = 70, missCount = 2]
2025-04-11 10:22:20.850 [main] DEBUG o.s.test.util.ReflectionTestUtils - Invoking method 'getFilters' on target object [FilterChainProxy[Filter Chains: [DefaultSecurityFilterChain [RequestMatcher=any request, Filters=[org.springframework.security.web.session.DisableEncodeUrlFilter@512dc0e0, org.springframework.security.web.context.request.async.WebAsyncManagerIntegrationFilter@f96654, org.springframework.security.web.context.SecurityContextPersistenceFilter@5b2c7186, org.springframework.security.web.header.HeaderWriterFilter@2bd7f686, org.springframework.security.web.authentication.logout.LogoutFilter@16c8e9b8, com.example.board.security.JwtAuthenticationFilter@75063bd0, org.springframework.security.web.savedrequest.RequestCacheAwareFilter@fcd3a6f, org.springframework.security.web.servletapi.SecurityContextHolderAwareRequestFilter@7845ee8a, org.springframework.security.web.authentication.AnonymousAuthenticationFilter@637506d8, org.springframework.security.web.session.SessionManagementFilter@3601549f, org.springframework.security.web.access.ExceptionTranslationFilter@1e6bd367, org.springframework.security.web.access.intercept.AuthorizationFilter@27d6267e]]]]] or target class [null] with arguments {org.springframework.mock.web.MockHttpServletRequest@5e6bbe63}
2025-04-11 10:22:20.850 [main] DEBUG o.s.test.util.ReflectionTestUtils - Getting field 'repo' from target object [org.springframework.security.web.context.SecurityContextPersistenceFilter@5b2c7186] or target class [class org.springframework.security.web.context.SecurityContextPersistenceFilter]
2025-04-11 10:22:20.850 [main] DEBUG o.s.security.web.FilterChainProxy - Securing PATCH /api/users/me
2025-04-11 10:22:20.850 [main] DEBUG o.s.s.w.c.SecurityContextPersistenceFilter - Set SecurityContextHolder to SecurityContextImpl [Authentication=UsernamePasswordAuthenticationToken [Principal=org.springframework.security.core.userdetails.User [Username=user, Password=[PROTECTED], Enabled=true, AccountNonExpired=true, credentialsNonExpired=true, AccountNonLocked=true, Granted Authorities=[ROLE_USER]], Credentials=[PROTECTED], Authenticated=true, Details=null, Granted Authorities=[ROLE_USER]]]
2025-04-11 10:22:20.850 [main] DEBUG o.s.security.web.FilterChainProxy - Secured PATCH /api/users/me
2025-04-11 10:22:20.850 [main] DEBUG o.s.t.w.s.TestDispatcherServlet - PATCH "/api/users/me", parameters={}
2025-04-11 10:22:20.850 [main] DEBUG o.s.w.s.m.m.a.RequestMappingHandlerMapping - Mapped to com.example.board.controller.UserController#update(JwtUserInfo, UserUpdateRequestDto)
2025-04-11 10:22:20.853 [main] DEBUG o.s.w.s.m.m.a.RequestResponseBodyMethodProcessor - Read "application/json;charset=UTF-8" to [com.example.board.domain.user.dto.UserUpdateRequestDto@453439e]
2025-04-11 10:22:20.861 [main] DEBUG o.s.t.w.s.TestDispatcherServlet - Failed to complete request: java.lang.NullPointerException: Cannot invoke "com.example.board.common.dto.JwtUserInfo.getEmail()" because "userInfo" is null
2025-04-11 10:22:20.862 [main] DEBUG o.s.s.w.c.SecurityContextPersistenceFilter - Cleared SecurityContextHolder to complete request
2025-04-11 10:22:20.863 [main] DEBUG o.s.t.c.c.DefaultCacheAwareContextLoaderDelegate - Retrieved ApplicationContext [1502502072] from cache with key [[WebMergedContextConfiguration@405603b6 testClass = UserControllerTest, locations = '{}', classes = '{class com.example.board.BoardApplication}', contextInitializerClasses = '[]', activeProfiles = '{}', propertySourceLocations = '{}', propertySourceProperties = '{org.springframework.boot.test.context.SpringBootTestContextBootstrapper=true}', contextCustomizers = set[[ImportsContextCustomizer@3c3cd13a key = [@org.springframework.boot.test.autoconfigure.web.servlet.AutoConfigureMockMvc(webDriverEnabled=true, print=DEFAULT, webClientEnabled=true, printOnlyOnFailure=true, addFilters=true), @org.springframework.security.test.context.support.WithSecurityContext(setupBefore=TEST_METHOD, factory=org.springframework.security.test.context.support.WithMockUserSecurityContextFactory.class), @org.springframework.boot.autoconfigure.ImportAutoConfiguration(value={}, exclude={}, classes={}), @org.springframework.security.test.context.support.WithMockUser(password="password", value="user", authorities={}, setupBefore=TEST_METHOD, roles={"USER"}, username=""), @org.springframework.context.annotation.Import({com.example.board.exception.GlobalExceptionHandler.class}), @org.springframework.boot.test.autoconfigure.restdocs.AutoConfigureRestDocs(uriScheme="http", outputDir="", uriPort=8080, value="", uriHost="localhost"), @org.springframework.context.annotation.Import({org.springframework.boot.autoconfigure.ImportAutoConfigurationImportSelector.class}), @org.springframework.boot.test.autoconfigure.properties.PropertyMapping(value="spring.test.mockmvc", skip=NO), @org.springframework.boot.test.context.SpringBootTest(args={}, webEnvironment=MOCK, value={}, properties={}, classes={}), @org.springframework.test.context.BootstrapWith(org.springframework.boot.test.context.SpringBootTestContextBootstrapper.class), @org.springframework.boot.test.autoconfigure.properties.PropertyMapping(value="spring.test.restdocs", skip=NO), @org.springframework.context.annotation.Import({org.springframework.boot.test.autoconfigure.restdocs.RestDocumentationContextProviderRegistrar.class})]], org.springframework.boot.test.context.filter.ExcludeFilterContextCustomizer@37d4349f, org.springframework.boot.test.json.DuplicateJsonObjectContextCustomizerFactory$DuplicateJsonObjectContextCustomizer@2ea41516, org.springframework.boot.test.mock.mockito.MockitoContextCustomizer@7040d43d, org.springframework.boot.test.web.client.TestRestTemplateContextCustomizer@290222c1, org.springframework.boot.test.autoconfigure.actuate.metrics.MetricsExportContextCustomizerFactory$DisableMetricExportContextCustomizer@61001b64, org.springframework.boot.test.autoconfigure.properties.PropertyMappingContextCustomizer@63da79bb, org.springframework.boot.test.autoconfigure.web.servlet.WebDriverContextCustomizerFactory$Customizer@272113c4, org.springframework.boot.test.context.SpringBootTestArgs@1, org.springframework.boot.test.context.SpringBootTestWebEnvironment@2a556333], resourceBasePath = 'src/main/webapp', contextLoader = 'org.springframework.boot.test.context.SpringBootContextLoader', parent = [null]]]
2025-04-11 10:22:20.863 [main] DEBUG o.springframework.test.context.cache - Spring test ApplicationContext cache statistics: [DefaultContextCache@3866c96e size = 2, maxSize = 32, parentContextCount = 0, hitCount = 71, missCount = 2]
2025-04-11 10:22:20.864 [main] DEBUG o.s.t.c.c.DefaultCacheAwareContextLoaderDelegate - Retrieved ApplicationContext [1502502072] from cache with key [[WebMergedContextConfiguration@405603b6 testClass = UserControllerTest, locations = '{}', classes = '{class com.example.board.BoardApplication}', contextInitializerClasses = '[]', activeProfiles = '{}', propertySourceLocations = '{}', propertySourceProperties = '{org.springframework.boot.test.context.SpringBootTestContextBootstrapper=true}', contextCustomizers = set[[ImportsContextCustomizer@3c3cd13a key = [@org.springframework.boot.test.autoconfigure.web.servlet.AutoConfigureMockMvc(webDriverEnabled=true, print=DEFAULT, webClientEnabled=true, printOnlyOnFailure=true, addFilters=true), @org.springframework.security.test.context.support.WithSecurityContext(setupBefore=TEST_METHOD, factory=org.springframework.security.test.context.support.WithMockUserSecurityContextFactory.class), @org.springframework.boot.autoconfigure.ImportAutoConfiguration(value={}, exclude={}, classes={}), @org.springframework.security.test.context.support.WithMockUser(password="password", value="user", authorities={}, setupBefore=TEST_METHOD, roles={"USER"}, username=""), @org.springframework.context.annotation.Import({com.example.board.exception.GlobalExceptionHandler.class}), @org.springframework.boot.test.autoconfigure.restdocs.AutoConfigureRestDocs(uriScheme="http", outputDir="", uriPort=8080, value="", uriHost="localhost"), @org.springframework.context.annotation.Import({org.springframework.boot.autoconfigure.ImportAutoConfigurationImportSelector.class}), @org.springframework.boot.test.autoconfigure.properties.PropertyMapping(value="spring.test.mockmvc", skip=NO), @org.springframework.boot.test.context.SpringBootTest(args={}, webEnvironment=MOCK, value={}, properties={}, classes={}), @org.springframework.test.context.BootstrapWith(org.springframework.boot.test.context.SpringBootTestContextBootstrapper.class), @org.springframework.boot.test.autoconfigure.properties.PropertyMapping(value="spring.test.restdocs", skip=NO), @org.springframework.context.annotation.Import({org.springframework.boot.test.autoconfigure.restdocs.RestDocumentationContextProviderRegistrar.class})]], org.springframework.boot.test.context.filter.ExcludeFilterContextCustomizer@37d4349f, org.springframework.boot.test.json.DuplicateJsonObjectContextCustomizerFactory$DuplicateJsonObjectContextCustomizer@2ea41516, org.springframework.boot.test.mock.mockito.MockitoContextCustomizer@7040d43d, org.springframework.boot.test.web.client.TestRestTemplateContextCustomizer@290222c1, org.springframework.boot.test.autoconfigure.actuate.metrics.MetricsExportContextCustomizerFactory$DisableMetricExportContextCustomizer@61001b64, org.springframework.boot.test.autoconfigure.properties.PropertyMappingContextCustomizer@63da79bb, org.springframework.boot.test.autoconfigure.web.servlet.WebDriverContextCustomizerFactory$Customizer@272113c4, org.springframework.boot.test.context.SpringBootTestArgs@1, org.springframework.boot.test.context.SpringBootTestWebEnvironment@2a556333], resourceBasePath = 'src/main/webapp', contextLoader = 'org.springframework.boot.test.context.SpringBootContextLoader', parent = [null]]]
2025-04-11 10:22:20.864 [main] DEBUG o.springframework.test.context.cache - Spring test ApplicationContext cache statistics: [DefaultContextCache@3866c96e size = 2, maxSize = 32, parentContextCount = 0, hitCount = 72, missCount = 2]
2025-04-11 10:22:20.864 [main] DEBUG o.s.t.c.c.DefaultCacheAwareContextLoaderDelegate - Retrieved ApplicationContext [1502502072] from cache with key [[WebMergedContextConfiguration@405603b6 testClass = UserControllerTest, locations = '{}', classes = '{class com.example.board.BoardApplication}', contextInitializerClasses = '[]', activeProfiles = '{}', propertySourceLocations = '{}', propertySourceProperties = '{org.springframework.boot.test.context.SpringBootTestContextBootstrapper=true}', contextCustomizers = set[[ImportsContextCustomizer@3c3cd13a key = [@org.springframework.boot.test.autoconfigure.web.servlet.AutoConfigureMockMvc(webDriverEnabled=true, print=DEFAULT, webClientEnabled=true, printOnlyOnFailure=true, addFilters=true), @org.springframework.security.test.context.support.WithSecurityContext(setupBefore=TEST_METHOD, factory=org.springframework.security.test.context.support.WithMockUserSecurityContextFactory.class), @org.springframework.boot.autoconfigure.ImportAutoConfiguration(value={}, exclude={}, classes={}), @org.springframework.security.test.context.support.WithMockUser(password="password", value="user", authorities={}, setupBefore=TEST_METHOD, roles={"USER"}, username=""), @org.springframework.context.annotation.Import({com.example.board.exception.GlobalExceptionHandler.class}), @org.springframework.boot.test.autoconfigure.restdocs.AutoConfigureRestDocs(uriScheme="http", outputDir="", uriPort=8080, value="", uriHost="localhost"), @org.springframework.context.annotation.Import({org.springframework.boot.autoconfigure.ImportAutoConfigurationImportSelector.class}), @org.springframework.boot.test.autoconfigure.properties.PropertyMapping(value="spring.test.mockmvc", skip=NO), @org.springframework.boot.test.context.SpringBootTest(args={}, webEnvironment=MOCK, value={}, properties={}, classes={}), @org.springframework.test.context.BootstrapWith(org.springframework.boot.test.context.SpringBootTestContextBootstrapper.class), @org.springframework.boot.test.autoconfigure.properties.PropertyMapping(value="spring.test.restdocs", skip=NO), @org.springframework.context.annotation.Import({org.springframework.boot.test.autoconfigure.restdocs.RestDocumentationContextProviderRegistrar.class})]], org.springframework.boot.test.context.filter.ExcludeFilterContextCustomizer@37d4349f, org.springframework.boot.test.json.DuplicateJsonObjectContextCustomizerFactory$DuplicateJsonObjectContextCustomizer@2ea41516, org.springframework.boot.test.mock.mockito.MockitoContextCustomizer@7040d43d, org.springframework.boot.test.web.client.TestRestTemplateContextCustomizer@290222c1, org.springframework.boot.test.autoconfigure.actuate.metrics.MetricsExportContextCustomizerFactory$DisableMetricExportContextCustomizer@61001b64, org.springframework.boot.test.autoconfigure.properties.PropertyMappingContextCustomizer@63da79bb, org.springframework.boot.test.autoconfigure.web.servlet.WebDriverContextCustomizerFactory$Customizer@272113c4, org.springframework.boot.test.context.SpringBootTestArgs@1, org.springframework.boot.test.context.SpringBootTestWebEnvironment@2a556333], resourceBasePath = 'src/main/webapp', contextLoader = 'org.springframework.boot.test.context.SpringBootContextLoader', parent = [null]]]
2025-04-11 10:22:20.864 [main] DEBUG o.springframework.test.context.cache - Spring test ApplicationContext cache statistics: [DefaultContextCache@3866c96e size = 2, maxSize = 32, parentContextCount = 0, hitCount = 73, missCount = 2]
2025-04-11 10:22:20.864 [main] DEBUG o.s.t.c.c.DefaultCacheAwareContextLoaderDelegate - Retrieved ApplicationContext [1502502072] from cache with key [[WebMergedContextConfiguration@405603b6 testClass = UserControllerTest, locations = '{}', classes = '{class com.example.board.BoardApplication}', contextInitializerClasses = '[]', activeProfiles = '{}', propertySourceLocations = '{}', propertySourceProperties = '{org.springframework.boot.test.context.SpringBootTestContextBootstrapper=true}', contextCustomizers = set[[ImportsContextCustomizer@3c3cd13a key = [@org.springframework.boot.test.autoconfigure.web.servlet.AutoConfigureMockMvc(webDriverEnabled=true, print=DEFAULT, webClientEnabled=true, printOnlyOnFailure=true, addFilters=true), @org.springframework.security.test.context.support.WithSecurityContext(setupBefore=TEST_METHOD, factory=org.springframework.security.test.context.support.WithMockUserSecurityContextFactory.class), @org.springframework.boot.autoconfigure.ImportAutoConfiguration(value={}, exclude={}, classes={}), @org.springframework.security.test.context.support.WithMockUser(password="password", value="user", authorities={}, setupBefore=TEST_METHOD, roles={"USER"}, username=""), @org.springframework.context.annotation.Import({com.example.board.exception.GlobalExceptionHandler.class}), @org.springframework.boot.test.autoconfigure.restdocs.AutoConfigureRestDocs(uriScheme="http", outputDir="", uriPort=8080, value="", uriHost="localhost"), @org.springframework.context.annotation.Import({org.springframework.boot.autoconfigure.ImportAutoConfigurationImportSelector.class}), @org.springframework.boot.test.autoconfigure.properties.PropertyMapping(value="spring.test.mockmvc", skip=NO), @org.springframework.boot.test.context.SpringBootTest(args={}, webEnvironment=MOCK, value={}, properties={}, classes={}), @org.springframework.test.context.BootstrapWith(org.springframework.boot.test.context.SpringBootTestContextBootstrapper.class), @org.springframework.boot.test.autoconfigure.properties.PropertyMapping(value="spring.test.restdocs", skip=NO), @org.springframework.context.annotation.Import({org.springframework.boot.test.autoconfigure.restdocs.RestDocumentationContextProviderRegistrar.class})]], org.springframework.boot.test.context.filter.ExcludeFilterContextCustomizer@37d4349f, org.springframework.boot.test.json.DuplicateJsonObjectContextCustomizerFactory$DuplicateJsonObjectContextCustomizer@2ea41516, org.springframework.boot.test.mock.mockito.MockitoContextCustomizer@7040d43d, org.springframework.boot.test.web.client.TestRestTemplateContextCustomizer@290222c1, org.springframework.boot.test.autoconfigure.actuate.metrics.MetricsExportContextCustomizerFactory$DisableMetricExportContextCustomizer@61001b64, org.springframework.boot.test.autoconfigure.properties.PropertyMappingContextCustomizer@63da79bb, org.springframework.boot.test.autoconfigure.web.servlet.WebDriverContextCustomizerFactory$Customizer@272113c4, org.springframework.boot.test.context.SpringBootTestArgs@1, org.springframework.boot.test.context.SpringBootTestWebEnvironment@2a556333], resourceBasePath = 'src/main/webapp', contextLoader = 'org.springframework.boot.test.context.SpringBootContextLoader', parent = [null]]]
2025-04-11 10:22:20.864 [main] DEBUG o.springframework.test.context.cache - Spring test ApplicationContext cache statistics: [DefaultContextCache@3866c96e size = 2, maxSize = 32, parentContextCount = 0, hitCount = 74, missCount = 2]
2025-04-11 10:22:20.865 [main] DEBUG o.s.t.c.c.DefaultCacheAwareContextLoaderDelegate - Retrieved ApplicationContext [1502502072] from cache with key [[WebMergedContextConfiguration@405603b6 testClass = UserControllerTest, locations = '{}', classes = '{class com.example.board.BoardApplication}', contextInitializerClasses = '[]', activeProfiles = '{}', propertySourceLocations = '{}', propertySourceProperties = '{org.springframework.boot.test.context.SpringBootTestContextBootstrapper=true}', contextCustomizers = set[[ImportsContextCustomizer@3c3cd13a key = [@org.springframework.boot.test.autoconfigure.web.servlet.AutoConfigureMockMvc(webDriverEnabled=true, print=DEFAULT, webClientEnabled=true, printOnlyOnFailure=true, addFilters=true), @org.springframework.security.test.context.support.WithSecurityContext(setupBefore=TEST_METHOD, factory=org.springframework.security.test.context.support.WithMockUserSecurityContextFactory.class), @org.springframework.boot.autoconfigure.ImportAutoConfiguration(value={}, exclude={}, classes={}), @org.springframework.security.test.context.support.WithMockUser(password="password", value="user", authorities={}, setupBefore=TEST_METHOD, roles={"USER"}, username=""), @org.springframework.context.annotation.Import({com.example.board.exception.GlobalExceptionHandler.class}), @org.springframework.boot.test.autoconfigure.restdocs.AutoConfigureRestDocs(uriScheme="http", outputDir="", uriPort=8080, value="", uriHost="localhost"), @org.springframework.context.annotation.Import({org.springframework.boot.autoconfigure.ImportAutoConfigurationImportSelector.class}), @org.springframework.boot.test.autoconfigure.properties.PropertyMapping(value="spring.test.mockmvc", skip=NO), @org.springframework.boot.test.context.SpringBootTest(args={}, webEnvironment=MOCK, value={}, properties={}, classes={}), @org.springframework.test.context.BootstrapWith(org.springframework.boot.test.context.SpringBootTestContextBootstrapper.class), @org.springframework.boot.test.autoconfigure.properties.PropertyMapping(value="spring.test.restdocs", skip=NO), @org.springframework.context.annotation.Import({org.springframework.boot.test.autoconfigure.restdocs.RestDocumentationContextProviderRegistrar.class})]], org.springframework.boot.test.context.filter.ExcludeFilterContextCustomizer@37d4349f, org.springframework.boot.test.json.DuplicateJsonObjectContextCustomizerFactory$DuplicateJsonObjectContextCustomizer@2ea41516, org.springframework.boot.test.mock.mockito.MockitoContextCustomizer@7040d43d, org.springframework.boot.test.web.client.TestRestTemplateContextCustomizer@290222c1, org.springframework.boot.test.autoconfigure.actuate.metrics.MetricsExportContextCustomizerFactory$DisableMetricExportContextCustomizer@61001b64, org.springframework.boot.test.autoconfigure.properties.PropertyMappingContextCustomizer@63da79bb, org.springframework.boot.test.autoconfigure.web.servlet.WebDriverContextCustomizerFactory$Customizer@272113c4, org.springframework.boot.test.context.SpringBootTestArgs@1, org.springframework.boot.test.context.SpringBootTestWebEnvironment@2a556333], resourceBasePath = 'src/main/webapp', contextLoader = 'org.springframework.boot.test.context.SpringBootContextLoader', parent = [null]]]
2025-04-11 10:22:20.865 [main] DEBUG o.springframework.test.context.cache - Spring test ApplicationContext cache statistics: [DefaultContextCache@3866c96e size = 2, maxSize = 32, parentContextCount = 0, hitCount = 75, missCount = 2]
2025-04-11 10:22:20.865 [main] DEBUG o.s.t.c.c.DefaultCacheAwareContextLoaderDelegate - Retrieved ApplicationContext [1502502072] from cache with key [[WebMergedContextConfiguration@405603b6 testClass = UserControllerTest, locations = '{}', classes = '{class com.example.board.BoardApplication}', contextInitializerClasses = '[]', activeProfiles = '{}', propertySourceLocations = '{}', propertySourceProperties = '{org.springframework.boot.test.context.SpringBootTestContextBootstrapper=true}', contextCustomizers = set[[ImportsContextCustomizer@3c3cd13a key = [@org.springframework.boot.test.autoconfigure.web.servlet.AutoConfigureMockMvc(webDriverEnabled=true, print=DEFAULT, webClientEnabled=true, printOnlyOnFailure=true, addFilters=true), @org.springframework.security.test.context.support.WithSecurityContext(setupBefore=TEST_METHOD, factory=org.springframework.security.test.context.support.WithMockUserSecurityContextFactory.class), @org.springframework.boot.autoconfigure.ImportAutoConfiguration(value={}, exclude={}, classes={}), @org.springframework.security.test.context.support.WithMockUser(password="password", value="user", authorities={}, setupBefore=TEST_METHOD, roles={"USER"}, username=""), @org.springframework.context.annotation.Import({com.example.board.exception.GlobalExceptionHandler.class}), @org.springframework.boot.test.autoconfigure.restdocs.AutoConfigureRestDocs(uriScheme="http", outputDir="", uriPort=8080, value="", uriHost="localhost"), @org.springframework.context.annotation.Import({org.springframework.boot.autoconfigure.ImportAutoConfigurationImportSelector.class}), @org.springframework.boot.test.autoconfigure.properties.PropertyMapping(value="spring.test.mockmvc", skip=NO), @org.springframework.boot.test.context.SpringBootTest(args={}, webEnvironment=MOCK, value={}, properties={}, classes={}), @org.springframework.test.context.BootstrapWith(org.springframework.boot.test.context.SpringBootTestContextBootstrapper.class), @org.springframework.boot.test.autoconfigure.properties.PropertyMapping(value="spring.test.restdocs", skip=NO), @org.springframework.context.annotation.Import({org.springframework.boot.test.autoconfigure.restdocs.RestDocumentationContextProviderRegistrar.class})]], org.springframework.boot.test.context.filter.ExcludeFilterContextCustomizer@37d4349f, org.springframework.boot.test.json.DuplicateJsonObjectContextCustomizerFactory$DuplicateJsonObjectContextCustomizer@2ea41516, org.springframework.boot.test.mock.mockito.MockitoContextCustomizer@7040d43d, org.springframework.boot.test.web.client.TestRestTemplateContextCustomizer@290222c1, org.springframework.boot.test.autoconfigure.actuate.metrics.MetricsExportContextCustomizerFactory$DisableMetricExportContextCustomizer@61001b64, org.springframework.boot.test.autoconfigure.properties.PropertyMappingContextCustomizer@63da79bb, org.springframework.boot.test.autoconfigure.web.servlet.WebDriverContextCustomizerFactory$Customizer@272113c4, org.springframework.boot.test.context.SpringBootTestArgs@1, org.springframework.boot.test.context.SpringBootTestWebEnvironment@2a556333], resourceBasePath = 'src/main/webapp', contextLoader = 'org.springframework.boot.test.context.SpringBootContextLoader', parent = [null]]]
2025-04-11 10:22:20.865 [main] DEBUG o.springframework.test.context.cache - Spring test ApplicationContext cache statistics: [DefaultContextCache@3866c96e size = 2, maxSize = 32, parentContextCount = 0, hitCount = 76, missCount = 2]
2025-04-11 10:22:20.865 [main] DEBUG o.s.t.c.c.DefaultCacheAwareContextLoaderDelegate - Retrieved ApplicationContext [1502502072] from cache with key [[WebMergedContextConfiguration@405603b6 testClass = UserControllerTest, locations = '{}', classes = '{class com.example.board.BoardApplication}', contextInitializerClasses = '[]', activeProfiles = '{}', propertySourceLocations = '{}', propertySourceProperties = '{org.springframework.boot.test.context.SpringBootTestContextBootstrapper=true}', contextCustomizers = set[[ImportsContextCustomizer@3c3cd13a key = [@org.springframework.boot.test.autoconfigure.web.servlet.AutoConfigureMockMvc(webDriverEnabled=true, print=DEFAULT, webClientEnabled=true, printOnlyOnFailure=true, addFilters=true), @org.springframework.security.test.context.support.WithSecurityContext(setupBefore=TEST_METHOD, factory=org.springframework.security.test.context.support.WithMockUserSecurityContextFactory.class), @org.springframework.boot.autoconfigure.ImportAutoConfiguration(value={}, exclude={}, classes={}), @org.springframework.security.test.context.support.WithMockUser(password="password", value="user", authorities={}, setupBefore=TEST_METHOD, roles={"USER"}, username=""), @org.springframework.context.annotation.Import({com.example.board.exception.GlobalExceptionHandler.class}), @org.springframework.boot.test.autoconfigure.restdocs.AutoConfigureRestDocs(uriScheme="http", outputDir="", uriPort=8080, value="", uriHost="localhost"), @org.springframework.context.annotation.Import({org.springframework.boot.autoconfigure.ImportAutoConfigurationImportSelector.class}), @org.springframework.boot.test.autoconfigure.properties.PropertyMapping(value="spring.test.mockmvc", skip=NO), @org.springframework.boot.test.context.SpringBootTest(args={}, webEnvironment=MOCK, value={}, properties={}, classes={}), @org.springframework.test.context.BootstrapWith(org.springframework.boot.test.context.SpringBootTestContextBootstrapper.class), @org.springframework.boot.test.autoconfigure.properties.PropertyMapping(value="spring.test.restdocs", skip=NO), @org.springframework.context.annotation.Import({org.springframework.boot.test.autoconfigure.restdocs.RestDocumentationContextProviderRegistrar.class})]], org.springframework.boot.test.context.filter.ExcludeFilterContextCustomizer@37d4349f, org.springframework.boot.test.json.DuplicateJsonObjectContextCustomizerFactory$DuplicateJsonObjectContextCustomizer@2ea41516, org.springframework.boot.test.mock.mockito.MockitoContextCustomizer@7040d43d, org.springframework.boot.test.web.client.TestRestTemplateContextCustomizer@290222c1, org.springframework.boot.test.autoconfigure.actuate.metrics.MetricsExportContextCustomizerFactory$DisableMetricExportContextCustomizer@61001b64, org.springframework.boot.test.autoconfigure.properties.PropertyMappingContextCustomizer@63da79bb, org.springframework.boot.test.autoconfigure.web.servlet.WebDriverContextCustomizerFactory$Customizer@272113c4, org.springframework.boot.test.context.SpringBootTestArgs@1, org.springframework.boot.test.context.SpringBootTestWebEnvironment@2a556333], resourceBasePath = 'src/main/webapp', contextLoader = 'org.springframework.boot.test.context.SpringBootContextLoader', parent = [null]]]
2025-04-11 10:22:20.865 [main] DEBUG o.springframework.test.context.cache - Spring test ApplicationContext cache statistics: [DefaultContextCache@3866c96e size = 2, maxSize = 32, parentContextCount = 0, hitCount = 77, missCount = 2]
2025-04-11 10:22:20.866 [main] DEBUG o.s.t.c.s.AbstractDirtiesContextTestExecutionListener - After test method: context [DefaultTestContext@163df259 testClass = UserControllerTest, testInstance = com.example.board.controller.UserControllerTest@a11efe6, testMethod = updateTest@UserControllerTest, testException = org.springframework.web.util.NestedServletException: Request processing failed; nested exception is java.lang.NullPointerException: Cannot invoke "com.example.board.common.dto.JwtUserInfo.getEmail()" because "userInfo" is null, mergedContextConfiguration = [WebMergedContextConfiguration@405603b6 testClass = UserControllerTest, locations = '{}', classes = '{class com.example.board.BoardApplication}', contextInitializerClasses = '[]', activeProfiles = '{}', propertySourceLocations = '{}', propertySourceProperties = '{org.springframework.boot.test.context.SpringBootTestContextBootstrapper=true}', contextCustomizers = set[[ImportsContextCustomizer@3c3cd13a key = [@org.springframework.boot.test.autoconfigure.web.servlet.AutoConfigureMockMvc(webDriverEnabled=true, print=DEFAULT, webClientEnabled=true, printOnlyOnFailure=true, addFilters=true), @org.springframework.security.test.context.support.WithSecurityContext(setupBefore=TEST_METHOD, factory=org.springframework.security.test.context.support.WithMockUserSecurityContextFactory.class), @org.springframework.boot.autoconfigure.ImportAutoConfiguration(value={}, exclude={}, classes={}), @org.springframework.security.test.context.support.WithMockUser(password="password", value="user", authorities={}, setupBefore=TEST_METHOD, roles={"USER"}, username=""), @org.springframework.context.annotation.Import({com.example.board.exception.GlobalExceptionHandler.class}), @org.springframework.boot.test.autoconfigure.restdocs.AutoConfigureRestDocs(uriScheme="http", outputDir="", uriPort=8080, value="", uriHost="localhost"), @org.springframework.context.annotation.Import({org.springframework.boot.autoconfigure.ImportAutoConfigurationImportSelector.class}), @org.springframework.boot.test.autoconfigure.properties.PropertyMapping(value="spring.test.mockmvc", skip=NO), @org.springframework.boot.test.context.SpringBootTest(args={}, webEnvironment=MOCK, value={}, properties={}, classes={}), @org.springframework.test.context.BootstrapWith(org.springframework.boot.test.context.SpringBootTestContextBootstrapper.class), @org.springframework.boot.test.autoconfigure.properties.PropertyMapping(value="spring.test.restdocs", skip=NO), @org.springframework.context.annotation.Import({org.springframework.boot.test.autoconfigure.restdocs.RestDocumentationContextProviderRegistrar.class})]], org.springframework.boot.test.context.filter.ExcludeFilterContextCustomizer@37d4349f, org.springframework.boot.test.json.DuplicateJsonObjectContextCustomizerFactory$DuplicateJsonObjectContextCustomizer@2ea41516, org.springframework.boot.test.mock.mockito.MockitoContextCustomizer@7040d43d, org.springframework.boot.test.web.client.TestRestTemplateContextCustomizer@290222c1, org.springframework.boot.test.autoconfigure.actuate.metrics.MetricsExportContextCustomizerFactory$DisableMetricExportContextCustomizer@61001b64, org.springframework.boot.test.autoconfigure.properties.PropertyMappingContextCustomizer@63da79bb, org.springframework.boot.test.autoconfigure.web.servlet.WebDriverContextCustomizerFactory$Customizer@272113c4, org.springframework.boot.test.context.SpringBootTestArgs@1, org.springframework.boot.test.context.SpringBootTestWebEnvironment@2a556333], resourceBasePath = 'src/main/webapp', contextLoader = 'org.springframework.boot.test.context.SpringBootContextLoader', parent = [null]], attributes = map['org.springframework.test.context.web.ServletTestExecutionListener.activateListener' -> true, 'org.springframework.test.context.web.ServletTestExecutionListener.populatedRequestContextHolder' -> true, 'org.springframework.test.context.web.ServletTestExecutionListener.resetRequestContextHolder' -> true, 'org.springframework.test.context.event.ApplicationEventsTestExecutionListener.recordApplicationEvents' -> false]], class annotated with @DirtiesContext [false] with mode [null], method annotated with @DirtiesContext [false] with mode [null].
2025-04-11 10:22:20.867 [main] DEBUG o.s.t.c.w.ServletTestExecutionListener - Resetting RequestContextHolder for test context [DefaultTestContext@163df259 testClass = UserControllerTest, testInstance = com.example.board.controller.UserControllerTest@a11efe6, testMethod = updateTest@UserControllerTest, testException = org.springframework.web.util.NestedServletException: Request processing failed; nested exception is java.lang.NullPointerException: Cannot invoke "com.example.board.common.dto.JwtUserInfo.getEmail()" because "userInfo" is null, mergedContextConfiguration = [WebMergedContextConfiguration@405603b6 testClass = UserControllerTest, locations = '{}', classes = '{class com.example.board.BoardApplication}', contextInitializerClasses = '[]', activeProfiles = '{}', propertySourceLocations = '{}', propertySourceProperties = '{org.springframework.boot.test.context.SpringBootTestContextBootstrapper=true}', contextCustomizers = set[[ImportsContextCustomizer@3c3cd13a key = [@org.springframework.boot.test.autoconfigure.web.servlet.AutoConfigureMockMvc(webDriverEnabled=true, print=DEFAULT, webClientEnabled=true, printOnlyOnFailure=true, addFilters=true), @org.springframework.security.test.context.support.WithSecurityContext(setupBefore=TEST_METHOD, factory=org.springframework.security.test.context.support.WithMockUserSecurityContextFactory.class), @org.springframework.boot.autoconfigure.ImportAutoConfiguration(value={}, exclude={}, classes={}), @org.springframework.security.test.context.support.WithMockUser(password="password", value="user", authorities={}, setupBefore=TEST_METHOD, roles={"USER"}, username=""), @org.springframework.context.annotation.Import({com.example.board.exception.GlobalExceptionHandler.class}), @org.springframework.boot.test.autoconfigure.restdocs.AutoConfigureRestDocs(uriScheme="http", outputDir="", uriPort=8080, value="", uriHost="localhost"), @org.springframework.context.annotation.Import({org.springframework.boot.autoconfigure.ImportAutoConfigurationImportSelector.class}), @org.springframework.boot.test.autoconfigure.properties.PropertyMapping(value="spring.test.mockmvc", skip=NO), @org.springframework.boot.test.context.SpringBootTest(args={}, webEnvironment=MOCK, value={}, properties={}, classes={}), @org.springframework.test.context.BootstrapWith(org.springframework.boot.test.context.SpringBootTestContextBootstrapper.class), @org.springframework.boot.test.autoconfigure.properties.PropertyMapping(value="spring.test.restdocs", skip=NO), @org.springframework.context.annotation.Import({org.springframework.boot.test.autoconfigure.restdocs.RestDocumentationContextProviderRegistrar.class})]], org.springframework.boot.test.context.filter.ExcludeFilterContextCustomizer@37d4349f, org.springframework.boot.test.json.DuplicateJsonObjectContextCustomizerFactory$DuplicateJsonObjectContextCustomizer@2ea41516, org.springframework.boot.test.mock.mockito.MockitoContextCustomizer@7040d43d, org.springframework.boot.test.web.client.TestRestTemplateContextCustomizer@290222c1, org.springframework.boot.test.autoconfigure.actuate.metrics.MetricsExportContextCustomizerFactory$DisableMetricExportContextCustomizer@61001b64, org.springframework.boot.test.autoconfigure.properties.PropertyMappingContextCustomizer@63da79bb, org.springframework.boot.test.autoconfigure.web.servlet.WebDriverContextCustomizerFactory$Customizer@272113c4, org.springframework.boot.test.context.SpringBootTestArgs@1, org.springframework.boot.test.context.SpringBootTestWebEnvironment@2a556333], resourceBasePath = 'src/main/webapp', contextLoader = 'org.springframework.boot.test.context.SpringBootContextLoader', parent = [null]], attributes = map['org.springframework.test.context.web.ServletTestExecutionListener.activateListener' -> true, 'org.springframework.test.context.web.ServletTestExecutionListener.populatedRequestContextHolder' -> true, 'org.springframework.test.context.web.ServletTestExecutionListener.resetRequestContextHolder' -> true, 'org.springframework.test.context.event.ApplicationEventsTestExecutionListener.recordApplicationEvents' -> false]].
]]></system-out>
  </testcase>
  <testcase name="deleteFailTest_dueToInvalidToken" classname="com.example.board.controller.UserControllerTest" time="0.007">
    <error message="Request processing failed; nested exception is java.lang.NullPointerException: Cannot invoke &quot;com.example.board.common.dto.JwtUserInfo.getId()&quot; because &quot;userInfo&quot; is null" type="org.springframework.web.util.NestedServletException">org.springframework.web.util.NestedServletException: Request processing failed; nested exception is java.lang.NullPointerException: Cannot invoke "com.example.board.common.dto.JwtUserInfo.getId()" because "userInfo" is null
	at com.example.board.controller.UserControllerTest.deleteFailTest_dueToInvalidToken(UserControllerTest.java:232)
Caused by: java.lang.NullPointerException: Cannot invoke "com.example.board.common.dto.JwtUserInfo.getId()" because "userInfo" is null
	at com.example.board.controller.UserControllerTest.deleteFailTest_dueToInvalidToken(UserControllerTest.java:232)
</error>
    <system-out><![CDATA[2025-04-11 10:22:20.873 [main] DEBUG o.s.t.c.c.DefaultCacheAwareContextLoaderDelegate - Retrieved ApplicationContext [1502502072] from cache with key [[WebMergedContextConfiguration@405603b6 testClass = UserControllerTest, locations = '{}', classes = '{class com.example.board.BoardApplication}', contextInitializerClasses = '[]', activeProfiles = '{}', propertySourceLocations = '{}', propertySourceProperties = '{org.springframework.boot.test.context.SpringBootTestContextBootstrapper=true}', contextCustomizers = set[[ImportsContextCustomizer@3c3cd13a key = [@org.springframework.boot.test.autoconfigure.web.servlet.AutoConfigureMockMvc(webDriverEnabled=true, print=DEFAULT, webClientEnabled=true, printOnlyOnFailure=true, addFilters=true), @org.springframework.security.test.context.support.WithSecurityContext(setupBefore=TEST_METHOD, factory=org.springframework.security.test.context.support.WithMockUserSecurityContextFactory.class), @org.springframework.boot.autoconfigure.ImportAutoConfiguration(value={}, exclude={}, classes={}), @org.springframework.security.test.context.support.WithMockUser(password="password", value="user", authorities={}, setupBefore=TEST_METHOD, roles={"USER"}, username=""), @org.springframework.context.annotation.Import({com.example.board.exception.GlobalExceptionHandler.class}), @org.springframework.boot.test.autoconfigure.restdocs.AutoConfigureRestDocs(uriScheme="http", outputDir="", uriPort=8080, value="", uriHost="localhost"), @org.springframework.context.annotation.Import({org.springframework.boot.autoconfigure.ImportAutoConfigurationImportSelector.class}), @org.springframework.boot.test.autoconfigure.properties.PropertyMapping(value="spring.test.mockmvc", skip=NO), @org.springframework.boot.test.context.SpringBootTest(args={}, webEnvironment=MOCK, value={}, properties={}, classes={}), @org.springframework.test.context.BootstrapWith(org.springframework.boot.test.context.SpringBootTestContextBootstrapper.class), @org.springframework.boot.test.autoconfigure.properties.PropertyMapping(value="spring.test.restdocs", skip=NO), @org.springframework.context.annotation.Import({org.springframework.boot.test.autoconfigure.restdocs.RestDocumentationContextProviderRegistrar.class})]], org.springframework.boot.test.context.filter.ExcludeFilterContextCustomizer@37d4349f, org.springframework.boot.test.json.DuplicateJsonObjectContextCustomizerFactory$DuplicateJsonObjectContextCustomizer@2ea41516, org.springframework.boot.test.mock.mockito.MockitoContextCustomizer@7040d43d, org.springframework.boot.test.web.client.TestRestTemplateContextCustomizer@290222c1, org.springframework.boot.test.autoconfigure.actuate.metrics.MetricsExportContextCustomizerFactory$DisableMetricExportContextCustomizer@61001b64, org.springframework.boot.test.autoconfigure.properties.PropertyMappingContextCustomizer@63da79bb, org.springframework.boot.test.autoconfigure.web.servlet.WebDriverContextCustomizerFactory$Customizer@272113c4, org.springframework.boot.test.context.SpringBootTestArgs@1, org.springframework.boot.test.context.SpringBootTestWebEnvironment@2a556333], resourceBasePath = 'src/main/webapp', contextLoader = 'org.springframework.boot.test.context.SpringBootContextLoader', parent = [null]]]
2025-04-11 10:22:20.873 [main] DEBUG o.springframework.test.context.cache - Spring test ApplicationContext cache statistics: [DefaultContextCache@3866c96e size = 2, maxSize = 32, parentContextCount = 0, hitCount = 78, missCount = 2]
2025-04-11 10:22:20.873 [main] DEBUG o.s.t.c.w.ServletTestExecutionListener - Setting up MockHttpServletRequest, MockHttpServletResponse, ServletWebRequest, and RequestContextHolder for test context [DefaultTestContext@163df259 testClass = UserControllerTest, testInstance = com.example.board.controller.UserControllerTest@44e0c3d, testMethod = [null], testException = [null], mergedContextConfiguration = [WebMergedContextConfiguration@405603b6 testClass = UserControllerTest, locations = '{}', classes = '{class com.example.board.BoardApplication}', contextInitializerClasses = '[]', activeProfiles = '{}', propertySourceLocations = '{}', propertySourceProperties = '{org.springframework.boot.test.context.SpringBootTestContextBootstrapper=true}', contextCustomizers = set[[ImportsContextCustomizer@3c3cd13a key = [@org.springframework.boot.test.autoconfigure.web.servlet.AutoConfigureMockMvc(webDriverEnabled=true, print=DEFAULT, webClientEnabled=true, printOnlyOnFailure=true, addFilters=true), @org.springframework.security.test.context.support.WithSecurityContext(setupBefore=TEST_METHOD, factory=org.springframework.security.test.context.support.WithMockUserSecurityContextFactory.class), @org.springframework.boot.autoconfigure.ImportAutoConfiguration(value={}, exclude={}, classes={}), @org.springframework.security.test.context.support.WithMockUser(password="password", value="user", authorities={}, setupBefore=TEST_METHOD, roles={"USER"}, username=""), @org.springframework.context.annotation.Import({com.example.board.exception.GlobalExceptionHandler.class}), @org.springframework.boot.test.autoconfigure.restdocs.AutoConfigureRestDocs(uriScheme="http", outputDir="", uriPort=8080, value="", uriHost="localhost"), @org.springframework.context.annotation.Import({org.springframework.boot.autoconfigure.ImportAutoConfigurationImportSelector.class}), @org.springframework.boot.test.autoconfigure.properties.PropertyMapping(value="spring.test.mockmvc", skip=NO), @org.springframework.boot.test.context.SpringBootTest(args={}, webEnvironment=MOCK, value={}, properties={}, classes={}), @org.springframework.test.context.BootstrapWith(org.springframework.boot.test.context.SpringBootTestContextBootstrapper.class), @org.springframework.boot.test.autoconfigure.properties.PropertyMapping(value="spring.test.restdocs", skip=NO), @org.springframework.context.annotation.Import({org.springframework.boot.test.autoconfigure.restdocs.RestDocumentationContextProviderRegistrar.class})]], org.springframework.boot.test.context.filter.ExcludeFilterContextCustomizer@37d4349f, org.springframework.boot.test.json.DuplicateJsonObjectContextCustomizerFactory$DuplicateJsonObjectContextCustomizer@2ea41516, org.springframework.boot.test.mock.mockito.MockitoContextCustomizer@7040d43d, org.springframework.boot.test.web.client.TestRestTemplateContextCustomizer@290222c1, org.springframework.boot.test.autoconfigure.actuate.metrics.MetricsExportContextCustomizerFactory$DisableMetricExportContextCustomizer@61001b64, org.springframework.boot.test.autoconfigure.properties.PropertyMappingContextCustomizer@63da79bb, org.springframework.boot.test.autoconfigure.web.servlet.WebDriverContextCustomizerFactory$Customizer@272113c4, org.springframework.boot.test.context.SpringBootTestArgs@1, org.springframework.boot.test.context.SpringBootTestWebEnvironment@2a556333], resourceBasePath = 'src/main/webapp', contextLoader = 'org.springframework.boot.test.context.SpringBootContextLoader', parent = [null]], attributes = map['org.springframework.test.context.web.ServletTestExecutionListener.activateListener' -> true, 'org.springframework.test.context.event.ApplicationEventsTestExecutionListener.recordApplicationEvents' -> false, 'org.springframework.test.context.support.DependencyInjectionTestExecutionListener.reinjectDependencies' -> true]].
2025-04-11 10:22:20.873 [main] DEBUG o.s.t.c.c.DefaultCacheAwareContextLoaderDelegate - Retrieved ApplicationContext [1502502072] from cache with key [[WebMergedContextConfiguration@405603b6 testClass = UserControllerTest, locations = '{}', classes = '{class com.example.board.BoardApplication}', contextInitializerClasses = '[]', activeProfiles = '{}', propertySourceLocations = '{}', propertySourceProperties = '{org.springframework.boot.test.context.SpringBootTestContextBootstrapper=true}', contextCustomizers = set[[ImportsContextCustomizer@3c3cd13a key = [@org.springframework.boot.test.autoconfigure.web.servlet.AutoConfigureMockMvc(webDriverEnabled=true, print=DEFAULT, webClientEnabled=true, printOnlyOnFailure=true, addFilters=true), @org.springframework.security.test.context.support.WithSecurityContext(setupBefore=TEST_METHOD, factory=org.springframework.security.test.context.support.WithMockUserSecurityContextFactory.class), @org.springframework.boot.autoconfigure.ImportAutoConfiguration(value={}, exclude={}, classes={}), @org.springframework.security.test.context.support.WithMockUser(password="password", value="user", authorities={}, setupBefore=TEST_METHOD, roles={"USER"}, username=""), @org.springframework.context.annotation.Import({com.example.board.exception.GlobalExceptionHandler.class}), @org.springframework.boot.test.autoconfigure.restdocs.AutoConfigureRestDocs(uriScheme="http", outputDir="", uriPort=8080, value="", uriHost="localhost"), @org.springframework.context.annotation.Import({org.springframework.boot.autoconfigure.ImportAutoConfigurationImportSelector.class}), @org.springframework.boot.test.autoconfigure.properties.PropertyMapping(value="spring.test.mockmvc", skip=NO), @org.springframework.boot.test.context.SpringBootTest(args={}, webEnvironment=MOCK, value={}, properties={}, classes={}), @org.springframework.test.context.BootstrapWith(org.springframework.boot.test.context.SpringBootTestContextBootstrapper.class), @org.springframework.boot.test.autoconfigure.properties.PropertyMapping(value="spring.test.restdocs", skip=NO), @org.springframework.context.annotation.Import({org.springframework.boot.test.autoconfigure.restdocs.RestDocumentationContextProviderRegistrar.class})]], org.springframework.boot.test.context.filter.ExcludeFilterContextCustomizer@37d4349f, org.springframework.boot.test.json.DuplicateJsonObjectContextCustomizerFactory$DuplicateJsonObjectContextCustomizer@2ea41516, org.springframework.boot.test.mock.mockito.MockitoContextCustomizer@7040d43d, org.springframework.boot.test.web.client.TestRestTemplateContextCustomizer@290222c1, org.springframework.boot.test.autoconfigure.actuate.metrics.MetricsExportContextCustomizerFactory$DisableMetricExportContextCustomizer@61001b64, org.springframework.boot.test.autoconfigure.properties.PropertyMappingContextCustomizer@63da79bb, org.springframework.boot.test.autoconfigure.web.servlet.WebDriverContextCustomizerFactory$Customizer@272113c4, org.springframework.boot.test.context.SpringBootTestArgs@1, org.springframework.boot.test.context.SpringBootTestWebEnvironment@2a556333], resourceBasePath = 'src/main/webapp', contextLoader = 'org.springframework.boot.test.context.SpringBootContextLoader', parent = [null]]]
2025-04-11 10:22:20.873 [main] DEBUG o.springframework.test.context.cache - Spring test ApplicationContext cache statistics: [DefaultContextCache@3866c96e size = 2, maxSize = 32, parentContextCount = 0, hitCount = 79, missCount = 2]
2025-04-11 10:22:20.874 [main] DEBUG o.s.t.c.s.DependencyInjectionTestExecutionListener - Performing dependency injection for test context [[DefaultTestContext@163df259 testClass = UserControllerTest, testInstance = com.example.board.controller.UserControllerTest@44e0c3d, testMethod = [null], testException = [null], mergedContextConfiguration = [WebMergedContextConfiguration@405603b6 testClass = UserControllerTest, locations = '{}', classes = '{class com.example.board.BoardApplication}', contextInitializerClasses = '[]', activeProfiles = '{}', propertySourceLocations = '{}', propertySourceProperties = '{org.springframework.boot.test.context.SpringBootTestContextBootstrapper=true}', contextCustomizers = set[[ImportsContextCustomizer@3c3cd13a key = [@org.springframework.boot.test.autoconfigure.web.servlet.AutoConfigureMockMvc(webDriverEnabled=true, print=DEFAULT, webClientEnabled=true, printOnlyOnFailure=true, addFilters=true), @org.springframework.security.test.context.support.WithSecurityContext(setupBefore=TEST_METHOD, factory=org.springframework.security.test.context.support.WithMockUserSecurityContextFactory.class), @org.springframework.boot.autoconfigure.ImportAutoConfiguration(value={}, exclude={}, classes={}), @org.springframework.security.test.context.support.WithMockUser(password="password", value="user", authorities={}, setupBefore=TEST_METHOD, roles={"USER"}, username=""), @org.springframework.context.annotation.Import({com.example.board.exception.GlobalExceptionHandler.class}), @org.springframework.boot.test.autoconfigure.restdocs.AutoConfigureRestDocs(uriScheme="http", outputDir="", uriPort=8080, value="", uriHost="localhost"), @org.springframework.context.annotation.Import({org.springframework.boot.autoconfigure.ImportAutoConfigurationImportSelector.class}), @org.springframework.boot.test.autoconfigure.properties.PropertyMapping(value="spring.test.mockmvc", skip=NO), @org.springframework.boot.test.context.SpringBootTest(args={}, webEnvironment=MOCK, value={}, properties={}, classes={}), @org.springframework.test.context.BootstrapWith(org.springframework.boot.test.context.SpringBootTestContextBootstrapper.class), @org.springframework.boot.test.autoconfigure.properties.PropertyMapping(value="spring.test.restdocs", skip=NO), @org.springframework.context.annotation.Import({org.springframework.boot.test.autoconfigure.restdocs.RestDocumentationContextProviderRegistrar.class})]], org.springframework.boot.test.context.filter.ExcludeFilterContextCustomizer@37d4349f, org.springframework.boot.test.json.DuplicateJsonObjectContextCustomizerFactory$DuplicateJsonObjectContextCustomizer@2ea41516, org.springframework.boot.test.mock.mockito.MockitoContextCustomizer@7040d43d, org.springframework.boot.test.web.client.TestRestTemplateContextCustomizer@290222c1, org.springframework.boot.test.autoconfigure.actuate.metrics.MetricsExportContextCustomizerFactory$DisableMetricExportContextCustomizer@61001b64, org.springframework.boot.test.autoconfigure.properties.PropertyMappingContextCustomizer@63da79bb, org.springframework.boot.test.autoconfigure.web.servlet.WebDriverContextCustomizerFactory$Customizer@272113c4, org.springframework.boot.test.context.SpringBootTestArgs@1, org.springframework.boot.test.context.SpringBootTestWebEnvironment@2a556333], resourceBasePath = 'src/main/webapp', contextLoader = 'org.springframework.boot.test.context.SpringBootContextLoader', parent = [null]], attributes = map['org.springframework.test.context.web.ServletTestExecutionListener.activateListener' -> true, 'org.springframework.test.context.web.ServletTestExecutionListener.populatedRequestContextHolder' -> true, 'org.springframework.test.context.web.ServletTestExecutionListener.resetRequestContextHolder' -> true, 'org.springframework.test.context.event.ApplicationEventsTestExecutionListener.recordApplicationEvents' -> false, 'org.springframework.test.context.support.DependencyInjectionTestExecutionListener.reinjectDependencies' -> true]]].
2025-04-11 10:22:20.874 [main] DEBUG o.s.t.c.c.DefaultCacheAwareContextLoaderDelegate - Retrieved ApplicationContext [1502502072] from cache with key [[WebMergedContextConfiguration@405603b6 testClass = UserControllerTest, locations = '{}', classes = '{class com.example.board.BoardApplication}', contextInitializerClasses = '[]', activeProfiles = '{}', propertySourceLocations = '{}', propertySourceProperties = '{org.springframework.boot.test.context.SpringBootTestContextBootstrapper=true}', contextCustomizers = set[[ImportsContextCustomizer@3c3cd13a key = [@org.springframework.boot.test.autoconfigure.web.servlet.AutoConfigureMockMvc(webDriverEnabled=true, print=DEFAULT, webClientEnabled=true, printOnlyOnFailure=true, addFilters=true), @org.springframework.security.test.context.support.WithSecurityContext(setupBefore=TEST_METHOD, factory=org.springframework.security.test.context.support.WithMockUserSecurityContextFactory.class), @org.springframework.boot.autoconfigure.ImportAutoConfiguration(value={}, exclude={}, classes={}), @org.springframework.security.test.context.support.WithMockUser(password="password", value="user", authorities={}, setupBefore=TEST_METHOD, roles={"USER"}, username=""), @org.springframework.context.annotation.Import({com.example.board.exception.GlobalExceptionHandler.class}), @org.springframework.boot.test.autoconfigure.restdocs.AutoConfigureRestDocs(uriScheme="http", outputDir="", uriPort=8080, value="", uriHost="localhost"), @org.springframework.context.annotation.Import({org.springframework.boot.autoconfigure.ImportAutoConfigurationImportSelector.class}), @org.springframework.boot.test.autoconfigure.properties.PropertyMapping(value="spring.test.mockmvc", skip=NO), @org.springframework.boot.test.context.SpringBootTest(args={}, webEnvironment=MOCK, value={}, properties={}, classes={}), @org.springframework.test.context.BootstrapWith(org.springframework.boot.test.context.SpringBootTestContextBootstrapper.class), @org.springframework.boot.test.autoconfigure.properties.PropertyMapping(value="spring.test.restdocs", skip=NO), @org.springframework.context.annotation.Import({org.springframework.boot.test.autoconfigure.restdocs.RestDocumentationContextProviderRegistrar.class})]], org.springframework.boot.test.context.filter.ExcludeFilterContextCustomizer@37d4349f, org.springframework.boot.test.json.DuplicateJsonObjectContextCustomizerFactory$DuplicateJsonObjectContextCustomizer@2ea41516, org.springframework.boot.test.mock.mockito.MockitoContextCustomizer@7040d43d, org.springframework.boot.test.web.client.TestRestTemplateContextCustomizer@290222c1, org.springframework.boot.test.autoconfigure.actuate.metrics.MetricsExportContextCustomizerFactory$DisableMetricExportContextCustomizer@61001b64, org.springframework.boot.test.autoconfigure.properties.PropertyMappingContextCustomizer@63da79bb, org.springframework.boot.test.autoconfigure.web.servlet.WebDriverContextCustomizerFactory$Customizer@272113c4, org.springframework.boot.test.context.SpringBootTestArgs@1, org.springframework.boot.test.context.SpringBootTestWebEnvironment@2a556333], resourceBasePath = 'src/main/webapp', contextLoader = 'org.springframework.boot.test.context.SpringBootContextLoader', parent = [null]]]
2025-04-11 10:22:20.874 [main] DEBUG o.springframework.test.context.cache - Spring test ApplicationContext cache statistics: [DefaultContextCache@3866c96e size = 2, maxSize = 32, parentContextCount = 0, hitCount = 80, missCount = 2]
2025-04-11 10:22:20.874 [main] DEBUG o.s.t.c.c.DefaultCacheAwareContextLoaderDelegate - Retrieved ApplicationContext [1502502072] from cache with key [[WebMergedContextConfiguration@405603b6 testClass = UserControllerTest, locations = '{}', classes = '{class com.example.board.BoardApplication}', contextInitializerClasses = '[]', activeProfiles = '{}', propertySourceLocations = '{}', propertySourceProperties = '{org.springframework.boot.test.context.SpringBootTestContextBootstrapper=true}', contextCustomizers = set[[ImportsContextCustomizer@3c3cd13a key = [@org.springframework.boot.test.autoconfigure.web.servlet.AutoConfigureMockMvc(webDriverEnabled=true, print=DEFAULT, webClientEnabled=true, printOnlyOnFailure=true, addFilters=true), @org.springframework.security.test.context.support.WithSecurityContext(setupBefore=TEST_METHOD, factory=org.springframework.security.test.context.support.WithMockUserSecurityContextFactory.class), @org.springframework.boot.autoconfigure.ImportAutoConfiguration(value={}, exclude={}, classes={}), @org.springframework.security.test.context.support.WithMockUser(password="password", value="user", authorities={}, setupBefore=TEST_METHOD, roles={"USER"}, username=""), @org.springframework.context.annotation.Import({com.example.board.exception.GlobalExceptionHandler.class}), @org.springframework.boot.test.autoconfigure.restdocs.AutoConfigureRestDocs(uriScheme="http", outputDir="", uriPort=8080, value="", uriHost="localhost"), @org.springframework.context.annotation.Import({org.springframework.boot.autoconfigure.ImportAutoConfigurationImportSelector.class}), @org.springframework.boot.test.autoconfigure.properties.PropertyMapping(value="spring.test.mockmvc", skip=NO), @org.springframework.boot.test.context.SpringBootTest(args={}, webEnvironment=MOCK, value={}, properties={}, classes={}), @org.springframework.test.context.BootstrapWith(org.springframework.boot.test.context.SpringBootTestContextBootstrapper.class), @org.springframework.boot.test.autoconfigure.properties.PropertyMapping(value="spring.test.restdocs", skip=NO), @org.springframework.context.annotation.Import({org.springframework.boot.test.autoconfigure.restdocs.RestDocumentationContextProviderRegistrar.class})]], org.springframework.boot.test.context.filter.ExcludeFilterContextCustomizer@37d4349f, org.springframework.boot.test.json.DuplicateJsonObjectContextCustomizerFactory$DuplicateJsonObjectContextCustomizer@2ea41516, org.springframework.boot.test.mock.mockito.MockitoContextCustomizer@7040d43d, org.springframework.boot.test.web.client.TestRestTemplateContextCustomizer@290222c1, org.springframework.boot.test.autoconfigure.actuate.metrics.MetricsExportContextCustomizerFactory$DisableMetricExportContextCustomizer@61001b64, org.springframework.boot.test.autoconfigure.properties.PropertyMappingContextCustomizer@63da79bb, org.springframework.boot.test.autoconfigure.web.servlet.WebDriverContextCustomizerFactory$Customizer@272113c4, org.springframework.boot.test.context.SpringBootTestArgs@1, org.springframework.boot.test.context.SpringBootTestWebEnvironment@2a556333], resourceBasePath = 'src/main/webapp', contextLoader = 'org.springframework.boot.test.context.SpringBootContextLoader', parent = [null]]]
2025-04-11 10:22:20.874 [main] DEBUG o.springframework.test.context.cache - Spring test ApplicationContext cache statistics: [DefaultContextCache@3866c96e size = 2, maxSize = 32, parentContextCount = 0, hitCount = 81, missCount = 2]
2025-04-11 10:22:20.875 [main] DEBUG o.s.t.c.s.AbstractDirtiesContextTestExecutionListener - Before test method: context [DefaultTestContext@163df259 testClass = UserControllerTest, testInstance = com.example.board.controller.UserControllerTest@44e0c3d, testMethod = deleteFailTest_dueToInvalidToken@UserControllerTest, testException = [null], mergedContextConfiguration = [WebMergedContextConfiguration@405603b6 testClass = UserControllerTest, locations = '{}', classes = '{class com.example.board.BoardApplication}', contextInitializerClasses = '[]', activeProfiles = '{}', propertySourceLocations = '{}', propertySourceProperties = '{org.springframework.boot.test.context.SpringBootTestContextBootstrapper=true}', contextCustomizers = set[[ImportsContextCustomizer@3c3cd13a key = [@org.springframework.boot.test.autoconfigure.web.servlet.AutoConfigureMockMvc(webDriverEnabled=true, print=DEFAULT, webClientEnabled=true, printOnlyOnFailure=true, addFilters=true), @org.springframework.security.test.context.support.WithSecurityContext(setupBefore=TEST_METHOD, factory=org.springframework.security.test.context.support.WithMockUserSecurityContextFactory.class), @org.springframework.boot.autoconfigure.ImportAutoConfiguration(value={}, exclude={}, classes={}), @org.springframework.security.test.context.support.WithMockUser(password="password", value="user", authorities={}, setupBefore=TEST_METHOD, roles={"USER"}, username=""), @org.springframework.context.annotation.Import({com.example.board.exception.GlobalExceptionHandler.class}), @org.springframework.boot.test.autoconfigure.restdocs.AutoConfigureRestDocs(uriScheme="http", outputDir="", uriPort=8080, value="", uriHost="localhost"), @org.springframework.context.annotation.Import({org.springframework.boot.autoconfigure.ImportAutoConfigurationImportSelector.class}), @org.springframework.boot.test.autoconfigure.properties.PropertyMapping(value="spring.test.mockmvc", skip=NO), @org.springframework.boot.test.context.SpringBootTest(args={}, webEnvironment=MOCK, value={}, properties={}, classes={}), @org.springframework.test.context.BootstrapWith(org.springframework.boot.test.context.SpringBootTestContextBootstrapper.class), @org.springframework.boot.test.autoconfigure.properties.PropertyMapping(value="spring.test.restdocs", skip=NO), @org.springframework.context.annotation.Import({org.springframework.boot.test.autoconfigure.restdocs.RestDocumentationContextProviderRegistrar.class})]], org.springframework.boot.test.context.filter.ExcludeFilterContextCustomizer@37d4349f, org.springframework.boot.test.json.DuplicateJsonObjectContextCustomizerFactory$DuplicateJsonObjectContextCustomizer@2ea41516, org.springframework.boot.test.mock.mockito.MockitoContextCustomizer@7040d43d, org.springframework.boot.test.web.client.TestRestTemplateContextCustomizer@290222c1, org.springframework.boot.test.autoconfigure.actuate.metrics.MetricsExportContextCustomizerFactory$DisableMetricExportContextCustomizer@61001b64, org.springframework.boot.test.autoconfigure.properties.PropertyMappingContextCustomizer@63da79bb, org.springframework.boot.test.autoconfigure.web.servlet.WebDriverContextCustomizerFactory$Customizer@272113c4, org.springframework.boot.test.context.SpringBootTestArgs@1, org.springframework.boot.test.context.SpringBootTestWebEnvironment@2a556333], resourceBasePath = 'src/main/webapp', contextLoader = 'org.springframework.boot.test.context.SpringBootContextLoader', parent = [null]], attributes = map['org.springframework.test.context.web.ServletTestExecutionListener.activateListener' -> true, 'org.springframework.test.context.web.ServletTestExecutionListener.populatedRequestContextHolder' -> true, 'org.springframework.test.context.web.ServletTestExecutionListener.resetRequestContextHolder' -> true, 'org.springframework.test.context.event.ApplicationEventsTestExecutionListener.recordApplicationEvents' -> false]], class annotated with @DirtiesContext [false] with mode [null], method annotated with @DirtiesContext [false] with mode [null].
2025-04-11 10:22:20.875 [main] DEBUG o.s.t.c.c.DefaultCacheAwareContextLoaderDelegate - Retrieved ApplicationContext [1502502072] from cache with key [[WebMergedContextConfiguration@405603b6 testClass = UserControllerTest, locations = '{}', classes = '{class com.example.board.BoardApplication}', contextInitializerClasses = '[]', activeProfiles = '{}', propertySourceLocations = '{}', propertySourceProperties = '{org.springframework.boot.test.context.SpringBootTestContextBootstrapper=true}', contextCustomizers = set[[ImportsContextCustomizer@3c3cd13a key = [@org.springframework.boot.test.autoconfigure.web.servlet.AutoConfigureMockMvc(webDriverEnabled=true, print=DEFAULT, webClientEnabled=true, printOnlyOnFailure=true, addFilters=true), @org.springframework.security.test.context.support.WithSecurityContext(setupBefore=TEST_METHOD, factory=org.springframework.security.test.context.support.WithMockUserSecurityContextFactory.class), @org.springframework.boot.autoconfigure.ImportAutoConfiguration(value={}, exclude={}, classes={}), @org.springframework.security.test.context.support.WithMockUser(password="password", value="user", authorities={}, setupBefore=TEST_METHOD, roles={"USER"}, username=""), @org.springframework.context.annotation.Import({com.example.board.exception.GlobalExceptionHandler.class}), @org.springframework.boot.test.autoconfigure.restdocs.AutoConfigureRestDocs(uriScheme="http", outputDir="", uriPort=8080, value="", uriHost="localhost"), @org.springframework.context.annotation.Import({org.springframework.boot.autoconfigure.ImportAutoConfigurationImportSelector.class}), @org.springframework.boot.test.autoconfigure.properties.PropertyMapping(value="spring.test.mockmvc", skip=NO), @org.springframework.boot.test.context.SpringBootTest(args={}, webEnvironment=MOCK, value={}, properties={}, classes={}), @org.springframework.test.context.BootstrapWith(org.springframework.boot.test.context.SpringBootTestContextBootstrapper.class), @org.springframework.boot.test.autoconfigure.properties.PropertyMapping(value="spring.test.restdocs", skip=NO), @org.springframework.context.annotation.Import({org.springframework.boot.test.autoconfigure.restdocs.RestDocumentationContextProviderRegistrar.class})]], org.springframework.boot.test.context.filter.ExcludeFilterContextCustomizer@37d4349f, org.springframework.boot.test.json.DuplicateJsonObjectContextCustomizerFactory$DuplicateJsonObjectContextCustomizer@2ea41516, org.springframework.boot.test.mock.mockito.MockitoContextCustomizer@7040d43d, org.springframework.boot.test.web.client.TestRestTemplateContextCustomizer@290222c1, org.springframework.boot.test.autoconfigure.actuate.metrics.MetricsExportContextCustomizerFactory$DisableMetricExportContextCustomizer@61001b64, org.springframework.boot.test.autoconfigure.properties.PropertyMappingContextCustomizer@63da79bb, org.springframework.boot.test.autoconfigure.web.servlet.WebDriverContextCustomizerFactory$Customizer@272113c4, org.springframework.boot.test.context.SpringBootTestArgs@1, org.springframework.boot.test.context.SpringBootTestWebEnvironment@2a556333], resourceBasePath = 'src/main/webapp', contextLoader = 'org.springframework.boot.test.context.SpringBootContextLoader', parent = [null]]]
2025-04-11 10:22:20.875 [main] DEBUG o.springframework.test.context.cache - Spring test ApplicationContext cache statistics: [DefaultContextCache@3866c96e size = 2, maxSize = 32, parentContextCount = 0, hitCount = 82, missCount = 2]
2025-04-11 10:22:20.875 [main] DEBUG o.s.t.c.c.DefaultCacheAwareContextLoaderDelegate - Retrieved ApplicationContext [1502502072] from cache with key [[WebMergedContextConfiguration@405603b6 testClass = UserControllerTest, locations = '{}', classes = '{class com.example.board.BoardApplication}', contextInitializerClasses = '[]', activeProfiles = '{}', propertySourceLocations = '{}', propertySourceProperties = '{org.springframework.boot.test.context.SpringBootTestContextBootstrapper=true}', contextCustomizers = set[[ImportsContextCustomizer@3c3cd13a key = [@org.springframework.boot.test.autoconfigure.web.servlet.AutoConfigureMockMvc(webDriverEnabled=true, print=DEFAULT, webClientEnabled=true, printOnlyOnFailure=true, addFilters=true), @org.springframework.security.test.context.support.WithSecurityContext(setupBefore=TEST_METHOD, factory=org.springframework.security.test.context.support.WithMockUserSecurityContextFactory.class), @org.springframework.boot.autoconfigure.ImportAutoConfiguration(value={}, exclude={}, classes={}), @org.springframework.security.test.context.support.WithMockUser(password="password", value="user", authorities={}, setupBefore=TEST_METHOD, roles={"USER"}, username=""), @org.springframework.context.annotation.Import({com.example.board.exception.GlobalExceptionHandler.class}), @org.springframework.boot.test.autoconfigure.restdocs.AutoConfigureRestDocs(uriScheme="http", outputDir="", uriPort=8080, value="", uriHost="localhost"), @org.springframework.context.annotation.Import({org.springframework.boot.autoconfigure.ImportAutoConfigurationImportSelector.class}), @org.springframework.boot.test.autoconfigure.properties.PropertyMapping(value="spring.test.mockmvc", skip=NO), @org.springframework.boot.test.context.SpringBootTest(args={}, webEnvironment=MOCK, value={}, properties={}, classes={}), @org.springframework.test.context.BootstrapWith(org.springframework.boot.test.context.SpringBootTestContextBootstrapper.class), @org.springframework.boot.test.autoconfigure.properties.PropertyMapping(value="spring.test.restdocs", skip=NO), @org.springframework.context.annotation.Import({org.springframework.boot.test.autoconfigure.restdocs.RestDocumentationContextProviderRegistrar.class})]], org.springframework.boot.test.context.filter.ExcludeFilterContextCustomizer@37d4349f, org.springframework.boot.test.json.DuplicateJsonObjectContextCustomizerFactory$DuplicateJsonObjectContextCustomizer@2ea41516, org.springframework.boot.test.mock.mockito.MockitoContextCustomizer@7040d43d, org.springframework.boot.test.web.client.TestRestTemplateContextCustomizer@290222c1, org.springframework.boot.test.autoconfigure.actuate.metrics.MetricsExportContextCustomizerFactory$DisableMetricExportContextCustomizer@61001b64, org.springframework.boot.test.autoconfigure.properties.PropertyMappingContextCustomizer@63da79bb, org.springframework.boot.test.autoconfigure.web.servlet.WebDriverContextCustomizerFactory$Customizer@272113c4, org.springframework.boot.test.context.SpringBootTestArgs@1, org.springframework.boot.test.context.SpringBootTestWebEnvironment@2a556333], resourceBasePath = 'src/main/webapp', contextLoader = 'org.springframework.boot.test.context.SpringBootContextLoader', parent = [null]]]
2025-04-11 10:22:20.875 [main] DEBUG o.springframework.test.context.cache - Spring test ApplicationContext cache statistics: [DefaultContextCache@3866c96e size = 2, maxSize = 32, parentContextCount = 0, hitCount = 83, missCount = 2]
2025-04-11 10:22:20.875 [main] DEBUG o.s.t.c.c.DefaultCacheAwareContextLoaderDelegate - Retrieved ApplicationContext [1502502072] from cache with key [[WebMergedContextConfiguration@405603b6 testClass = UserControllerTest, locations = '{}', classes = '{class com.example.board.BoardApplication}', contextInitializerClasses = '[]', activeProfiles = '{}', propertySourceLocations = '{}', propertySourceProperties = '{org.springframework.boot.test.context.SpringBootTestContextBootstrapper=true}', contextCustomizers = set[[ImportsContextCustomizer@3c3cd13a key = [@org.springframework.boot.test.autoconfigure.web.servlet.AutoConfigureMockMvc(webDriverEnabled=true, print=DEFAULT, webClientEnabled=true, printOnlyOnFailure=true, addFilters=true), @org.springframework.security.test.context.support.WithSecurityContext(setupBefore=TEST_METHOD, factory=org.springframework.security.test.context.support.WithMockUserSecurityContextFactory.class), @org.springframework.boot.autoconfigure.ImportAutoConfiguration(value={}, exclude={}, classes={}), @org.springframework.security.test.context.support.WithMockUser(password="password", value="user", authorities={}, setupBefore=TEST_METHOD, roles={"USER"}, username=""), @org.springframework.context.annotation.Import({com.example.board.exception.GlobalExceptionHandler.class}), @org.springframework.boot.test.autoconfigure.restdocs.AutoConfigureRestDocs(uriScheme="http", outputDir="", uriPort=8080, value="", uriHost="localhost"), @org.springframework.context.annotation.Import({org.springframework.boot.autoconfigure.ImportAutoConfigurationImportSelector.class}), @org.springframework.boot.test.autoconfigure.properties.PropertyMapping(value="spring.test.mockmvc", skip=NO), @org.springframework.boot.test.context.SpringBootTest(args={}, webEnvironment=MOCK, value={}, properties={}, classes={}), @org.springframework.test.context.BootstrapWith(org.springframework.boot.test.context.SpringBootTestContextBootstrapper.class), @org.springframework.boot.test.autoconfigure.properties.PropertyMapping(value="spring.test.restdocs", skip=NO), @org.springframework.context.annotation.Import({org.springframework.boot.test.autoconfigure.restdocs.RestDocumentationContextProviderRegistrar.class})]], org.springframework.boot.test.context.filter.ExcludeFilterContextCustomizer@37d4349f, org.springframework.boot.test.json.DuplicateJsonObjectContextCustomizerFactory$DuplicateJsonObjectContextCustomizer@2ea41516, org.springframework.boot.test.mock.mockito.MockitoContextCustomizer@7040d43d, org.springframework.boot.test.web.client.TestRestTemplateContextCustomizer@290222c1, org.springframework.boot.test.autoconfigure.actuate.metrics.MetricsExportContextCustomizerFactory$DisableMetricExportContextCustomizer@61001b64, org.springframework.boot.test.autoconfigure.properties.PropertyMappingContextCustomizer@63da79bb, org.springframework.boot.test.autoconfigure.web.servlet.WebDriverContextCustomizerFactory$Customizer@272113c4, org.springframework.boot.test.context.SpringBootTestArgs@1, org.springframework.boot.test.context.SpringBootTestWebEnvironment@2a556333], resourceBasePath = 'src/main/webapp', contextLoader = 'org.springframework.boot.test.context.SpringBootContextLoader', parent = [null]]]
2025-04-11 10:22:20.875 [main] DEBUG o.springframework.test.context.cache - Spring test ApplicationContext cache statistics: [DefaultContextCache@3866c96e size = 2, maxSize = 32, parentContextCount = 0, hitCount = 84, missCount = 2]
2025-04-11 10:22:20.876 [main] DEBUG o.s.t.c.c.DefaultCacheAwareContextLoaderDelegate - Retrieved ApplicationContext [1502502072] from cache with key [[WebMergedContextConfiguration@405603b6 testClass = UserControllerTest, locations = '{}', classes = '{class com.example.board.BoardApplication}', contextInitializerClasses = '[]', activeProfiles = '{}', propertySourceLocations = '{}', propertySourceProperties = '{org.springframework.boot.test.context.SpringBootTestContextBootstrapper=true}', contextCustomizers = set[[ImportsContextCustomizer@3c3cd13a key = [@org.springframework.boot.test.autoconfigure.web.servlet.AutoConfigureMockMvc(webDriverEnabled=true, print=DEFAULT, webClientEnabled=true, printOnlyOnFailure=true, addFilters=true), @org.springframework.security.test.context.support.WithSecurityContext(setupBefore=TEST_METHOD, factory=org.springframework.security.test.context.support.WithMockUserSecurityContextFactory.class), @org.springframework.boot.autoconfigure.ImportAutoConfiguration(value={}, exclude={}, classes={}), @org.springframework.security.test.context.support.WithMockUser(password="password", value="user", authorities={}, setupBefore=TEST_METHOD, roles={"USER"}, username=""), @org.springframework.context.annotation.Import({com.example.board.exception.GlobalExceptionHandler.class}), @org.springframework.boot.test.autoconfigure.restdocs.AutoConfigureRestDocs(uriScheme="http", outputDir="", uriPort=8080, value="", uriHost="localhost"), @org.springframework.context.annotation.Import({org.springframework.boot.autoconfigure.ImportAutoConfigurationImportSelector.class}), @org.springframework.boot.test.autoconfigure.properties.PropertyMapping(value="spring.test.mockmvc", skip=NO), @org.springframework.boot.test.context.SpringBootTest(args={}, webEnvironment=MOCK, value={}, properties={}, classes={}), @org.springframework.test.context.BootstrapWith(org.springframework.boot.test.context.SpringBootTestContextBootstrapper.class), @org.springframework.boot.test.autoconfigure.properties.PropertyMapping(value="spring.test.restdocs", skip=NO), @org.springframework.context.annotation.Import({org.springframework.boot.test.autoconfigure.restdocs.RestDocumentationContextProviderRegistrar.class})]], org.springframework.boot.test.context.filter.ExcludeFilterContextCustomizer@37d4349f, org.springframework.boot.test.json.DuplicateJsonObjectContextCustomizerFactory$DuplicateJsonObjectContextCustomizer@2ea41516, org.springframework.boot.test.mock.mockito.MockitoContextCustomizer@7040d43d, org.springframework.boot.test.web.client.TestRestTemplateContextCustomizer@290222c1, org.springframework.boot.test.autoconfigure.actuate.metrics.MetricsExportContextCustomizerFactory$DisableMetricExportContextCustomizer@61001b64, org.springframework.boot.test.autoconfigure.properties.PropertyMappingContextCustomizer@63da79bb, org.springframework.boot.test.autoconfigure.web.servlet.WebDriverContextCustomizerFactory$Customizer@272113c4, org.springframework.boot.test.context.SpringBootTestArgs@1, org.springframework.boot.test.context.SpringBootTestWebEnvironment@2a556333], resourceBasePath = 'src/main/webapp', contextLoader = 'org.springframework.boot.test.context.SpringBootContextLoader', parent = [null]]]
2025-04-11 10:22:20.876 [main] DEBUG o.springframework.test.context.cache - Spring test ApplicationContext cache statistics: [DefaultContextCache@3866c96e size = 2, maxSize = 32, parentContextCount = 0, hitCount = 85, missCount = 2]
2025-04-11 10:22:20.876 [main] DEBUG o.s.t.c.c.DefaultCacheAwareContextLoaderDelegate - Retrieved ApplicationContext [1502502072] from cache with key [[WebMergedContextConfiguration@405603b6 testClass = UserControllerTest, locations = '{}', classes = '{class com.example.board.BoardApplication}', contextInitializerClasses = '[]', activeProfiles = '{}', propertySourceLocations = '{}', propertySourceProperties = '{org.springframework.boot.test.context.SpringBootTestContextBootstrapper=true}', contextCustomizers = set[[ImportsContextCustomizer@3c3cd13a key = [@org.springframework.boot.test.autoconfigure.web.servlet.AutoConfigureMockMvc(webDriverEnabled=true, print=DEFAULT, webClientEnabled=true, printOnlyOnFailure=true, addFilters=true), @org.springframework.security.test.context.support.WithSecurityContext(setupBefore=TEST_METHOD, factory=org.springframework.security.test.context.support.WithMockUserSecurityContextFactory.class), @org.springframework.boot.autoconfigure.ImportAutoConfiguration(value={}, exclude={}, classes={}), @org.springframework.security.test.context.support.WithMockUser(password="password", value="user", authorities={}, setupBefore=TEST_METHOD, roles={"USER"}, username=""), @org.springframework.context.annotation.Import({com.example.board.exception.GlobalExceptionHandler.class}), @org.springframework.boot.test.autoconfigure.restdocs.AutoConfigureRestDocs(uriScheme="http", outputDir="", uriPort=8080, value="", uriHost="localhost"), @org.springframework.context.annotation.Import({org.springframework.boot.autoconfigure.ImportAutoConfigurationImportSelector.class}), @org.springframework.boot.test.autoconfigure.properties.PropertyMapping(value="spring.test.mockmvc", skip=NO), @org.springframework.boot.test.context.SpringBootTest(args={}, webEnvironment=MOCK, value={}, properties={}, classes={}), @org.springframework.test.context.BootstrapWith(org.springframework.boot.test.context.SpringBootTestContextBootstrapper.class), @org.springframework.boot.test.autoconfigure.properties.PropertyMapping(value="spring.test.restdocs", skip=NO), @org.springframework.context.annotation.Import({org.springframework.boot.test.autoconfigure.restdocs.RestDocumentationContextProviderRegistrar.class})]], org.springframework.boot.test.context.filter.ExcludeFilterContextCustomizer@37d4349f, org.springframework.boot.test.json.DuplicateJsonObjectContextCustomizerFactory$DuplicateJsonObjectContextCustomizer@2ea41516, org.springframework.boot.test.mock.mockito.MockitoContextCustomizer@7040d43d, org.springframework.boot.test.web.client.TestRestTemplateContextCustomizer@290222c1, org.springframework.boot.test.autoconfigure.actuate.metrics.MetricsExportContextCustomizerFactory$DisableMetricExportContextCustomizer@61001b64, org.springframework.boot.test.autoconfigure.properties.PropertyMappingContextCustomizer@63da79bb, org.springframework.boot.test.autoconfigure.web.servlet.WebDriverContextCustomizerFactory$Customizer@272113c4, org.springframework.boot.test.context.SpringBootTestArgs@1, org.springframework.boot.test.context.SpringBootTestWebEnvironment@2a556333], resourceBasePath = 'src/main/webapp', contextLoader = 'org.springframework.boot.test.context.SpringBootContextLoader', parent = [null]]]
2025-04-11 10:22:20.876 [main] DEBUG o.springframework.test.context.cache - Spring test ApplicationContext cache statistics: [DefaultContextCache@3866c96e size = 2, maxSize = 32, parentContextCount = 0, hitCount = 86, missCount = 2]
2025-04-11 10:22:20.877 [main] DEBUG o.s.test.util.ReflectionTestUtils - Invoking method 'getFilters' on target object [FilterChainProxy[Filter Chains: [DefaultSecurityFilterChain [RequestMatcher=any request, Filters=[org.springframework.security.web.session.DisableEncodeUrlFilter@512dc0e0, org.springframework.security.web.context.request.async.WebAsyncManagerIntegrationFilter@f96654, org.springframework.security.web.context.SecurityContextPersistenceFilter@5b2c7186, org.springframework.security.web.header.HeaderWriterFilter@2bd7f686, org.springframework.security.web.authentication.logout.LogoutFilter@16c8e9b8, com.example.board.security.JwtAuthenticationFilter@75063bd0, org.springframework.security.web.savedrequest.RequestCacheAwareFilter@fcd3a6f, org.springframework.security.web.servletapi.SecurityContextHolderAwareRequestFilter@7845ee8a, org.springframework.security.web.authentication.AnonymousAuthenticationFilter@637506d8, org.springframework.security.web.session.SessionManagementFilter@3601549f, org.springframework.security.web.access.ExceptionTranslationFilter@1e6bd367, org.springframework.security.web.access.intercept.AuthorizationFilter@27d6267e]]]]] or target class [null] with arguments {org.springframework.mock.web.MockHttpServletRequest@2259d54f}
2025-04-11 10:22:20.877 [main] DEBUG o.s.test.util.ReflectionTestUtils - Getting field 'repo' from target object [org.springframework.security.web.context.SecurityContextPersistenceFilter@5b2c7186] or target class [class org.springframework.security.web.context.SecurityContextPersistenceFilter]
2025-04-11 10:22:20.877 [main] DEBUG o.s.security.web.FilterChainProxy - Securing DELETE /api/users/me
2025-04-11 10:22:20.877 [main] DEBUG o.s.s.w.c.SecurityContextPersistenceFilter - Set SecurityContextHolder to SecurityContextImpl [Authentication=UsernamePasswordAuthenticationToken [Principal=org.springframework.security.core.userdetails.User [Username=user, Password=[PROTECTED], Enabled=true, AccountNonExpired=true, credentialsNonExpired=true, AccountNonLocked=true, Granted Authorities=[ROLE_USER]], Credentials=[PROTECTED], Authenticated=true, Details=null, Granted Authorities=[ROLE_USER]]]
2025-04-11 10:22:20.877 [main] DEBUG o.s.security.web.FilterChainProxy - Secured DELETE /api/users/me
2025-04-11 10:22:20.878 [main] DEBUG o.s.t.w.s.TestDispatcherServlet - DELETE "/api/users/me", parameters={}
2025-04-11 10:22:20.878 [main] DEBUG o.s.w.s.m.m.a.RequestMappingHandlerMapping - Mapped to com.example.board.controller.UserController#delete(JwtUserInfo)
2025-04-11 10:22:20.879 [main] DEBUG o.s.t.w.s.TestDispatcherServlet - Failed to complete request: java.lang.NullPointerException: Cannot invoke "com.example.board.common.dto.JwtUserInfo.getId()" because "userInfo" is null
2025-04-11 10:22:20.879 [main] DEBUG o.s.s.w.c.SecurityContextPersistenceFilter - Cleared SecurityContextHolder to complete request
2025-04-11 10:22:20.879 [main] DEBUG o.s.t.c.c.DefaultCacheAwareContextLoaderDelegate - Retrieved ApplicationContext [1502502072] from cache with key [[WebMergedContextConfiguration@405603b6 testClass = UserControllerTest, locations = '{}', classes = '{class com.example.board.BoardApplication}', contextInitializerClasses = '[]', activeProfiles = '{}', propertySourceLocations = '{}', propertySourceProperties = '{org.springframework.boot.test.context.SpringBootTestContextBootstrapper=true}', contextCustomizers = set[[ImportsContextCustomizer@3c3cd13a key = [@org.springframework.boot.test.autoconfigure.web.servlet.AutoConfigureMockMvc(webDriverEnabled=true, print=DEFAULT, webClientEnabled=true, printOnlyOnFailure=true, addFilters=true), @org.springframework.security.test.context.support.WithSecurityContext(setupBefore=TEST_METHOD, factory=org.springframework.security.test.context.support.WithMockUserSecurityContextFactory.class), @org.springframework.boot.autoconfigure.ImportAutoConfiguration(value={}, exclude={}, classes={}), @org.springframework.security.test.context.support.WithMockUser(password="password", value="user", authorities={}, setupBefore=TEST_METHOD, roles={"USER"}, username=""), @org.springframework.context.annotation.Import({com.example.board.exception.GlobalExceptionHandler.class}), @org.springframework.boot.test.autoconfigure.restdocs.AutoConfigureRestDocs(uriScheme="http", outputDir="", uriPort=8080, value="", uriHost="localhost"), @org.springframework.context.annotation.Import({org.springframework.boot.autoconfigure.ImportAutoConfigurationImportSelector.class}), @org.springframework.boot.test.autoconfigure.properties.PropertyMapping(value="spring.test.mockmvc", skip=NO), @org.springframework.boot.test.context.SpringBootTest(args={}, webEnvironment=MOCK, value={}, properties={}, classes={}), @org.springframework.test.context.BootstrapWith(org.springframework.boot.test.context.SpringBootTestContextBootstrapper.class), @org.springframework.boot.test.autoconfigure.properties.PropertyMapping(value="spring.test.restdocs", skip=NO), @org.springframework.context.annotation.Import({org.springframework.boot.test.autoconfigure.restdocs.RestDocumentationContextProviderRegistrar.class})]], org.springframework.boot.test.context.filter.ExcludeFilterContextCustomizer@37d4349f, org.springframework.boot.test.json.DuplicateJsonObjectContextCustomizerFactory$DuplicateJsonObjectContextCustomizer@2ea41516, org.springframework.boot.test.mock.mockito.MockitoContextCustomizer@7040d43d, org.springframework.boot.test.web.client.TestRestTemplateContextCustomizer@290222c1, org.springframework.boot.test.autoconfigure.actuate.metrics.MetricsExportContextCustomizerFactory$DisableMetricExportContextCustomizer@61001b64, org.springframework.boot.test.autoconfigure.properties.PropertyMappingContextCustomizer@63da79bb, org.springframework.boot.test.autoconfigure.web.servlet.WebDriverContextCustomizerFactory$Customizer@272113c4, org.springframework.boot.test.context.SpringBootTestArgs@1, org.springframework.boot.test.context.SpringBootTestWebEnvironment@2a556333], resourceBasePath = 'src/main/webapp', contextLoader = 'org.springframework.boot.test.context.SpringBootContextLoader', parent = [null]]]
2025-04-11 10:22:20.879 [main] DEBUG o.springframework.test.context.cache - Spring test ApplicationContext cache statistics: [DefaultContextCache@3866c96e size = 2, maxSize = 32, parentContextCount = 0, hitCount = 87, missCount = 2]
2025-04-11 10:22:20.880 [main] DEBUG o.s.t.c.c.DefaultCacheAwareContextLoaderDelegate - Retrieved ApplicationContext [1502502072] from cache with key [[WebMergedContextConfiguration@405603b6 testClass = UserControllerTest, locations = '{}', classes = '{class com.example.board.BoardApplication}', contextInitializerClasses = '[]', activeProfiles = '{}', propertySourceLocations = '{}', propertySourceProperties = '{org.springframework.boot.test.context.SpringBootTestContextBootstrapper=true}', contextCustomizers = set[[ImportsContextCustomizer@3c3cd13a key = [@org.springframework.boot.test.autoconfigure.web.servlet.AutoConfigureMockMvc(webDriverEnabled=true, print=DEFAULT, webClientEnabled=true, printOnlyOnFailure=true, addFilters=true), @org.springframework.security.test.context.support.WithSecurityContext(setupBefore=TEST_METHOD, factory=org.springframework.security.test.context.support.WithMockUserSecurityContextFactory.class), @org.springframework.boot.autoconfigure.ImportAutoConfiguration(value={}, exclude={}, classes={}), @org.springframework.security.test.context.support.WithMockUser(password="password", value="user", authorities={}, setupBefore=TEST_METHOD, roles={"USER"}, username=""), @org.springframework.context.annotation.Import({com.example.board.exception.GlobalExceptionHandler.class}), @org.springframework.boot.test.autoconfigure.restdocs.AutoConfigureRestDocs(uriScheme="http", outputDir="", uriPort=8080, value="", uriHost="localhost"), @org.springframework.context.annotation.Import({org.springframework.boot.autoconfigure.ImportAutoConfigurationImportSelector.class}), @org.springframework.boot.test.autoconfigure.properties.PropertyMapping(value="spring.test.mockmvc", skip=NO), @org.springframework.boot.test.context.SpringBootTest(args={}, webEnvironment=MOCK, value={}, properties={}, classes={}), @org.springframework.test.context.BootstrapWith(org.springframework.boot.test.context.SpringBootTestContextBootstrapper.class), @org.springframework.boot.test.autoconfigure.properties.PropertyMapping(value="spring.test.restdocs", skip=NO), @org.springframework.context.annotation.Import({org.springframework.boot.test.autoconfigure.restdocs.RestDocumentationContextProviderRegistrar.class})]], org.springframework.boot.test.context.filter.ExcludeFilterContextCustomizer@37d4349f, org.springframework.boot.test.json.DuplicateJsonObjectContextCustomizerFactory$DuplicateJsonObjectContextCustomizer@2ea41516, org.springframework.boot.test.mock.mockito.MockitoContextCustomizer@7040d43d, org.springframework.boot.test.web.client.TestRestTemplateContextCustomizer@290222c1, org.springframework.boot.test.autoconfigure.actuate.metrics.MetricsExportContextCustomizerFactory$DisableMetricExportContextCustomizer@61001b64, org.springframework.boot.test.autoconfigure.properties.PropertyMappingContextCustomizer@63da79bb, org.springframework.boot.test.autoconfigure.web.servlet.WebDriverContextCustomizerFactory$Customizer@272113c4, org.springframework.boot.test.context.SpringBootTestArgs@1, org.springframework.boot.test.context.SpringBootTestWebEnvironment@2a556333], resourceBasePath = 'src/main/webapp', contextLoader = 'org.springframework.boot.test.context.SpringBootContextLoader', parent = [null]]]
2025-04-11 10:22:20.880 [main] DEBUG o.springframework.test.context.cache - Spring test ApplicationContext cache statistics: [DefaultContextCache@3866c96e size = 2, maxSize = 32, parentContextCount = 0, hitCount = 88, missCount = 2]
2025-04-11 10:22:20.880 [main] DEBUG o.s.t.c.c.DefaultCacheAwareContextLoaderDelegate - Retrieved ApplicationContext [1502502072] from cache with key [[WebMergedContextConfiguration@405603b6 testClass = UserControllerTest, locations = '{}', classes = '{class com.example.board.BoardApplication}', contextInitializerClasses = '[]', activeProfiles = '{}', propertySourceLocations = '{}', propertySourceProperties = '{org.springframework.boot.test.context.SpringBootTestContextBootstrapper=true}', contextCustomizers = set[[ImportsContextCustomizer@3c3cd13a key = [@org.springframework.boot.test.autoconfigure.web.servlet.AutoConfigureMockMvc(webDriverEnabled=true, print=DEFAULT, webClientEnabled=true, printOnlyOnFailure=true, addFilters=true), @org.springframework.security.test.context.support.WithSecurityContext(setupBefore=TEST_METHOD, factory=org.springframework.security.test.context.support.WithMockUserSecurityContextFactory.class), @org.springframework.boot.autoconfigure.ImportAutoConfiguration(value={}, exclude={}, classes={}), @org.springframework.security.test.context.support.WithMockUser(password="password", value="user", authorities={}, setupBefore=TEST_METHOD, roles={"USER"}, username=""), @org.springframework.context.annotation.Import({com.example.board.exception.GlobalExceptionHandler.class}), @org.springframework.boot.test.autoconfigure.restdocs.AutoConfigureRestDocs(uriScheme="http", outputDir="", uriPort=8080, value="", uriHost="localhost"), @org.springframework.context.annotation.Import({org.springframework.boot.autoconfigure.ImportAutoConfigurationImportSelector.class}), @org.springframework.boot.test.autoconfigure.properties.PropertyMapping(value="spring.test.mockmvc", skip=NO), @org.springframework.boot.test.context.SpringBootTest(args={}, webEnvironment=MOCK, value={}, properties={}, classes={}), @org.springframework.test.context.BootstrapWith(org.springframework.boot.test.context.SpringBootTestContextBootstrapper.class), @org.springframework.boot.test.autoconfigure.properties.PropertyMapping(value="spring.test.restdocs", skip=NO), @org.springframework.context.annotation.Import({org.springframework.boot.test.autoconfigure.restdocs.RestDocumentationContextProviderRegistrar.class})]], org.springframework.boot.test.context.filter.ExcludeFilterContextCustomizer@37d4349f, org.springframework.boot.test.json.DuplicateJsonObjectContextCustomizerFactory$DuplicateJsonObjectContextCustomizer@2ea41516, org.springframework.boot.test.mock.mockito.MockitoContextCustomizer@7040d43d, org.springframework.boot.test.web.client.TestRestTemplateContextCustomizer@290222c1, org.springframework.boot.test.autoconfigure.actuate.metrics.MetricsExportContextCustomizerFactory$DisableMetricExportContextCustomizer@61001b64, org.springframework.boot.test.autoconfigure.properties.PropertyMappingContextCustomizer@63da79bb, org.springframework.boot.test.autoconfigure.web.servlet.WebDriverContextCustomizerFactory$Customizer@272113c4, org.springframework.boot.test.context.SpringBootTestArgs@1, org.springframework.boot.test.context.SpringBootTestWebEnvironment@2a556333], resourceBasePath = 'src/main/webapp', contextLoader = 'org.springframework.boot.test.context.SpringBootContextLoader', parent = [null]]]
2025-04-11 10:22:20.880 [main] DEBUG o.springframework.test.context.cache - Spring test ApplicationContext cache statistics: [DefaultContextCache@3866c96e size = 2, maxSize = 32, parentContextCount = 0, hitCount = 89, missCount = 2]
2025-04-11 10:22:20.880 [main] DEBUG o.s.t.c.c.DefaultCacheAwareContextLoaderDelegate - Retrieved ApplicationContext [1502502072] from cache with key [[WebMergedContextConfiguration@405603b6 testClass = UserControllerTest, locations = '{}', classes = '{class com.example.board.BoardApplication}', contextInitializerClasses = '[]', activeProfiles = '{}', propertySourceLocations = '{}', propertySourceProperties = '{org.springframework.boot.test.context.SpringBootTestContextBootstrapper=true}', contextCustomizers = set[[ImportsContextCustomizer@3c3cd13a key = [@org.springframework.boot.test.autoconfigure.web.servlet.AutoConfigureMockMvc(webDriverEnabled=true, print=DEFAULT, webClientEnabled=true, printOnlyOnFailure=true, addFilters=true), @org.springframework.security.test.context.support.WithSecurityContext(setupBefore=TEST_METHOD, factory=org.springframework.security.test.context.support.WithMockUserSecurityContextFactory.class), @org.springframework.boot.autoconfigure.ImportAutoConfiguration(value={}, exclude={}, classes={}), @org.springframework.security.test.context.support.WithMockUser(password="password", value="user", authorities={}, setupBefore=TEST_METHOD, roles={"USER"}, username=""), @org.springframework.context.annotation.Import({com.example.board.exception.GlobalExceptionHandler.class}), @org.springframework.boot.test.autoconfigure.restdocs.AutoConfigureRestDocs(uriScheme="http", outputDir="", uriPort=8080, value="", uriHost="localhost"), @org.springframework.context.annotation.Import({org.springframework.boot.autoconfigure.ImportAutoConfigurationImportSelector.class}), @org.springframework.boot.test.autoconfigure.properties.PropertyMapping(value="spring.test.mockmvc", skip=NO), @org.springframework.boot.test.context.SpringBootTest(args={}, webEnvironment=MOCK, value={}, properties={}, classes={}), @org.springframework.test.context.BootstrapWith(org.springframework.boot.test.context.SpringBootTestContextBootstrapper.class), @org.springframework.boot.test.autoconfigure.properties.PropertyMapping(value="spring.test.restdocs", skip=NO), @org.springframework.context.annotation.Import({org.springframework.boot.test.autoconfigure.restdocs.RestDocumentationContextProviderRegistrar.class})]], org.springframework.boot.test.context.filter.ExcludeFilterContextCustomizer@37d4349f, org.springframework.boot.test.json.DuplicateJsonObjectContextCustomizerFactory$DuplicateJsonObjectContextCustomizer@2ea41516, org.springframework.boot.test.mock.mockito.MockitoContextCustomizer@7040d43d, org.springframework.boot.test.web.client.TestRestTemplateContextCustomizer@290222c1, org.springframework.boot.test.autoconfigure.actuate.metrics.MetricsExportContextCustomizerFactory$DisableMetricExportContextCustomizer@61001b64, org.springframework.boot.test.autoconfigure.properties.PropertyMappingContextCustomizer@63da79bb, org.springframework.boot.test.autoconfigure.web.servlet.WebDriverContextCustomizerFactory$Customizer@272113c4, org.springframework.boot.test.context.SpringBootTestArgs@1, org.springframework.boot.test.context.SpringBootTestWebEnvironment@2a556333], resourceBasePath = 'src/main/webapp', contextLoader = 'org.springframework.boot.test.context.SpringBootContextLoader', parent = [null]]]
2025-04-11 10:22:20.880 [main] DEBUG o.springframework.test.context.cache - Spring test ApplicationContext cache statistics: [DefaultContextCache@3866c96e size = 2, maxSize = 32, parentContextCount = 0, hitCount = 90, missCount = 2]
2025-04-11 10:22:20.881 [main] DEBUG o.s.t.c.c.DefaultCacheAwareContextLoaderDelegate - Retrieved ApplicationContext [1502502072] from cache with key [[WebMergedContextConfiguration@405603b6 testClass = UserControllerTest, locations = '{}', classes = '{class com.example.board.BoardApplication}', contextInitializerClasses = '[]', activeProfiles = '{}', propertySourceLocations = '{}', propertySourceProperties = '{org.springframework.boot.test.context.SpringBootTestContextBootstrapper=true}', contextCustomizers = set[[ImportsContextCustomizer@3c3cd13a key = [@org.springframework.boot.test.autoconfigure.web.servlet.AutoConfigureMockMvc(webDriverEnabled=true, print=DEFAULT, webClientEnabled=true, printOnlyOnFailure=true, addFilters=true), @org.springframework.security.test.context.support.WithSecurityContext(setupBefore=TEST_METHOD, factory=org.springframework.security.test.context.support.WithMockUserSecurityContextFactory.class), @org.springframework.boot.autoconfigure.ImportAutoConfiguration(value={}, exclude={}, classes={}), @org.springframework.security.test.context.support.WithMockUser(password="password", value="user", authorities={}, setupBefore=TEST_METHOD, roles={"USER"}, username=""), @org.springframework.context.annotation.Import({com.example.board.exception.GlobalExceptionHandler.class}), @org.springframework.boot.test.autoconfigure.restdocs.AutoConfigureRestDocs(uriScheme="http", outputDir="", uriPort=8080, value="", uriHost="localhost"), @org.springframework.context.annotation.Import({org.springframework.boot.autoconfigure.ImportAutoConfigurationImportSelector.class}), @org.springframework.boot.test.autoconfigure.properties.PropertyMapping(value="spring.test.mockmvc", skip=NO), @org.springframework.boot.test.context.SpringBootTest(args={}, webEnvironment=MOCK, value={}, properties={}, classes={}), @org.springframework.test.context.BootstrapWith(org.springframework.boot.test.context.SpringBootTestContextBootstrapper.class), @org.springframework.boot.test.autoconfigure.properties.PropertyMapping(value="spring.test.restdocs", skip=NO), @org.springframework.context.annotation.Import({org.springframework.boot.test.autoconfigure.restdocs.RestDocumentationContextProviderRegistrar.class})]], org.springframework.boot.test.context.filter.ExcludeFilterContextCustomizer@37d4349f, org.springframework.boot.test.json.DuplicateJsonObjectContextCustomizerFactory$DuplicateJsonObjectContextCustomizer@2ea41516, org.springframework.boot.test.mock.mockito.MockitoContextCustomizer@7040d43d, org.springframework.boot.test.web.client.TestRestTemplateContextCustomizer@290222c1, org.springframework.boot.test.autoconfigure.actuate.metrics.MetricsExportContextCustomizerFactory$DisableMetricExportContextCustomizer@61001b64, org.springframework.boot.test.autoconfigure.properties.PropertyMappingContextCustomizer@63da79bb, org.springframework.boot.test.autoconfigure.web.servlet.WebDriverContextCustomizerFactory$Customizer@272113c4, org.springframework.boot.test.context.SpringBootTestArgs@1, org.springframework.boot.test.context.SpringBootTestWebEnvironment@2a556333], resourceBasePath = 'src/main/webapp', contextLoader = 'org.springframework.boot.test.context.SpringBootContextLoader', parent = [null]]]
2025-04-11 10:22:20.881 [main] DEBUG o.springframework.test.context.cache - Spring test ApplicationContext cache statistics: [DefaultContextCache@3866c96e size = 2, maxSize = 32, parentContextCount = 0, hitCount = 91, missCount = 2]
2025-04-11 10:22:20.881 [main] DEBUG o.s.t.c.c.DefaultCacheAwareContextLoaderDelegate - Retrieved ApplicationContext [1502502072] from cache with key [[WebMergedContextConfiguration@405603b6 testClass = UserControllerTest, locations = '{}', classes = '{class com.example.board.BoardApplication}', contextInitializerClasses = '[]', activeProfiles = '{}', propertySourceLocations = '{}', propertySourceProperties = '{org.springframework.boot.test.context.SpringBootTestContextBootstrapper=true}', contextCustomizers = set[[ImportsContextCustomizer@3c3cd13a key = [@org.springframework.boot.test.autoconfigure.web.servlet.AutoConfigureMockMvc(webDriverEnabled=true, print=DEFAULT, webClientEnabled=true, printOnlyOnFailure=true, addFilters=true), @org.springframework.security.test.context.support.WithSecurityContext(setupBefore=TEST_METHOD, factory=org.springframework.security.test.context.support.WithMockUserSecurityContextFactory.class), @org.springframework.boot.autoconfigure.ImportAutoConfiguration(value={}, exclude={}, classes={}), @org.springframework.security.test.context.support.WithMockUser(password="password", value="user", authorities={}, setupBefore=TEST_METHOD, roles={"USER"}, username=""), @org.springframework.context.annotation.Import({com.example.board.exception.GlobalExceptionHandler.class}), @org.springframework.boot.test.autoconfigure.restdocs.AutoConfigureRestDocs(uriScheme="http", outputDir="", uriPort=8080, value="", uriHost="localhost"), @org.springframework.context.annotation.Import({org.springframework.boot.autoconfigure.ImportAutoConfigurationImportSelector.class}), @org.springframework.boot.test.autoconfigure.properties.PropertyMapping(value="spring.test.mockmvc", skip=NO), @org.springframework.boot.test.context.SpringBootTest(args={}, webEnvironment=MOCK, value={}, properties={}, classes={}), @org.springframework.test.context.BootstrapWith(org.springframework.boot.test.context.SpringBootTestContextBootstrapper.class), @org.springframework.boot.test.autoconfigure.properties.PropertyMapping(value="spring.test.restdocs", skip=NO), @org.springframework.context.annotation.Import({org.springframework.boot.test.autoconfigure.restdocs.RestDocumentationContextProviderRegistrar.class})]], org.springframework.boot.test.context.filter.ExcludeFilterContextCustomizer@37d4349f, org.springframework.boot.test.json.DuplicateJsonObjectContextCustomizerFactory$DuplicateJsonObjectContextCustomizer@2ea41516, org.springframework.boot.test.mock.mockito.MockitoContextCustomizer@7040d43d, org.springframework.boot.test.web.client.TestRestTemplateContextCustomizer@290222c1, org.springframework.boot.test.autoconfigure.actuate.metrics.MetricsExportContextCustomizerFactory$DisableMetricExportContextCustomizer@61001b64, org.springframework.boot.test.autoconfigure.properties.PropertyMappingContextCustomizer@63da79bb, org.springframework.boot.test.autoconfigure.web.servlet.WebDriverContextCustomizerFactory$Customizer@272113c4, org.springframework.boot.test.context.SpringBootTestArgs@1, org.springframework.boot.test.context.SpringBootTestWebEnvironment@2a556333], resourceBasePath = 'src/main/webapp', contextLoader = 'org.springframework.boot.test.context.SpringBootContextLoader', parent = [null]]]
2025-04-11 10:22:20.881 [main] DEBUG o.springframework.test.context.cache - Spring test ApplicationContext cache statistics: [DefaultContextCache@3866c96e size = 2, maxSize = 32, parentContextCount = 0, hitCount = 92, missCount = 2]
2025-04-11 10:22:20.881 [main] DEBUG o.s.t.c.c.DefaultCacheAwareContextLoaderDelegate - Retrieved ApplicationContext [1502502072] from cache with key [[WebMergedContextConfiguration@405603b6 testClass = UserControllerTest, locations = '{}', classes = '{class com.example.board.BoardApplication}', contextInitializerClasses = '[]', activeProfiles = '{}', propertySourceLocations = '{}', propertySourceProperties = '{org.springframework.boot.test.context.SpringBootTestContextBootstrapper=true}', contextCustomizers = set[[ImportsContextCustomizer@3c3cd13a key = [@org.springframework.boot.test.autoconfigure.web.servlet.AutoConfigureMockMvc(webDriverEnabled=true, print=DEFAULT, webClientEnabled=true, printOnlyOnFailure=true, addFilters=true), @org.springframework.security.test.context.support.WithSecurityContext(setupBefore=TEST_METHOD, factory=org.springframework.security.test.context.support.WithMockUserSecurityContextFactory.class), @org.springframework.boot.autoconfigure.ImportAutoConfiguration(value={}, exclude={}, classes={}), @org.springframework.security.test.context.support.WithMockUser(password="password", value="user", authorities={}, setupBefore=TEST_METHOD, roles={"USER"}, username=""), @org.springframework.context.annotation.Import({com.example.board.exception.GlobalExceptionHandler.class}), @org.springframework.boot.test.autoconfigure.restdocs.AutoConfigureRestDocs(uriScheme="http", outputDir="", uriPort=8080, value="", uriHost="localhost"), @org.springframework.context.annotation.Import({org.springframework.boot.autoconfigure.ImportAutoConfigurationImportSelector.class}), @org.springframework.boot.test.autoconfigure.properties.PropertyMapping(value="spring.test.mockmvc", skip=NO), @org.springframework.boot.test.context.SpringBootTest(args={}, webEnvironment=MOCK, value={}, properties={}, classes={}), @org.springframework.test.context.BootstrapWith(org.springframework.boot.test.context.SpringBootTestContextBootstrapper.class), @org.springframework.boot.test.autoconfigure.properties.PropertyMapping(value="spring.test.restdocs", skip=NO), @org.springframework.context.annotation.Import({org.springframework.boot.test.autoconfigure.restdocs.RestDocumentationContextProviderRegistrar.class})]], org.springframework.boot.test.context.filter.ExcludeFilterContextCustomizer@37d4349f, org.springframework.boot.test.json.DuplicateJsonObjectContextCustomizerFactory$DuplicateJsonObjectContextCustomizer@2ea41516, org.springframework.boot.test.mock.mockito.MockitoContextCustomizer@7040d43d, org.springframework.boot.test.web.client.TestRestTemplateContextCustomizer@290222c1, org.springframework.boot.test.autoconfigure.actuate.metrics.MetricsExportContextCustomizerFactory$DisableMetricExportContextCustomizer@61001b64, org.springframework.boot.test.autoconfigure.properties.PropertyMappingContextCustomizer@63da79bb, org.springframework.boot.test.autoconfigure.web.servlet.WebDriverContextCustomizerFactory$Customizer@272113c4, org.springframework.boot.test.context.SpringBootTestArgs@1, org.springframework.boot.test.context.SpringBootTestWebEnvironment@2a556333], resourceBasePath = 'src/main/webapp', contextLoader = 'org.springframework.boot.test.context.SpringBootContextLoader', parent = [null]]]
2025-04-11 10:22:20.881 [main] DEBUG o.springframework.test.context.cache - Spring test ApplicationContext cache statistics: [DefaultContextCache@3866c96e size = 2, maxSize = 32, parentContextCount = 0, hitCount = 93, missCount = 2]
2025-04-11 10:22:20.881 [main] DEBUG o.s.t.c.s.AbstractDirtiesContextTestExecutionListener - After test method: context [DefaultTestContext@163df259 testClass = UserControllerTest, testInstance = com.example.board.controller.UserControllerTest@44e0c3d, testMethod = deleteFailTest_dueToInvalidToken@UserControllerTest, testException = org.springframework.web.util.NestedServletException: Request processing failed; nested exception is java.lang.NullPointerException: Cannot invoke "com.example.board.common.dto.JwtUserInfo.getId()" because "userInfo" is null, mergedContextConfiguration = [WebMergedContextConfiguration@405603b6 testClass = UserControllerTest, locations = '{}', classes = '{class com.example.board.BoardApplication}', contextInitializerClasses = '[]', activeProfiles = '{}', propertySourceLocations = '{}', propertySourceProperties = '{org.springframework.boot.test.context.SpringBootTestContextBootstrapper=true}', contextCustomizers = set[[ImportsContextCustomizer@3c3cd13a key = [@org.springframework.boot.test.autoconfigure.web.servlet.AutoConfigureMockMvc(webDriverEnabled=true, print=DEFAULT, webClientEnabled=true, printOnlyOnFailure=true, addFilters=true), @org.springframework.security.test.context.support.WithSecurityContext(setupBefore=TEST_METHOD, factory=org.springframework.security.test.context.support.WithMockUserSecurityContextFactory.class), @org.springframework.boot.autoconfigure.ImportAutoConfiguration(value={}, exclude={}, classes={}), @org.springframework.security.test.context.support.WithMockUser(password="password", value="user", authorities={}, setupBefore=TEST_METHOD, roles={"USER"}, username=""), @org.springframework.context.annotation.Import({com.example.board.exception.GlobalExceptionHandler.class}), @org.springframework.boot.test.autoconfigure.restdocs.AutoConfigureRestDocs(uriScheme="http", outputDir="", uriPort=8080, value="", uriHost="localhost"), @org.springframework.context.annotation.Import({org.springframework.boot.autoconfigure.ImportAutoConfigurationImportSelector.class}), @org.springframework.boot.test.autoconfigure.properties.PropertyMapping(value="spring.test.mockmvc", skip=NO), @org.springframework.boot.test.context.SpringBootTest(args={}, webEnvironment=MOCK, value={}, properties={}, classes={}), @org.springframework.test.context.BootstrapWith(org.springframework.boot.test.context.SpringBootTestContextBootstrapper.class), @org.springframework.boot.test.autoconfigure.properties.PropertyMapping(value="spring.test.restdocs", skip=NO), @org.springframework.context.annotation.Import({org.springframework.boot.test.autoconfigure.restdocs.RestDocumentationContextProviderRegistrar.class})]], org.springframework.boot.test.context.filter.ExcludeFilterContextCustomizer@37d4349f, org.springframework.boot.test.json.DuplicateJsonObjectContextCustomizerFactory$DuplicateJsonObjectContextCustomizer@2ea41516, org.springframework.boot.test.mock.mockito.MockitoContextCustomizer@7040d43d, org.springframework.boot.test.web.client.TestRestTemplateContextCustomizer@290222c1, org.springframework.boot.test.autoconfigure.actuate.metrics.MetricsExportContextCustomizerFactory$DisableMetricExportContextCustomizer@61001b64, org.springframework.boot.test.autoconfigure.properties.PropertyMappingContextCustomizer@63da79bb, org.springframework.boot.test.autoconfigure.web.servlet.WebDriverContextCustomizerFactory$Customizer@272113c4, org.springframework.boot.test.context.SpringBootTestArgs@1, org.springframework.boot.test.context.SpringBootTestWebEnvironment@2a556333], resourceBasePath = 'src/main/webapp', contextLoader = 'org.springframework.boot.test.context.SpringBootContextLoader', parent = [null]], attributes = map['org.springframework.test.context.web.ServletTestExecutionListener.activateListener' -> true, 'org.springframework.test.context.web.ServletTestExecutionListener.populatedRequestContextHolder' -> true, 'org.springframework.test.context.web.ServletTestExecutionListener.resetRequestContextHolder' -> true, 'org.springframework.test.context.event.ApplicationEventsTestExecutionListener.recordApplicationEvents' -> false]], class annotated with @DirtiesContext [false] with mode [null], method annotated with @DirtiesContext [false] with mode [null].
2025-04-11 10:22:20.882 [main] DEBUG o.s.t.c.w.ServletTestExecutionListener - Resetting RequestContextHolder for test context [DefaultTestContext@163df259 testClass = UserControllerTest, testInstance = com.example.board.controller.UserControllerTest@44e0c3d, testMethod = deleteFailTest_dueToInvalidToken@UserControllerTest, testException = org.springframework.web.util.NestedServletException: Request processing failed; nested exception is java.lang.NullPointerException: Cannot invoke "com.example.board.common.dto.JwtUserInfo.getId()" because "userInfo" is null, mergedContextConfiguration = [WebMergedContextConfiguration@405603b6 testClass = UserControllerTest, locations = '{}', classes = '{class com.example.board.BoardApplication}', contextInitializerClasses = '[]', activeProfiles = '{}', propertySourceLocations = '{}', propertySourceProperties = '{org.springframework.boot.test.context.SpringBootTestContextBootstrapper=true}', contextCustomizers = set[[ImportsContextCustomizer@3c3cd13a key = [@org.springframework.boot.test.autoconfigure.web.servlet.AutoConfigureMockMvc(webDriverEnabled=true, print=DEFAULT, webClientEnabled=true, printOnlyOnFailure=true, addFilters=true), @org.springframework.security.test.context.support.WithSecurityContext(setupBefore=TEST_METHOD, factory=org.springframework.security.test.context.support.WithMockUserSecurityContextFactory.class), @org.springframework.boot.autoconfigure.ImportAutoConfiguration(value={}, exclude={}, classes={}), @org.springframework.security.test.context.support.WithMockUser(password="password", value="user", authorities={}, setupBefore=TEST_METHOD, roles={"USER"}, username=""), @org.springframework.context.annotation.Import({com.example.board.exception.GlobalExceptionHandler.class}), @org.springframework.boot.test.autoconfigure.restdocs.AutoConfigureRestDocs(uriScheme="http", outputDir="", uriPort=8080, value="", uriHost="localhost"), @org.springframework.context.annotation.Import({org.springframework.boot.autoconfigure.ImportAutoConfigurationImportSelector.class}), @org.springframework.boot.test.autoconfigure.properties.PropertyMapping(value="spring.test.mockmvc", skip=NO), @org.springframework.boot.test.context.SpringBootTest(args={}, webEnvironment=MOCK, value={}, properties={}, classes={}), @org.springframework.test.context.BootstrapWith(org.springframework.boot.test.context.SpringBootTestContextBootstrapper.class), @org.springframework.boot.test.autoconfigure.properties.PropertyMapping(value="spring.test.restdocs", skip=NO), @org.springframework.context.annotation.Import({org.springframework.boot.test.autoconfigure.restdocs.RestDocumentationContextProviderRegistrar.class})]], org.springframework.boot.test.context.filter.ExcludeFilterContextCustomizer@37d4349f, org.springframework.boot.test.json.DuplicateJsonObjectContextCustomizerFactory$DuplicateJsonObjectContextCustomizer@2ea41516, org.springframework.boot.test.mock.mockito.MockitoContextCustomizer@7040d43d, org.springframework.boot.test.web.client.TestRestTemplateContextCustomizer@290222c1, org.springframework.boot.test.autoconfigure.actuate.metrics.MetricsExportContextCustomizerFactory$DisableMetricExportContextCustomizer@61001b64, org.springframework.boot.test.autoconfigure.properties.PropertyMappingContextCustomizer@63da79bb, org.springframework.boot.test.autoconfigure.web.servlet.WebDriverContextCustomizerFactory$Customizer@272113c4, org.springframework.boot.test.context.SpringBootTestArgs@1, org.springframework.boot.test.context.SpringBootTestWebEnvironment@2a556333], resourceBasePath = 'src/main/webapp', contextLoader = 'org.springframework.boot.test.context.SpringBootContextLoader', parent = [null]], attributes = map['org.springframework.test.context.web.ServletTestExecutionListener.activateListener' -> true, 'org.springframework.test.context.web.ServletTestExecutionListener.populatedRequestContextHolder' -> true, 'org.springframework.test.context.web.ServletTestExecutionListener.resetRequestContextHolder' -> true, 'org.springframework.test.context.event.ApplicationEventsTestExecutionListener.recordApplicationEvents' -> false]].
]]></system-out>
  </testcase>
  <testcase name="signUpFailTest_dueToPasswordMissing" classname="com.example.board.controller.UserControllerTest" time="0.019"/>
  <testcase name="updateFailTest_dueToInvalidToken" classname="com.example.board.controller.UserControllerTest" time="0.006">
    <error message="Request processing failed; nested exception is java.lang.NullPointerException: Cannot invoke &quot;com.example.board.common.dto.JwtUserInfo.getEmail()&quot; because &quot;userInfo&quot; is null" type="org.springframework.web.util.NestedServletException">org.springframework.web.util.NestedServletException: Request processing failed; nested exception is java.lang.NullPointerException: Cannot invoke "com.example.board.common.dto.JwtUserInfo.getEmail()" because "userInfo" is null
	at com.example.board.controller.UserControllerTest.updateFailTest_dueToInvalidToken(UserControllerTest.java:253)
Caused by: java.lang.NullPointerException: Cannot invoke "com.example.board.common.dto.JwtUserInfo.getEmail()" because "userInfo" is null
	at com.example.board.controller.UserControllerTest.updateFailTest_dueToInvalidToken(UserControllerTest.java:253)
</error>
    <system-out><![CDATA[2025-04-11 10:22:20.904 [main] DEBUG o.s.t.c.c.DefaultCacheAwareContextLoaderDelegate - Retrieved ApplicationContext [1502502072] from cache with key [[WebMergedContextConfiguration@405603b6 testClass = UserControllerTest, locations = '{}', classes = '{class com.example.board.BoardApplication}', contextInitializerClasses = '[]', activeProfiles = '{}', propertySourceLocations = '{}', propertySourceProperties = '{org.springframework.boot.test.context.SpringBootTestContextBootstrapper=true}', contextCustomizers = set[[ImportsContextCustomizer@3c3cd13a key = [@org.springframework.boot.test.autoconfigure.web.servlet.AutoConfigureMockMvc(webDriverEnabled=true, print=DEFAULT, webClientEnabled=true, printOnlyOnFailure=true, addFilters=true), @org.springframework.security.test.context.support.WithSecurityContext(setupBefore=TEST_METHOD, factory=org.springframework.security.test.context.support.WithMockUserSecurityContextFactory.class), @org.springframework.boot.autoconfigure.ImportAutoConfiguration(value={}, exclude={}, classes={}), @org.springframework.security.test.context.support.WithMockUser(password="password", value="user", authorities={}, setupBefore=TEST_METHOD, roles={"USER"}, username=""), @org.springframework.context.annotation.Import({com.example.board.exception.GlobalExceptionHandler.class}), @org.springframework.boot.test.autoconfigure.restdocs.AutoConfigureRestDocs(uriScheme="http", outputDir="", uriPort=8080, value="", uriHost="localhost"), @org.springframework.context.annotation.Import({org.springframework.boot.autoconfigure.ImportAutoConfigurationImportSelector.class}), @org.springframework.boot.test.autoconfigure.properties.PropertyMapping(value="spring.test.mockmvc", skip=NO), @org.springframework.boot.test.context.SpringBootTest(args={}, webEnvironment=MOCK, value={}, properties={}, classes={}), @org.springframework.test.context.BootstrapWith(org.springframework.boot.test.context.SpringBootTestContextBootstrapper.class), @org.springframework.boot.test.autoconfigure.properties.PropertyMapping(value="spring.test.restdocs", skip=NO), @org.springframework.context.annotation.Import({org.springframework.boot.test.autoconfigure.restdocs.RestDocumentationContextProviderRegistrar.class})]], org.springframework.boot.test.context.filter.ExcludeFilterContextCustomizer@37d4349f, org.springframework.boot.test.json.DuplicateJsonObjectContextCustomizerFactory$DuplicateJsonObjectContextCustomizer@2ea41516, org.springframework.boot.test.mock.mockito.MockitoContextCustomizer@7040d43d, org.springframework.boot.test.web.client.TestRestTemplateContextCustomizer@290222c1, org.springframework.boot.test.autoconfigure.actuate.metrics.MetricsExportContextCustomizerFactory$DisableMetricExportContextCustomizer@61001b64, org.springframework.boot.test.autoconfigure.properties.PropertyMappingContextCustomizer@63da79bb, org.springframework.boot.test.autoconfigure.web.servlet.WebDriverContextCustomizerFactory$Customizer@272113c4, org.springframework.boot.test.context.SpringBootTestArgs@1, org.springframework.boot.test.context.SpringBootTestWebEnvironment@2a556333], resourceBasePath = 'src/main/webapp', contextLoader = 'org.springframework.boot.test.context.SpringBootContextLoader', parent = [null]]]
2025-04-11 10:22:20.904 [main] DEBUG o.springframework.test.context.cache - Spring test ApplicationContext cache statistics: [DefaultContextCache@3866c96e size = 2, maxSize = 32, parentContextCount = 0, hitCount = 110, missCount = 2]
2025-04-11 10:22:20.904 [main] DEBUG o.s.t.c.w.ServletTestExecutionListener - Setting up MockHttpServletRequest, MockHttpServletResponse, ServletWebRequest, and RequestContextHolder for test context [DefaultTestContext@163df259 testClass = UserControllerTest, testInstance = com.example.board.controller.UserControllerTest@3e1c5e0d, testMethod = [null], testException = [null], mergedContextConfiguration = [WebMergedContextConfiguration@405603b6 testClass = UserControllerTest, locations = '{}', classes = '{class com.example.board.BoardApplication}', contextInitializerClasses = '[]', activeProfiles = '{}', propertySourceLocations = '{}', propertySourceProperties = '{org.springframework.boot.test.context.SpringBootTestContextBootstrapper=true}', contextCustomizers = set[[ImportsContextCustomizer@3c3cd13a key = [@org.springframework.boot.test.autoconfigure.web.servlet.AutoConfigureMockMvc(webDriverEnabled=true, print=DEFAULT, webClientEnabled=true, printOnlyOnFailure=true, addFilters=true), @org.springframework.security.test.context.support.WithSecurityContext(setupBefore=TEST_METHOD, factory=org.springframework.security.test.context.support.WithMockUserSecurityContextFactory.class), @org.springframework.boot.autoconfigure.ImportAutoConfiguration(value={}, exclude={}, classes={}), @org.springframework.security.test.context.support.WithMockUser(password="password", value="user", authorities={}, setupBefore=TEST_METHOD, roles={"USER"}, username=""), @org.springframework.context.annotation.Import({com.example.board.exception.GlobalExceptionHandler.class}), @org.springframework.boot.test.autoconfigure.restdocs.AutoConfigureRestDocs(uriScheme="http", outputDir="", uriPort=8080, value="", uriHost="localhost"), @org.springframework.context.annotation.Import({org.springframework.boot.autoconfigure.ImportAutoConfigurationImportSelector.class}), @org.springframework.boot.test.autoconfigure.properties.PropertyMapping(value="spring.test.mockmvc", skip=NO), @org.springframework.boot.test.context.SpringBootTest(args={}, webEnvironment=MOCK, value={}, properties={}, classes={}), @org.springframework.test.context.BootstrapWith(org.springframework.boot.test.context.SpringBootTestContextBootstrapper.class), @org.springframework.boot.test.autoconfigure.properties.PropertyMapping(value="spring.test.restdocs", skip=NO), @org.springframework.context.annotation.Import({org.springframework.boot.test.autoconfigure.restdocs.RestDocumentationContextProviderRegistrar.class})]], org.springframework.boot.test.context.filter.ExcludeFilterContextCustomizer@37d4349f, org.springframework.boot.test.json.DuplicateJsonObjectContextCustomizerFactory$DuplicateJsonObjectContextCustomizer@2ea41516, org.springframework.boot.test.mock.mockito.MockitoContextCustomizer@7040d43d, org.springframework.boot.test.web.client.TestRestTemplateContextCustomizer@290222c1, org.springframework.boot.test.autoconfigure.actuate.metrics.MetricsExportContextCustomizerFactory$DisableMetricExportContextCustomizer@61001b64, org.springframework.boot.test.autoconfigure.properties.PropertyMappingContextCustomizer@63da79bb, org.springframework.boot.test.autoconfigure.web.servlet.WebDriverContextCustomizerFactory$Customizer@272113c4, org.springframework.boot.test.context.SpringBootTestArgs@1, org.springframework.boot.test.context.SpringBootTestWebEnvironment@2a556333], resourceBasePath = 'src/main/webapp', contextLoader = 'org.springframework.boot.test.context.SpringBootContextLoader', parent = [null]], attributes = map['org.springframework.test.context.web.ServletTestExecutionListener.activateListener' -> true, 'org.springframework.test.context.event.ApplicationEventsTestExecutionListener.recordApplicationEvents' -> false, 'org.springframework.test.context.support.DependencyInjectionTestExecutionListener.reinjectDependencies' -> true]].
2025-04-11 10:22:20.904 [main] DEBUG o.s.t.c.c.DefaultCacheAwareContextLoaderDelegate - Retrieved ApplicationContext [1502502072] from cache with key [[WebMergedContextConfiguration@405603b6 testClass = UserControllerTest, locations = '{}', classes = '{class com.example.board.BoardApplication}', contextInitializerClasses = '[]', activeProfiles = '{}', propertySourceLocations = '{}', propertySourceProperties = '{org.springframework.boot.test.context.SpringBootTestContextBootstrapper=true}', contextCustomizers = set[[ImportsContextCustomizer@3c3cd13a key = [@org.springframework.boot.test.autoconfigure.web.servlet.AutoConfigureMockMvc(webDriverEnabled=true, print=DEFAULT, webClientEnabled=true, printOnlyOnFailure=true, addFilters=true), @org.springframework.security.test.context.support.WithSecurityContext(setupBefore=TEST_METHOD, factory=org.springframework.security.test.context.support.WithMockUserSecurityContextFactory.class), @org.springframework.boot.autoconfigure.ImportAutoConfiguration(value={}, exclude={}, classes={}), @org.springframework.security.test.context.support.WithMockUser(password="password", value="user", authorities={}, setupBefore=TEST_METHOD, roles={"USER"}, username=""), @org.springframework.context.annotation.Import({com.example.board.exception.GlobalExceptionHandler.class}), @org.springframework.boot.test.autoconfigure.restdocs.AutoConfigureRestDocs(uriScheme="http", outputDir="", uriPort=8080, value="", uriHost="localhost"), @org.springframework.context.annotation.Import({org.springframework.boot.autoconfigure.ImportAutoConfigurationImportSelector.class}), @org.springframework.boot.test.autoconfigure.properties.PropertyMapping(value="spring.test.mockmvc", skip=NO), @org.springframework.boot.test.context.SpringBootTest(args={}, webEnvironment=MOCK, value={}, properties={}, classes={}), @org.springframework.test.context.BootstrapWith(org.springframework.boot.test.context.SpringBootTestContextBootstrapper.class), @org.springframework.boot.test.autoconfigure.properties.PropertyMapping(value="spring.test.restdocs", skip=NO), @org.springframework.context.annotation.Import({org.springframework.boot.test.autoconfigure.restdocs.RestDocumentationContextProviderRegistrar.class})]], org.springframework.boot.test.context.filter.ExcludeFilterContextCustomizer@37d4349f, org.springframework.boot.test.json.DuplicateJsonObjectContextCustomizerFactory$DuplicateJsonObjectContextCustomizer@2ea41516, org.springframework.boot.test.mock.mockito.MockitoContextCustomizer@7040d43d, org.springframework.boot.test.web.client.TestRestTemplateContextCustomizer@290222c1, org.springframework.boot.test.autoconfigure.actuate.metrics.MetricsExportContextCustomizerFactory$DisableMetricExportContextCustomizer@61001b64, org.springframework.boot.test.autoconfigure.properties.PropertyMappingContextCustomizer@63da79bb, org.springframework.boot.test.autoconfigure.web.servlet.WebDriverContextCustomizerFactory$Customizer@272113c4, org.springframework.boot.test.context.SpringBootTestArgs@1, org.springframework.boot.test.context.SpringBootTestWebEnvironment@2a556333], resourceBasePath = 'src/main/webapp', contextLoader = 'org.springframework.boot.test.context.SpringBootContextLoader', parent = [null]]]
2025-04-11 10:22:20.904 [main] DEBUG o.springframework.test.context.cache - Spring test ApplicationContext cache statistics: [DefaultContextCache@3866c96e size = 2, maxSize = 32, parentContextCount = 0, hitCount = 111, missCount = 2]
2025-04-11 10:22:20.904 [main] DEBUG o.s.t.c.s.DependencyInjectionTestExecutionListener - Performing dependency injection for test context [[DefaultTestContext@163df259 testClass = UserControllerTest, testInstance = com.example.board.controller.UserControllerTest@3e1c5e0d, testMethod = [null], testException = [null], mergedContextConfiguration = [WebMergedContextConfiguration@405603b6 testClass = UserControllerTest, locations = '{}', classes = '{class com.example.board.BoardApplication}', contextInitializerClasses = '[]', activeProfiles = '{}', propertySourceLocations = '{}', propertySourceProperties = '{org.springframework.boot.test.context.SpringBootTestContextBootstrapper=true}', contextCustomizers = set[[ImportsContextCustomizer@3c3cd13a key = [@org.springframework.boot.test.autoconfigure.web.servlet.AutoConfigureMockMvc(webDriverEnabled=true, print=DEFAULT, webClientEnabled=true, printOnlyOnFailure=true, addFilters=true), @org.springframework.security.test.context.support.WithSecurityContext(setupBefore=TEST_METHOD, factory=org.springframework.security.test.context.support.WithMockUserSecurityContextFactory.class), @org.springframework.boot.autoconfigure.ImportAutoConfiguration(value={}, exclude={}, classes={}), @org.springframework.security.test.context.support.WithMockUser(password="password", value="user", authorities={}, setupBefore=TEST_METHOD, roles={"USER"}, username=""), @org.springframework.context.annotation.Import({com.example.board.exception.GlobalExceptionHandler.class}), @org.springframework.boot.test.autoconfigure.restdocs.AutoConfigureRestDocs(uriScheme="http", outputDir="", uriPort=8080, value="", uriHost="localhost"), @org.springframework.context.annotation.Import({org.springframework.boot.autoconfigure.ImportAutoConfigurationImportSelector.class}), @org.springframework.boot.test.autoconfigure.properties.PropertyMapping(value="spring.test.mockmvc", skip=NO), @org.springframework.boot.test.context.SpringBootTest(args={}, webEnvironment=MOCK, value={}, properties={}, classes={}), @org.springframework.test.context.BootstrapWith(org.springframework.boot.test.context.SpringBootTestContextBootstrapper.class), @org.springframework.boot.test.autoconfigure.properties.PropertyMapping(value="spring.test.restdocs", skip=NO), @org.springframework.context.annotation.Import({org.springframework.boot.test.autoconfigure.restdocs.RestDocumentationContextProviderRegistrar.class})]], org.springframework.boot.test.context.filter.ExcludeFilterContextCustomizer@37d4349f, org.springframework.boot.test.json.DuplicateJsonObjectContextCustomizerFactory$DuplicateJsonObjectContextCustomizer@2ea41516, org.springframework.boot.test.mock.mockito.MockitoContextCustomizer@7040d43d, org.springframework.boot.test.web.client.TestRestTemplateContextCustomizer@290222c1, org.springframework.boot.test.autoconfigure.actuate.metrics.MetricsExportContextCustomizerFactory$DisableMetricExportContextCustomizer@61001b64, org.springframework.boot.test.autoconfigure.properties.PropertyMappingContextCustomizer@63da79bb, org.springframework.boot.test.autoconfigure.web.servlet.WebDriverContextCustomizerFactory$Customizer@272113c4, org.springframework.boot.test.context.SpringBootTestArgs@1, org.springframework.boot.test.context.SpringBootTestWebEnvironment@2a556333], resourceBasePath = 'src/main/webapp', contextLoader = 'org.springframework.boot.test.context.SpringBootContextLoader', parent = [null]], attributes = map['org.springframework.test.context.web.ServletTestExecutionListener.activateListener' -> true, 'org.springframework.test.context.web.ServletTestExecutionListener.populatedRequestContextHolder' -> true, 'org.springframework.test.context.web.ServletTestExecutionListener.resetRequestContextHolder' -> true, 'org.springframework.test.context.event.ApplicationEventsTestExecutionListener.recordApplicationEvents' -> false, 'org.springframework.test.context.support.DependencyInjectionTestExecutionListener.reinjectDependencies' -> true]]].
2025-04-11 10:22:20.904 [main] DEBUG o.s.t.c.c.DefaultCacheAwareContextLoaderDelegate - Retrieved ApplicationContext [1502502072] from cache with key [[WebMergedContextConfiguration@405603b6 testClass = UserControllerTest, locations = '{}', classes = '{class com.example.board.BoardApplication}', contextInitializerClasses = '[]', activeProfiles = '{}', propertySourceLocations = '{}', propertySourceProperties = '{org.springframework.boot.test.context.SpringBootTestContextBootstrapper=true}', contextCustomizers = set[[ImportsContextCustomizer@3c3cd13a key = [@org.springframework.boot.test.autoconfigure.web.servlet.AutoConfigureMockMvc(webDriverEnabled=true, print=DEFAULT, webClientEnabled=true, printOnlyOnFailure=true, addFilters=true), @org.springframework.security.test.context.support.WithSecurityContext(setupBefore=TEST_METHOD, factory=org.springframework.security.test.context.support.WithMockUserSecurityContextFactory.class), @org.springframework.boot.autoconfigure.ImportAutoConfiguration(value={}, exclude={}, classes={}), @org.springframework.security.test.context.support.WithMockUser(password="password", value="user", authorities={}, setupBefore=TEST_METHOD, roles={"USER"}, username=""), @org.springframework.context.annotation.Import({com.example.board.exception.GlobalExceptionHandler.class}), @org.springframework.boot.test.autoconfigure.restdocs.AutoConfigureRestDocs(uriScheme="http", outputDir="", uriPort=8080, value="", uriHost="localhost"), @org.springframework.context.annotation.Import({org.springframework.boot.autoconfigure.ImportAutoConfigurationImportSelector.class}), @org.springframework.boot.test.autoconfigure.properties.PropertyMapping(value="spring.test.mockmvc", skip=NO), @org.springframework.boot.test.context.SpringBootTest(args={}, webEnvironment=MOCK, value={}, properties={}, classes={}), @org.springframework.test.context.BootstrapWith(org.springframework.boot.test.context.SpringBootTestContextBootstrapper.class), @org.springframework.boot.test.autoconfigure.properties.PropertyMapping(value="spring.test.restdocs", skip=NO), @org.springframework.context.annotation.Import({org.springframework.boot.test.autoconfigure.restdocs.RestDocumentationContextProviderRegistrar.class})]], org.springframework.boot.test.context.filter.ExcludeFilterContextCustomizer@37d4349f, org.springframework.boot.test.json.DuplicateJsonObjectContextCustomizerFactory$DuplicateJsonObjectContextCustomizer@2ea41516, org.springframework.boot.test.mock.mockito.MockitoContextCustomizer@7040d43d, org.springframework.boot.test.web.client.TestRestTemplateContextCustomizer@290222c1, org.springframework.boot.test.autoconfigure.actuate.metrics.MetricsExportContextCustomizerFactory$DisableMetricExportContextCustomizer@61001b64, org.springframework.boot.test.autoconfigure.properties.PropertyMappingContextCustomizer@63da79bb, org.springframework.boot.test.autoconfigure.web.servlet.WebDriverContextCustomizerFactory$Customizer@272113c4, org.springframework.boot.test.context.SpringBootTestArgs@1, org.springframework.boot.test.context.SpringBootTestWebEnvironment@2a556333], resourceBasePath = 'src/main/webapp', contextLoader = 'org.springframework.boot.test.context.SpringBootContextLoader', parent = [null]]]
2025-04-11 10:22:20.904 [main] DEBUG o.springframework.test.context.cache - Spring test ApplicationContext cache statistics: [DefaultContextCache@3866c96e size = 2, maxSize = 32, parentContextCount = 0, hitCount = 112, missCount = 2]
2025-04-11 10:22:20.905 [main] DEBUG o.s.t.c.c.DefaultCacheAwareContextLoaderDelegate - Retrieved ApplicationContext [1502502072] from cache with key [[WebMergedContextConfiguration@405603b6 testClass = UserControllerTest, locations = '{}', classes = '{class com.example.board.BoardApplication}', contextInitializerClasses = '[]', activeProfiles = '{}', propertySourceLocations = '{}', propertySourceProperties = '{org.springframework.boot.test.context.SpringBootTestContextBootstrapper=true}', contextCustomizers = set[[ImportsContextCustomizer@3c3cd13a key = [@org.springframework.boot.test.autoconfigure.web.servlet.AutoConfigureMockMvc(webDriverEnabled=true, print=DEFAULT, webClientEnabled=true, printOnlyOnFailure=true, addFilters=true), @org.springframework.security.test.context.support.WithSecurityContext(setupBefore=TEST_METHOD, factory=org.springframework.security.test.context.support.WithMockUserSecurityContextFactory.class), @org.springframework.boot.autoconfigure.ImportAutoConfiguration(value={}, exclude={}, classes={}), @org.springframework.security.test.context.support.WithMockUser(password="password", value="user", authorities={}, setupBefore=TEST_METHOD, roles={"USER"}, username=""), @org.springframework.context.annotation.Import({com.example.board.exception.GlobalExceptionHandler.class}), @org.springframework.boot.test.autoconfigure.restdocs.AutoConfigureRestDocs(uriScheme="http", outputDir="", uriPort=8080, value="", uriHost="localhost"), @org.springframework.context.annotation.Import({org.springframework.boot.autoconfigure.ImportAutoConfigurationImportSelector.class}), @org.springframework.boot.test.autoconfigure.properties.PropertyMapping(value="spring.test.mockmvc", skip=NO), @org.springframework.boot.test.context.SpringBootTest(args={}, webEnvironment=MOCK, value={}, properties={}, classes={}), @org.springframework.test.context.BootstrapWith(org.springframework.boot.test.context.SpringBootTestContextBootstrapper.class), @org.springframework.boot.test.autoconfigure.properties.PropertyMapping(value="spring.test.restdocs", skip=NO), @org.springframework.context.annotation.Import({org.springframework.boot.test.autoconfigure.restdocs.RestDocumentationContextProviderRegistrar.class})]], org.springframework.boot.test.context.filter.ExcludeFilterContextCustomizer@37d4349f, org.springframework.boot.test.json.DuplicateJsonObjectContextCustomizerFactory$DuplicateJsonObjectContextCustomizer@2ea41516, org.springframework.boot.test.mock.mockito.MockitoContextCustomizer@7040d43d, org.springframework.boot.test.web.client.TestRestTemplateContextCustomizer@290222c1, org.springframework.boot.test.autoconfigure.actuate.metrics.MetricsExportContextCustomizerFactory$DisableMetricExportContextCustomizer@61001b64, org.springframework.boot.test.autoconfigure.properties.PropertyMappingContextCustomizer@63da79bb, org.springframework.boot.test.autoconfigure.web.servlet.WebDriverContextCustomizerFactory$Customizer@272113c4, org.springframework.boot.test.context.SpringBootTestArgs@1, org.springframework.boot.test.context.SpringBootTestWebEnvironment@2a556333], resourceBasePath = 'src/main/webapp', contextLoader = 'org.springframework.boot.test.context.SpringBootContextLoader', parent = [null]]]
2025-04-11 10:22:20.905 [main] DEBUG o.springframework.test.context.cache - Spring test ApplicationContext cache statistics: [DefaultContextCache@3866c96e size = 2, maxSize = 32, parentContextCount = 0, hitCount = 113, missCount = 2]
2025-04-11 10:22:20.905 [main] DEBUG o.s.t.c.s.AbstractDirtiesContextTestExecutionListener - Before test method: context [DefaultTestContext@163df259 testClass = UserControllerTest, testInstance = com.example.board.controller.UserControllerTest@3e1c5e0d, testMethod = updateFailTest_dueToInvalidToken@UserControllerTest, testException = [null], mergedContextConfiguration = [WebMergedContextConfiguration@405603b6 testClass = UserControllerTest, locations = '{}', classes = '{class com.example.board.BoardApplication}', contextInitializerClasses = '[]', activeProfiles = '{}', propertySourceLocations = '{}', propertySourceProperties = '{org.springframework.boot.test.context.SpringBootTestContextBootstrapper=true}', contextCustomizers = set[[ImportsContextCustomizer@3c3cd13a key = [@org.springframework.boot.test.autoconfigure.web.servlet.AutoConfigureMockMvc(webDriverEnabled=true, print=DEFAULT, webClientEnabled=true, printOnlyOnFailure=true, addFilters=true), @org.springframework.security.test.context.support.WithSecurityContext(setupBefore=TEST_METHOD, factory=org.springframework.security.test.context.support.WithMockUserSecurityContextFactory.class), @org.springframework.boot.autoconfigure.ImportAutoConfiguration(value={}, exclude={}, classes={}), @org.springframework.security.test.context.support.WithMockUser(password="password", value="user", authorities={}, setupBefore=TEST_METHOD, roles={"USER"}, username=""), @org.springframework.context.annotation.Import({com.example.board.exception.GlobalExceptionHandler.class}), @org.springframework.boot.test.autoconfigure.restdocs.AutoConfigureRestDocs(uriScheme="http", outputDir="", uriPort=8080, value="", uriHost="localhost"), @org.springframework.context.annotation.Import({org.springframework.boot.autoconfigure.ImportAutoConfigurationImportSelector.class}), @org.springframework.boot.test.autoconfigure.properties.PropertyMapping(value="spring.test.mockmvc", skip=NO), @org.springframework.boot.test.context.SpringBootTest(args={}, webEnvironment=MOCK, value={}, properties={}, classes={}), @org.springframework.test.context.BootstrapWith(org.springframework.boot.test.context.SpringBootTestContextBootstrapper.class), @org.springframework.boot.test.autoconfigure.properties.PropertyMapping(value="spring.test.restdocs", skip=NO), @org.springframework.context.annotation.Import({org.springframework.boot.test.autoconfigure.restdocs.RestDocumentationContextProviderRegistrar.class})]], org.springframework.boot.test.context.filter.ExcludeFilterContextCustomizer@37d4349f, org.springframework.boot.test.json.DuplicateJsonObjectContextCustomizerFactory$DuplicateJsonObjectContextCustomizer@2ea41516, org.springframework.boot.test.mock.mockito.MockitoContextCustomizer@7040d43d, org.springframework.boot.test.web.client.TestRestTemplateContextCustomizer@290222c1, org.springframework.boot.test.autoconfigure.actuate.metrics.MetricsExportContextCustomizerFactory$DisableMetricExportContextCustomizer@61001b64, org.springframework.boot.test.autoconfigure.properties.PropertyMappingContextCustomizer@63da79bb, org.springframework.boot.test.autoconfigure.web.servlet.WebDriverContextCustomizerFactory$Customizer@272113c4, org.springframework.boot.test.context.SpringBootTestArgs@1, org.springframework.boot.test.context.SpringBootTestWebEnvironment@2a556333], resourceBasePath = 'src/main/webapp', contextLoader = 'org.springframework.boot.test.context.SpringBootContextLoader', parent = [null]], attributes = map['org.springframework.test.context.web.ServletTestExecutionListener.activateListener' -> true, 'org.springframework.test.context.web.ServletTestExecutionListener.populatedRequestContextHolder' -> true, 'org.springframework.test.context.web.ServletTestExecutionListener.resetRequestContextHolder' -> true, 'org.springframework.test.context.event.ApplicationEventsTestExecutionListener.recordApplicationEvents' -> false]], class annotated with @DirtiesContext [false] with mode [null], method annotated with @DirtiesContext [false] with mode [null].
2025-04-11 10:22:20.905 [main] DEBUG o.s.t.c.c.DefaultCacheAwareContextLoaderDelegate - Retrieved ApplicationContext [1502502072] from cache with key [[WebMergedContextConfiguration@405603b6 testClass = UserControllerTest, locations = '{}', classes = '{class com.example.board.BoardApplication}', contextInitializerClasses = '[]', activeProfiles = '{}', propertySourceLocations = '{}', propertySourceProperties = '{org.springframework.boot.test.context.SpringBootTestContextBootstrapper=true}', contextCustomizers = set[[ImportsContextCustomizer@3c3cd13a key = [@org.springframework.boot.test.autoconfigure.web.servlet.AutoConfigureMockMvc(webDriverEnabled=true, print=DEFAULT, webClientEnabled=true, printOnlyOnFailure=true, addFilters=true), @org.springframework.security.test.context.support.WithSecurityContext(setupBefore=TEST_METHOD, factory=org.springframework.security.test.context.support.WithMockUserSecurityContextFactory.class), @org.springframework.boot.autoconfigure.ImportAutoConfiguration(value={}, exclude={}, classes={}), @org.springframework.security.test.context.support.WithMockUser(password="password", value="user", authorities={}, setupBefore=TEST_METHOD, roles={"USER"}, username=""), @org.springframework.context.annotation.Import({com.example.board.exception.GlobalExceptionHandler.class}), @org.springframework.boot.test.autoconfigure.restdocs.AutoConfigureRestDocs(uriScheme="http", outputDir="", uriPort=8080, value="", uriHost="localhost"), @org.springframework.context.annotation.Import({org.springframework.boot.autoconfigure.ImportAutoConfigurationImportSelector.class}), @org.springframework.boot.test.autoconfigure.properties.PropertyMapping(value="spring.test.mockmvc", skip=NO), @org.springframework.boot.test.context.SpringBootTest(args={}, webEnvironment=MOCK, value={}, properties={}, classes={}), @org.springframework.test.context.BootstrapWith(org.springframework.boot.test.context.SpringBootTestContextBootstrapper.class), @org.springframework.boot.test.autoconfigure.properties.PropertyMapping(value="spring.test.restdocs", skip=NO), @org.springframework.context.annotation.Import({org.springframework.boot.test.autoconfigure.restdocs.RestDocumentationContextProviderRegistrar.class})]], org.springframework.boot.test.context.filter.ExcludeFilterContextCustomizer@37d4349f, org.springframework.boot.test.json.DuplicateJsonObjectContextCustomizerFactory$DuplicateJsonObjectContextCustomizer@2ea41516, org.springframework.boot.test.mock.mockito.MockitoContextCustomizer@7040d43d, org.springframework.boot.test.web.client.TestRestTemplateContextCustomizer@290222c1, org.springframework.boot.test.autoconfigure.actuate.metrics.MetricsExportContextCustomizerFactory$DisableMetricExportContextCustomizer@61001b64, org.springframework.boot.test.autoconfigure.properties.PropertyMappingContextCustomizer@63da79bb, org.springframework.boot.test.autoconfigure.web.servlet.WebDriverContextCustomizerFactory$Customizer@272113c4, org.springframework.boot.test.context.SpringBootTestArgs@1, org.springframework.boot.test.context.SpringBootTestWebEnvironment@2a556333], resourceBasePath = 'src/main/webapp', contextLoader = 'org.springframework.boot.test.context.SpringBootContextLoader', parent = [null]]]
2025-04-11 10:22:20.905 [main] DEBUG o.springframework.test.context.cache - Spring test ApplicationContext cache statistics: [DefaultContextCache@3866c96e size = 2, maxSize = 32, parentContextCount = 0, hitCount = 114, missCount = 2]
2025-04-11 10:22:20.905 [main] DEBUG o.s.t.c.c.DefaultCacheAwareContextLoaderDelegate - Retrieved ApplicationContext [1502502072] from cache with key [[WebMergedContextConfiguration@405603b6 testClass = UserControllerTest, locations = '{}', classes = '{class com.example.board.BoardApplication}', contextInitializerClasses = '[]', activeProfiles = '{}', propertySourceLocations = '{}', propertySourceProperties = '{org.springframework.boot.test.context.SpringBootTestContextBootstrapper=true}', contextCustomizers = set[[ImportsContextCustomizer@3c3cd13a key = [@org.springframework.boot.test.autoconfigure.web.servlet.AutoConfigureMockMvc(webDriverEnabled=true, print=DEFAULT, webClientEnabled=true, printOnlyOnFailure=true, addFilters=true), @org.springframework.security.test.context.support.WithSecurityContext(setupBefore=TEST_METHOD, factory=org.springframework.security.test.context.support.WithMockUserSecurityContextFactory.class), @org.springframework.boot.autoconfigure.ImportAutoConfiguration(value={}, exclude={}, classes={}), @org.springframework.security.test.context.support.WithMockUser(password="password", value="user", authorities={}, setupBefore=TEST_METHOD, roles={"USER"}, username=""), @org.springframework.context.annotation.Import({com.example.board.exception.GlobalExceptionHandler.class}), @org.springframework.boot.test.autoconfigure.restdocs.AutoConfigureRestDocs(uriScheme="http", outputDir="", uriPort=8080, value="", uriHost="localhost"), @org.springframework.context.annotation.Import({org.springframework.boot.autoconfigure.ImportAutoConfigurationImportSelector.class}), @org.springframework.boot.test.autoconfigure.properties.PropertyMapping(value="spring.test.mockmvc", skip=NO), @org.springframework.boot.test.context.SpringBootTest(args={}, webEnvironment=MOCK, value={}, properties={}, classes={}), @org.springframework.test.context.BootstrapWith(org.springframework.boot.test.context.SpringBootTestContextBootstrapper.class), @org.springframework.boot.test.autoconfigure.properties.PropertyMapping(value="spring.test.restdocs", skip=NO), @org.springframework.context.annotation.Import({org.springframework.boot.test.autoconfigure.restdocs.RestDocumentationContextProviderRegistrar.class})]], org.springframework.boot.test.context.filter.ExcludeFilterContextCustomizer@37d4349f, org.springframework.boot.test.json.DuplicateJsonObjectContextCustomizerFactory$DuplicateJsonObjectContextCustomizer@2ea41516, org.springframework.boot.test.mock.mockito.MockitoContextCustomizer@7040d43d, org.springframework.boot.test.web.client.TestRestTemplateContextCustomizer@290222c1, org.springframework.boot.test.autoconfigure.actuate.metrics.MetricsExportContextCustomizerFactory$DisableMetricExportContextCustomizer@61001b64, org.springframework.boot.test.autoconfigure.properties.PropertyMappingContextCustomizer@63da79bb, org.springframework.boot.test.autoconfigure.web.servlet.WebDriverContextCustomizerFactory$Customizer@272113c4, org.springframework.boot.test.context.SpringBootTestArgs@1, org.springframework.boot.test.context.SpringBootTestWebEnvironment@2a556333], resourceBasePath = 'src/main/webapp', contextLoader = 'org.springframework.boot.test.context.SpringBootContextLoader', parent = [null]]]
2025-04-11 10:22:20.905 [main] DEBUG o.springframework.test.context.cache - Spring test ApplicationContext cache statistics: [DefaultContextCache@3866c96e size = 2, maxSize = 32, parentContextCount = 0, hitCount = 115, missCount = 2]
2025-04-11 10:22:20.905 [main] DEBUG o.s.t.c.c.DefaultCacheAwareContextLoaderDelegate - Retrieved ApplicationContext [1502502072] from cache with key [[WebMergedContextConfiguration@405603b6 testClass = UserControllerTest, locations = '{}', classes = '{class com.example.board.BoardApplication}', contextInitializerClasses = '[]', activeProfiles = '{}', propertySourceLocations = '{}', propertySourceProperties = '{org.springframework.boot.test.context.SpringBootTestContextBootstrapper=true}', contextCustomizers = set[[ImportsContextCustomizer@3c3cd13a key = [@org.springframework.boot.test.autoconfigure.web.servlet.AutoConfigureMockMvc(webDriverEnabled=true, print=DEFAULT, webClientEnabled=true, printOnlyOnFailure=true, addFilters=true), @org.springframework.security.test.context.support.WithSecurityContext(setupBefore=TEST_METHOD, factory=org.springframework.security.test.context.support.WithMockUserSecurityContextFactory.class), @org.springframework.boot.autoconfigure.ImportAutoConfiguration(value={}, exclude={}, classes={}), @org.springframework.security.test.context.support.WithMockUser(password="password", value="user", authorities={}, setupBefore=TEST_METHOD, roles={"USER"}, username=""), @org.springframework.context.annotation.Import({com.example.board.exception.GlobalExceptionHandler.class}), @org.springframework.boot.test.autoconfigure.restdocs.AutoConfigureRestDocs(uriScheme="http", outputDir="", uriPort=8080, value="", uriHost="localhost"), @org.springframework.context.annotation.Import({org.springframework.boot.autoconfigure.ImportAutoConfigurationImportSelector.class}), @org.springframework.boot.test.autoconfigure.properties.PropertyMapping(value="spring.test.mockmvc", skip=NO), @org.springframework.boot.test.context.SpringBootTest(args={}, webEnvironment=MOCK, value={}, properties={}, classes={}), @org.springframework.test.context.BootstrapWith(org.springframework.boot.test.context.SpringBootTestContextBootstrapper.class), @org.springframework.boot.test.autoconfigure.properties.PropertyMapping(value="spring.test.restdocs", skip=NO), @org.springframework.context.annotation.Import({org.springframework.boot.test.autoconfigure.restdocs.RestDocumentationContextProviderRegistrar.class})]], org.springframework.boot.test.context.filter.ExcludeFilterContextCustomizer@37d4349f, org.springframework.boot.test.json.DuplicateJsonObjectContextCustomizerFactory$DuplicateJsonObjectContextCustomizer@2ea41516, org.springframework.boot.test.mock.mockito.MockitoContextCustomizer@7040d43d, org.springframework.boot.test.web.client.TestRestTemplateContextCustomizer@290222c1, org.springframework.boot.test.autoconfigure.actuate.metrics.MetricsExportContextCustomizerFactory$DisableMetricExportContextCustomizer@61001b64, org.springframework.boot.test.autoconfigure.properties.PropertyMappingContextCustomizer@63da79bb, org.springframework.boot.test.autoconfigure.web.servlet.WebDriverContextCustomizerFactory$Customizer@272113c4, org.springframework.boot.test.context.SpringBootTestArgs@1, org.springframework.boot.test.context.SpringBootTestWebEnvironment@2a556333], resourceBasePath = 'src/main/webapp', contextLoader = 'org.springframework.boot.test.context.SpringBootContextLoader', parent = [null]]]
2025-04-11 10:22:20.905 [main] DEBUG o.springframework.test.context.cache - Spring test ApplicationContext cache statistics: [DefaultContextCache@3866c96e size = 2, maxSize = 32, parentContextCount = 0, hitCount = 116, missCount = 2]
2025-04-11 10:22:20.906 [main] DEBUG o.s.t.c.c.DefaultCacheAwareContextLoaderDelegate - Retrieved ApplicationContext [1502502072] from cache with key [[WebMergedContextConfiguration@405603b6 testClass = UserControllerTest, locations = '{}', classes = '{class com.example.board.BoardApplication}', contextInitializerClasses = '[]', activeProfiles = '{}', propertySourceLocations = '{}', propertySourceProperties = '{org.springframework.boot.test.context.SpringBootTestContextBootstrapper=true}', contextCustomizers = set[[ImportsContextCustomizer@3c3cd13a key = [@org.springframework.boot.test.autoconfigure.web.servlet.AutoConfigureMockMvc(webDriverEnabled=true, print=DEFAULT, webClientEnabled=true, printOnlyOnFailure=true, addFilters=true), @org.springframework.security.test.context.support.WithSecurityContext(setupBefore=TEST_METHOD, factory=org.springframework.security.test.context.support.WithMockUserSecurityContextFactory.class), @org.springframework.boot.autoconfigure.ImportAutoConfiguration(value={}, exclude={}, classes={}), @org.springframework.security.test.context.support.WithMockUser(password="password", value="user", authorities={}, setupBefore=TEST_METHOD, roles={"USER"}, username=""), @org.springframework.context.annotation.Import({com.example.board.exception.GlobalExceptionHandler.class}), @org.springframework.boot.test.autoconfigure.restdocs.AutoConfigureRestDocs(uriScheme="http", outputDir="", uriPort=8080, value="", uriHost="localhost"), @org.springframework.context.annotation.Import({org.springframework.boot.autoconfigure.ImportAutoConfigurationImportSelector.class}), @org.springframework.boot.test.autoconfigure.properties.PropertyMapping(value="spring.test.mockmvc", skip=NO), @org.springframework.boot.test.context.SpringBootTest(args={}, webEnvironment=MOCK, value={}, properties={}, classes={}), @org.springframework.test.context.BootstrapWith(org.springframework.boot.test.context.SpringBootTestContextBootstrapper.class), @org.springframework.boot.test.autoconfigure.properties.PropertyMapping(value="spring.test.restdocs", skip=NO), @org.springframework.context.annotation.Import({org.springframework.boot.test.autoconfigure.restdocs.RestDocumentationContextProviderRegistrar.class})]], org.springframework.boot.test.context.filter.ExcludeFilterContextCustomizer@37d4349f, org.springframework.boot.test.json.DuplicateJsonObjectContextCustomizerFactory$DuplicateJsonObjectContextCustomizer@2ea41516, org.springframework.boot.test.mock.mockito.MockitoContextCustomizer@7040d43d, org.springframework.boot.test.web.client.TestRestTemplateContextCustomizer@290222c1, org.springframework.boot.test.autoconfigure.actuate.metrics.MetricsExportContextCustomizerFactory$DisableMetricExportContextCustomizer@61001b64, org.springframework.boot.test.autoconfigure.properties.PropertyMappingContextCustomizer@63da79bb, org.springframework.boot.test.autoconfigure.web.servlet.WebDriverContextCustomizerFactory$Customizer@272113c4, org.springframework.boot.test.context.SpringBootTestArgs@1, org.springframework.boot.test.context.SpringBootTestWebEnvironment@2a556333], resourceBasePath = 'src/main/webapp', contextLoader = 'org.springframework.boot.test.context.SpringBootContextLoader', parent = [null]]]
2025-04-11 10:22:20.906 [main] DEBUG o.springframework.test.context.cache - Spring test ApplicationContext cache statistics: [DefaultContextCache@3866c96e size = 2, maxSize = 32, parentContextCount = 0, hitCount = 117, missCount = 2]
2025-04-11 10:22:20.906 [main] DEBUG o.s.t.c.c.DefaultCacheAwareContextLoaderDelegate - Retrieved ApplicationContext [1502502072] from cache with key [[WebMergedContextConfiguration@405603b6 testClass = UserControllerTest, locations = '{}', classes = '{class com.example.board.BoardApplication}', contextInitializerClasses = '[]', activeProfiles = '{}', propertySourceLocations = '{}', propertySourceProperties = '{org.springframework.boot.test.context.SpringBootTestContextBootstrapper=true}', contextCustomizers = set[[ImportsContextCustomizer@3c3cd13a key = [@org.springframework.boot.test.autoconfigure.web.servlet.AutoConfigureMockMvc(webDriverEnabled=true, print=DEFAULT, webClientEnabled=true, printOnlyOnFailure=true, addFilters=true), @org.springframework.security.test.context.support.WithSecurityContext(setupBefore=TEST_METHOD, factory=org.springframework.security.test.context.support.WithMockUserSecurityContextFactory.class), @org.springframework.boot.autoconfigure.ImportAutoConfiguration(value={}, exclude={}, classes={}), @org.springframework.security.test.context.support.WithMockUser(password="password", value="user", authorities={}, setupBefore=TEST_METHOD, roles={"USER"}, username=""), @org.springframework.context.annotation.Import({com.example.board.exception.GlobalExceptionHandler.class}), @org.springframework.boot.test.autoconfigure.restdocs.AutoConfigureRestDocs(uriScheme="http", outputDir="", uriPort=8080, value="", uriHost="localhost"), @org.springframework.context.annotation.Import({org.springframework.boot.autoconfigure.ImportAutoConfigurationImportSelector.class}), @org.springframework.boot.test.autoconfigure.properties.PropertyMapping(value="spring.test.mockmvc", skip=NO), @org.springframework.boot.test.context.SpringBootTest(args={}, webEnvironment=MOCK, value={}, properties={}, classes={}), @org.springframework.test.context.BootstrapWith(org.springframework.boot.test.context.SpringBootTestContextBootstrapper.class), @org.springframework.boot.test.autoconfigure.properties.PropertyMapping(value="spring.test.restdocs", skip=NO), @org.springframework.context.annotation.Import({org.springframework.boot.test.autoconfigure.restdocs.RestDocumentationContextProviderRegistrar.class})]], org.springframework.boot.test.context.filter.ExcludeFilterContextCustomizer@37d4349f, org.springframework.boot.test.json.DuplicateJsonObjectContextCustomizerFactory$DuplicateJsonObjectContextCustomizer@2ea41516, org.springframework.boot.test.mock.mockito.MockitoContextCustomizer@7040d43d, org.springframework.boot.test.web.client.TestRestTemplateContextCustomizer@290222c1, org.springframework.boot.test.autoconfigure.actuate.metrics.MetricsExportContextCustomizerFactory$DisableMetricExportContextCustomizer@61001b64, org.springframework.boot.test.autoconfigure.properties.PropertyMappingContextCustomizer@63da79bb, org.springframework.boot.test.autoconfigure.web.servlet.WebDriverContextCustomizerFactory$Customizer@272113c4, org.springframework.boot.test.context.SpringBootTestArgs@1, org.springframework.boot.test.context.SpringBootTestWebEnvironment@2a556333], resourceBasePath = 'src/main/webapp', contextLoader = 'org.springframework.boot.test.context.SpringBootContextLoader', parent = [null]]]
2025-04-11 10:22:20.906 [main] DEBUG o.springframework.test.context.cache - Spring test ApplicationContext cache statistics: [DefaultContextCache@3866c96e size = 2, maxSize = 32, parentContextCount = 0, hitCount = 118, missCount = 2]
2025-04-11 10:22:20.906 [main] DEBUG o.s.test.util.ReflectionTestUtils - Invoking method 'getFilters' on target object [FilterChainProxy[Filter Chains: [DefaultSecurityFilterChain [RequestMatcher=any request, Filters=[org.springframework.security.web.session.DisableEncodeUrlFilter@512dc0e0, org.springframework.security.web.context.request.async.WebAsyncManagerIntegrationFilter@f96654, org.springframework.security.web.context.SecurityContextPersistenceFilter@5b2c7186, org.springframework.security.web.header.HeaderWriterFilter@2bd7f686, org.springframework.security.web.authentication.logout.LogoutFilter@16c8e9b8, com.example.board.security.JwtAuthenticationFilter@75063bd0, org.springframework.security.web.savedrequest.RequestCacheAwareFilter@fcd3a6f, org.springframework.security.web.servletapi.SecurityContextHolderAwareRequestFilter@7845ee8a, org.springframework.security.web.authentication.AnonymousAuthenticationFilter@637506d8, org.springframework.security.web.session.SessionManagementFilter@3601549f, org.springframework.security.web.access.ExceptionTranslationFilter@1e6bd367, org.springframework.security.web.access.intercept.AuthorizationFilter@27d6267e]]]]] or target class [null] with arguments {org.springframework.mock.web.MockHttpServletRequest@6f7a65e}
2025-04-11 10:22:20.906 [main] DEBUG o.s.test.util.ReflectionTestUtils - Getting field 'repo' from target object [org.springframework.security.web.context.SecurityContextPersistenceFilter@5b2c7186] or target class [class org.springframework.security.web.context.SecurityContextPersistenceFilter]
2025-04-11 10:22:20.907 [main] DEBUG o.s.security.web.FilterChainProxy - Securing PATCH /api/users/me
2025-04-11 10:22:20.907 [main] DEBUG o.s.s.w.c.SecurityContextPersistenceFilter - Set SecurityContextHolder to SecurityContextImpl [Authentication=UsernamePasswordAuthenticationToken [Principal=org.springframework.security.core.userdetails.User [Username=user, Password=[PROTECTED], Enabled=true, AccountNonExpired=true, credentialsNonExpired=true, AccountNonLocked=true, Granted Authorities=[ROLE_USER]], Credentials=[PROTECTED], Authenticated=true, Details=null, Granted Authorities=[ROLE_USER]]]
2025-04-11 10:22:20.907 [main] DEBUG o.s.security.web.FilterChainProxy - Secured PATCH /api/users/me
2025-04-11 10:22:20.907 [main] DEBUG o.s.t.w.s.TestDispatcherServlet - PATCH "/api/users/me", parameters={}
2025-04-11 10:22:20.907 [main] DEBUG o.s.w.s.m.m.a.RequestMappingHandlerMapping - Mapped to com.example.board.controller.UserController#update(JwtUserInfo, UserUpdateRequestDto)
2025-04-11 10:22:20.907 [main] DEBUG o.s.w.s.m.m.a.RequestResponseBodyMethodProcessor - Read "application/json;charset=UTF-8" to [com.example.board.domain.user.dto.UserUpdateRequestDto@29bf90fc]
2025-04-11 10:22:20.908 [main] DEBUG o.s.t.w.s.TestDispatcherServlet - Failed to complete request: java.lang.NullPointerException: Cannot invoke "com.example.board.common.dto.JwtUserInfo.getEmail()" because "userInfo" is null
2025-04-11 10:22:20.908 [main] DEBUG o.s.s.w.c.SecurityContextPersistenceFilter - Cleared SecurityContextHolder to complete request
2025-04-11 10:22:20.908 [main] DEBUG o.s.t.c.c.DefaultCacheAwareContextLoaderDelegate - Retrieved ApplicationContext [1502502072] from cache with key [[WebMergedContextConfiguration@405603b6 testClass = UserControllerTest, locations = '{}', classes = '{class com.example.board.BoardApplication}', contextInitializerClasses = '[]', activeProfiles = '{}', propertySourceLocations = '{}', propertySourceProperties = '{org.springframework.boot.test.context.SpringBootTestContextBootstrapper=true}', contextCustomizers = set[[ImportsContextCustomizer@3c3cd13a key = [@org.springframework.boot.test.autoconfigure.web.servlet.AutoConfigureMockMvc(webDriverEnabled=true, print=DEFAULT, webClientEnabled=true, printOnlyOnFailure=true, addFilters=true), @org.springframework.security.test.context.support.WithSecurityContext(setupBefore=TEST_METHOD, factory=org.springframework.security.test.context.support.WithMockUserSecurityContextFactory.class), @org.springframework.boot.autoconfigure.ImportAutoConfiguration(value={}, exclude={}, classes={}), @org.springframework.security.test.context.support.WithMockUser(password="password", value="user", authorities={}, setupBefore=TEST_METHOD, roles={"USER"}, username=""), @org.springframework.context.annotation.Import({com.example.board.exception.GlobalExceptionHandler.class}), @org.springframework.boot.test.autoconfigure.restdocs.AutoConfigureRestDocs(uriScheme="http", outputDir="", uriPort=8080, value="", uriHost="localhost"), @org.springframework.context.annotation.Import({org.springframework.boot.autoconfigure.ImportAutoConfigurationImportSelector.class}), @org.springframework.boot.test.autoconfigure.properties.PropertyMapping(value="spring.test.mockmvc", skip=NO), @org.springframework.boot.test.context.SpringBootTest(args={}, webEnvironment=MOCK, value={}, properties={}, classes={}), @org.springframework.test.context.BootstrapWith(org.springframework.boot.test.context.SpringBootTestContextBootstrapper.class), @org.springframework.boot.test.autoconfigure.properties.PropertyMapping(value="spring.test.restdocs", skip=NO), @org.springframework.context.annotation.Import({org.springframework.boot.test.autoconfigure.restdocs.RestDocumentationContextProviderRegistrar.class})]], org.springframework.boot.test.context.filter.ExcludeFilterContextCustomizer@37d4349f, org.springframework.boot.test.json.DuplicateJsonObjectContextCustomizerFactory$DuplicateJsonObjectContextCustomizer@2ea41516, org.springframework.boot.test.mock.mockito.MockitoContextCustomizer@7040d43d, org.springframework.boot.test.web.client.TestRestTemplateContextCustomizer@290222c1, org.springframework.boot.test.autoconfigure.actuate.metrics.MetricsExportContextCustomizerFactory$DisableMetricExportContextCustomizer@61001b64, org.springframework.boot.test.autoconfigure.properties.PropertyMappingContextCustomizer@63da79bb, org.springframework.boot.test.autoconfigure.web.servlet.WebDriverContextCustomizerFactory$Customizer@272113c4, org.springframework.boot.test.context.SpringBootTestArgs@1, org.springframework.boot.test.context.SpringBootTestWebEnvironment@2a556333], resourceBasePath = 'src/main/webapp', contextLoader = 'org.springframework.boot.test.context.SpringBootContextLoader', parent = [null]]]
2025-04-11 10:22:20.908 [main] DEBUG o.springframework.test.context.cache - Spring test ApplicationContext cache statistics: [DefaultContextCache@3866c96e size = 2, maxSize = 32, parentContextCount = 0, hitCount = 119, missCount = 2]
2025-04-11 10:22:20.908 [main] DEBUG o.s.t.c.c.DefaultCacheAwareContextLoaderDelegate - Retrieved ApplicationContext [1502502072] from cache with key [[WebMergedContextConfiguration@405603b6 testClass = UserControllerTest, locations = '{}', classes = '{class com.example.board.BoardApplication}', contextInitializerClasses = '[]', activeProfiles = '{}', propertySourceLocations = '{}', propertySourceProperties = '{org.springframework.boot.test.context.SpringBootTestContextBootstrapper=true}', contextCustomizers = set[[ImportsContextCustomizer@3c3cd13a key = [@org.springframework.boot.test.autoconfigure.web.servlet.AutoConfigureMockMvc(webDriverEnabled=true, print=DEFAULT, webClientEnabled=true, printOnlyOnFailure=true, addFilters=true), @org.springframework.security.test.context.support.WithSecurityContext(setupBefore=TEST_METHOD, factory=org.springframework.security.test.context.support.WithMockUserSecurityContextFactory.class), @org.springframework.boot.autoconfigure.ImportAutoConfiguration(value={}, exclude={}, classes={}), @org.springframework.security.test.context.support.WithMockUser(password="password", value="user", authorities={}, setupBefore=TEST_METHOD, roles={"USER"}, username=""), @org.springframework.context.annotation.Import({com.example.board.exception.GlobalExceptionHandler.class}), @org.springframework.boot.test.autoconfigure.restdocs.AutoConfigureRestDocs(uriScheme="http", outputDir="", uriPort=8080, value="", uriHost="localhost"), @org.springframework.context.annotation.Import({org.springframework.boot.autoconfigure.ImportAutoConfigurationImportSelector.class}), @org.springframework.boot.test.autoconfigure.properties.PropertyMapping(value="spring.test.mockmvc", skip=NO), @org.springframework.boot.test.context.SpringBootTest(args={}, webEnvironment=MOCK, value={}, properties={}, classes={}), @org.springframework.test.context.BootstrapWith(org.springframework.boot.test.context.SpringBootTestContextBootstrapper.class), @org.springframework.boot.test.autoconfigure.properties.PropertyMapping(value="spring.test.restdocs", skip=NO), @org.springframework.context.annotation.Import({org.springframework.boot.test.autoconfigure.restdocs.RestDocumentationContextProviderRegistrar.class})]], org.springframework.boot.test.context.filter.ExcludeFilterContextCustomizer@37d4349f, org.springframework.boot.test.json.DuplicateJsonObjectContextCustomizerFactory$DuplicateJsonObjectContextCustomizer@2ea41516, org.springframework.boot.test.mock.mockito.MockitoContextCustomizer@7040d43d, org.springframework.boot.test.web.client.TestRestTemplateContextCustomizer@290222c1, org.springframework.boot.test.autoconfigure.actuate.metrics.MetricsExportContextCustomizerFactory$DisableMetricExportContextCustomizer@61001b64, org.springframework.boot.test.autoconfigure.properties.PropertyMappingContextCustomizer@63da79bb, org.springframework.boot.test.autoconfigure.web.servlet.WebDriverContextCustomizerFactory$Customizer@272113c4, org.springframework.boot.test.context.SpringBootTestArgs@1, org.springframework.boot.test.context.SpringBootTestWebEnvironment@2a556333], resourceBasePath = 'src/main/webapp', contextLoader = 'org.springframework.boot.test.context.SpringBootContextLoader', parent = [null]]]
2025-04-11 10:22:20.908 [main] DEBUG o.springframework.test.context.cache - Spring test ApplicationContext cache statistics: [DefaultContextCache@3866c96e size = 2, maxSize = 32, parentContextCount = 0, hitCount = 120, missCount = 2]
2025-04-11 10:22:20.908 [main] DEBUG o.s.t.c.c.DefaultCacheAwareContextLoaderDelegate - Retrieved ApplicationContext [1502502072] from cache with key [[WebMergedContextConfiguration@405603b6 testClass = UserControllerTest, locations = '{}', classes = '{class com.example.board.BoardApplication}', contextInitializerClasses = '[]', activeProfiles = '{}', propertySourceLocations = '{}', propertySourceProperties = '{org.springframework.boot.test.context.SpringBootTestContextBootstrapper=true}', contextCustomizers = set[[ImportsContextCustomizer@3c3cd13a key = [@org.springframework.boot.test.autoconfigure.web.servlet.AutoConfigureMockMvc(webDriverEnabled=true, print=DEFAULT, webClientEnabled=true, printOnlyOnFailure=true, addFilters=true), @org.springframework.security.test.context.support.WithSecurityContext(setupBefore=TEST_METHOD, factory=org.springframework.security.test.context.support.WithMockUserSecurityContextFactory.class), @org.springframework.boot.autoconfigure.ImportAutoConfiguration(value={}, exclude={}, classes={}), @org.springframework.security.test.context.support.WithMockUser(password="password", value="user", authorities={}, setupBefore=TEST_METHOD, roles={"USER"}, username=""), @org.springframework.context.annotation.Import({com.example.board.exception.GlobalExceptionHandler.class}), @org.springframework.boot.test.autoconfigure.restdocs.AutoConfigureRestDocs(uriScheme="http", outputDir="", uriPort=8080, value="", uriHost="localhost"), @org.springframework.context.annotation.Import({org.springframework.boot.autoconfigure.ImportAutoConfigurationImportSelector.class}), @org.springframework.boot.test.autoconfigure.properties.PropertyMapping(value="spring.test.mockmvc", skip=NO), @org.springframework.boot.test.context.SpringBootTest(args={}, webEnvironment=MOCK, value={}, properties={}, classes={}), @org.springframework.test.context.BootstrapWith(org.springframework.boot.test.context.SpringBootTestContextBootstrapper.class), @org.springframework.boot.test.autoconfigure.properties.PropertyMapping(value="spring.test.restdocs", skip=NO), @org.springframework.context.annotation.Import({org.springframework.boot.test.autoconfigure.restdocs.RestDocumentationContextProviderRegistrar.class})]], org.springframework.boot.test.context.filter.ExcludeFilterContextCustomizer@37d4349f, org.springframework.boot.test.json.DuplicateJsonObjectContextCustomizerFactory$DuplicateJsonObjectContextCustomizer@2ea41516, org.springframework.boot.test.mock.mockito.MockitoContextCustomizer@7040d43d, org.springframework.boot.test.web.client.TestRestTemplateContextCustomizer@290222c1, org.springframework.boot.test.autoconfigure.actuate.metrics.MetricsExportContextCustomizerFactory$DisableMetricExportContextCustomizer@61001b64, org.springframework.boot.test.autoconfigure.properties.PropertyMappingContextCustomizer@63da79bb, org.springframework.boot.test.autoconfigure.web.servlet.WebDriverContextCustomizerFactory$Customizer@272113c4, org.springframework.boot.test.context.SpringBootTestArgs@1, org.springframework.boot.test.context.SpringBootTestWebEnvironment@2a556333], resourceBasePath = 'src/main/webapp', contextLoader = 'org.springframework.boot.test.context.SpringBootContextLoader', parent = [null]]]
2025-04-11 10:22:20.908 [main] DEBUG o.springframework.test.context.cache - Spring test ApplicationContext cache statistics: [DefaultContextCache@3866c96e size = 2, maxSize = 32, parentContextCount = 0, hitCount = 121, missCount = 2]
2025-04-11 10:22:20.908 [main] DEBUG o.s.t.c.c.DefaultCacheAwareContextLoaderDelegate - Retrieved ApplicationContext [1502502072] from cache with key [[WebMergedContextConfiguration@405603b6 testClass = UserControllerTest, locations = '{}', classes = '{class com.example.board.BoardApplication}', contextInitializerClasses = '[]', activeProfiles = '{}', propertySourceLocations = '{}', propertySourceProperties = '{org.springframework.boot.test.context.SpringBootTestContextBootstrapper=true}', contextCustomizers = set[[ImportsContextCustomizer@3c3cd13a key = [@org.springframework.boot.test.autoconfigure.web.servlet.AutoConfigureMockMvc(webDriverEnabled=true, print=DEFAULT, webClientEnabled=true, printOnlyOnFailure=true, addFilters=true), @org.springframework.security.test.context.support.WithSecurityContext(setupBefore=TEST_METHOD, factory=org.springframework.security.test.context.support.WithMockUserSecurityContextFactory.class), @org.springframework.boot.autoconfigure.ImportAutoConfiguration(value={}, exclude={}, classes={}), @org.springframework.security.test.context.support.WithMockUser(password="password", value="user", authorities={}, setupBefore=TEST_METHOD, roles={"USER"}, username=""), @org.springframework.context.annotation.Import({com.example.board.exception.GlobalExceptionHandler.class}), @org.springframework.boot.test.autoconfigure.restdocs.AutoConfigureRestDocs(uriScheme="http", outputDir="", uriPort=8080, value="", uriHost="localhost"), @org.springframework.context.annotation.Import({org.springframework.boot.autoconfigure.ImportAutoConfigurationImportSelector.class}), @org.springframework.boot.test.autoconfigure.properties.PropertyMapping(value="spring.test.mockmvc", skip=NO), @org.springframework.boot.test.context.SpringBootTest(args={}, webEnvironment=MOCK, value={}, properties={}, classes={}), @org.springframework.test.context.BootstrapWith(org.springframework.boot.test.context.SpringBootTestContextBootstrapper.class), @org.springframework.boot.test.autoconfigure.properties.PropertyMapping(value="spring.test.restdocs", skip=NO), @org.springframework.context.annotation.Import({org.springframework.boot.test.autoconfigure.restdocs.RestDocumentationContextProviderRegistrar.class})]], org.springframework.boot.test.context.filter.ExcludeFilterContextCustomizer@37d4349f, org.springframework.boot.test.json.DuplicateJsonObjectContextCustomizerFactory$DuplicateJsonObjectContextCustomizer@2ea41516, org.springframework.boot.test.mock.mockito.MockitoContextCustomizer@7040d43d, org.springframework.boot.test.web.client.TestRestTemplateContextCustomizer@290222c1, org.springframework.boot.test.autoconfigure.actuate.metrics.MetricsExportContextCustomizerFactory$DisableMetricExportContextCustomizer@61001b64, org.springframework.boot.test.autoconfigure.properties.PropertyMappingContextCustomizer@63da79bb, org.springframework.boot.test.autoconfigure.web.servlet.WebDriverContextCustomizerFactory$Customizer@272113c4, org.springframework.boot.test.context.SpringBootTestArgs@1, org.springframework.boot.test.context.SpringBootTestWebEnvironment@2a556333], resourceBasePath = 'src/main/webapp', contextLoader = 'org.springframework.boot.test.context.SpringBootContextLoader', parent = [null]]]
2025-04-11 10:22:20.908 [main] DEBUG o.springframework.test.context.cache - Spring test ApplicationContext cache statistics: [DefaultContextCache@3866c96e size = 2, maxSize = 32, parentContextCount = 0, hitCount = 122, missCount = 2]
2025-04-11 10:22:20.909 [main] DEBUG o.s.t.c.c.DefaultCacheAwareContextLoaderDelegate - Retrieved ApplicationContext [1502502072] from cache with key [[WebMergedContextConfiguration@405603b6 testClass = UserControllerTest, locations = '{}', classes = '{class com.example.board.BoardApplication}', contextInitializerClasses = '[]', activeProfiles = '{}', propertySourceLocations = '{}', propertySourceProperties = '{org.springframework.boot.test.context.SpringBootTestContextBootstrapper=true}', contextCustomizers = set[[ImportsContextCustomizer@3c3cd13a key = [@org.springframework.boot.test.autoconfigure.web.servlet.AutoConfigureMockMvc(webDriverEnabled=true, print=DEFAULT, webClientEnabled=true, printOnlyOnFailure=true, addFilters=true), @org.springframework.security.test.context.support.WithSecurityContext(setupBefore=TEST_METHOD, factory=org.springframework.security.test.context.support.WithMockUserSecurityContextFactory.class), @org.springframework.boot.autoconfigure.ImportAutoConfiguration(value={}, exclude={}, classes={}), @org.springframework.security.test.context.support.WithMockUser(password="password", value="user", authorities={}, setupBefore=TEST_METHOD, roles={"USER"}, username=""), @org.springframework.context.annotation.Import({com.example.board.exception.GlobalExceptionHandler.class}), @org.springframework.boot.test.autoconfigure.restdocs.AutoConfigureRestDocs(uriScheme="http", outputDir="", uriPort=8080, value="", uriHost="localhost"), @org.springframework.context.annotation.Import({org.springframework.boot.autoconfigure.ImportAutoConfigurationImportSelector.class}), @org.springframework.boot.test.autoconfigure.properties.PropertyMapping(value="spring.test.mockmvc", skip=NO), @org.springframework.boot.test.context.SpringBootTest(args={}, webEnvironment=MOCK, value={}, properties={}, classes={}), @org.springframework.test.context.BootstrapWith(org.springframework.boot.test.context.SpringBootTestContextBootstrapper.class), @org.springframework.boot.test.autoconfigure.properties.PropertyMapping(value="spring.test.restdocs", skip=NO), @org.springframework.context.annotation.Import({org.springframework.boot.test.autoconfigure.restdocs.RestDocumentationContextProviderRegistrar.class})]], org.springframework.boot.test.context.filter.ExcludeFilterContextCustomizer@37d4349f, org.springframework.boot.test.json.DuplicateJsonObjectContextCustomizerFactory$DuplicateJsonObjectContextCustomizer@2ea41516, org.springframework.boot.test.mock.mockito.MockitoContextCustomizer@7040d43d, org.springframework.boot.test.web.client.TestRestTemplateContextCustomizer@290222c1, org.springframework.boot.test.autoconfigure.actuate.metrics.MetricsExportContextCustomizerFactory$DisableMetricExportContextCustomizer@61001b64, org.springframework.boot.test.autoconfigure.properties.PropertyMappingContextCustomizer@63da79bb, org.springframework.boot.test.autoconfigure.web.servlet.WebDriverContextCustomizerFactory$Customizer@272113c4, org.springframework.boot.test.context.SpringBootTestArgs@1, org.springframework.boot.test.context.SpringBootTestWebEnvironment@2a556333], resourceBasePath = 'src/main/webapp', contextLoader = 'org.springframework.boot.test.context.SpringBootContextLoader', parent = [null]]]
2025-04-11 10:22:20.909 [main] DEBUG o.springframework.test.context.cache - Spring test ApplicationContext cache statistics: [DefaultContextCache@3866c96e size = 2, maxSize = 32, parentContextCount = 0, hitCount = 123, missCount = 2]
2025-04-11 10:22:20.909 [main] DEBUG o.s.t.c.c.DefaultCacheAwareContextLoaderDelegate - Retrieved ApplicationContext [1502502072] from cache with key [[WebMergedContextConfiguration@405603b6 testClass = UserControllerTest, locations = '{}', classes = '{class com.example.board.BoardApplication}', contextInitializerClasses = '[]', activeProfiles = '{}', propertySourceLocations = '{}', propertySourceProperties = '{org.springframework.boot.test.context.SpringBootTestContextBootstrapper=true}', contextCustomizers = set[[ImportsContextCustomizer@3c3cd13a key = [@org.springframework.boot.test.autoconfigure.web.servlet.AutoConfigureMockMvc(webDriverEnabled=true, print=DEFAULT, webClientEnabled=true, printOnlyOnFailure=true, addFilters=true), @org.springframework.security.test.context.support.WithSecurityContext(setupBefore=TEST_METHOD, factory=org.springframework.security.test.context.support.WithMockUserSecurityContextFactory.class), @org.springframework.boot.autoconfigure.ImportAutoConfiguration(value={}, exclude={}, classes={}), @org.springframework.security.test.context.support.WithMockUser(password="password", value="user", authorities={}, setupBefore=TEST_METHOD, roles={"USER"}, username=""), @org.springframework.context.annotation.Import({com.example.board.exception.GlobalExceptionHandler.class}), @org.springframework.boot.test.autoconfigure.restdocs.AutoConfigureRestDocs(uriScheme="http", outputDir="", uriPort=8080, value="", uriHost="localhost"), @org.springframework.context.annotation.Import({org.springframework.boot.autoconfigure.ImportAutoConfigurationImportSelector.class}), @org.springframework.boot.test.autoconfigure.properties.PropertyMapping(value="spring.test.mockmvc", skip=NO), @org.springframework.boot.test.context.SpringBootTest(args={}, webEnvironment=MOCK, value={}, properties={}, classes={}), @org.springframework.test.context.BootstrapWith(org.springframework.boot.test.context.SpringBootTestContextBootstrapper.class), @org.springframework.boot.test.autoconfigure.properties.PropertyMapping(value="spring.test.restdocs", skip=NO), @org.springframework.context.annotation.Import({org.springframework.boot.test.autoconfigure.restdocs.RestDocumentationContextProviderRegistrar.class})]], org.springframework.boot.test.context.filter.ExcludeFilterContextCustomizer@37d4349f, org.springframework.boot.test.json.DuplicateJsonObjectContextCustomizerFactory$DuplicateJsonObjectContextCustomizer@2ea41516, org.springframework.boot.test.mock.mockito.MockitoContextCustomizer@7040d43d, org.springframework.boot.test.web.client.TestRestTemplateContextCustomizer@290222c1, org.springframework.boot.test.autoconfigure.actuate.metrics.MetricsExportContextCustomizerFactory$DisableMetricExportContextCustomizer@61001b64, org.springframework.boot.test.autoconfigure.properties.PropertyMappingContextCustomizer@63da79bb, org.springframework.boot.test.autoconfigure.web.servlet.WebDriverContextCustomizerFactory$Customizer@272113c4, org.springframework.boot.test.context.SpringBootTestArgs@1, org.springframework.boot.test.context.SpringBootTestWebEnvironment@2a556333], resourceBasePath = 'src/main/webapp', contextLoader = 'org.springframework.boot.test.context.SpringBootContextLoader', parent = [null]]]
2025-04-11 10:22:20.909 [main] DEBUG o.springframework.test.context.cache - Spring test ApplicationContext cache statistics: [DefaultContextCache@3866c96e size = 2, maxSize = 32, parentContextCount = 0, hitCount = 124, missCount = 2]
2025-04-11 10:22:20.909 [main] DEBUG o.s.t.c.c.DefaultCacheAwareContextLoaderDelegate - Retrieved ApplicationContext [1502502072] from cache with key [[WebMergedContextConfiguration@405603b6 testClass = UserControllerTest, locations = '{}', classes = '{class com.example.board.BoardApplication}', contextInitializerClasses = '[]', activeProfiles = '{}', propertySourceLocations = '{}', propertySourceProperties = '{org.springframework.boot.test.context.SpringBootTestContextBootstrapper=true}', contextCustomizers = set[[ImportsContextCustomizer@3c3cd13a key = [@org.springframework.boot.test.autoconfigure.web.servlet.AutoConfigureMockMvc(webDriverEnabled=true, print=DEFAULT, webClientEnabled=true, printOnlyOnFailure=true, addFilters=true), @org.springframework.security.test.context.support.WithSecurityContext(setupBefore=TEST_METHOD, factory=org.springframework.security.test.context.support.WithMockUserSecurityContextFactory.class), @org.springframework.boot.autoconfigure.ImportAutoConfiguration(value={}, exclude={}, classes={}), @org.springframework.security.test.context.support.WithMockUser(password="password", value="user", authorities={}, setupBefore=TEST_METHOD, roles={"USER"}, username=""), @org.springframework.context.annotation.Import({com.example.board.exception.GlobalExceptionHandler.class}), @org.springframework.boot.test.autoconfigure.restdocs.AutoConfigureRestDocs(uriScheme="http", outputDir="", uriPort=8080, value="", uriHost="localhost"), @org.springframework.context.annotation.Import({org.springframework.boot.autoconfigure.ImportAutoConfigurationImportSelector.class}), @org.springframework.boot.test.autoconfigure.properties.PropertyMapping(value="spring.test.mockmvc", skip=NO), @org.springframework.boot.test.context.SpringBootTest(args={}, webEnvironment=MOCK, value={}, properties={}, classes={}), @org.springframework.test.context.BootstrapWith(org.springframework.boot.test.context.SpringBootTestContextBootstrapper.class), @org.springframework.boot.test.autoconfigure.properties.PropertyMapping(value="spring.test.restdocs", skip=NO), @org.springframework.context.annotation.Import({org.springframework.boot.test.autoconfigure.restdocs.RestDocumentationContextProviderRegistrar.class})]], org.springframework.boot.test.context.filter.ExcludeFilterContextCustomizer@37d4349f, org.springframework.boot.test.json.DuplicateJsonObjectContextCustomizerFactory$DuplicateJsonObjectContextCustomizer@2ea41516, org.springframework.boot.test.mock.mockito.MockitoContextCustomizer@7040d43d, org.springframework.boot.test.web.client.TestRestTemplateContextCustomizer@290222c1, org.springframework.boot.test.autoconfigure.actuate.metrics.MetricsExportContextCustomizerFactory$DisableMetricExportContextCustomizer@61001b64, org.springframework.boot.test.autoconfigure.properties.PropertyMappingContextCustomizer@63da79bb, org.springframework.boot.test.autoconfigure.web.servlet.WebDriverContextCustomizerFactory$Customizer@272113c4, org.springframework.boot.test.context.SpringBootTestArgs@1, org.springframework.boot.test.context.SpringBootTestWebEnvironment@2a556333], resourceBasePath = 'src/main/webapp', contextLoader = 'org.springframework.boot.test.context.SpringBootContextLoader', parent = [null]]]
2025-04-11 10:22:20.909 [main] DEBUG o.springframework.test.context.cache - Spring test ApplicationContext cache statistics: [DefaultContextCache@3866c96e size = 2, maxSize = 32, parentContextCount = 0, hitCount = 125, missCount = 2]
2025-04-11 10:22:20.909 [main] DEBUG o.s.t.c.s.AbstractDirtiesContextTestExecutionListener - After test method: context [DefaultTestContext@163df259 testClass = UserControllerTest, testInstance = com.example.board.controller.UserControllerTest@3e1c5e0d, testMethod = updateFailTest_dueToInvalidToken@UserControllerTest, testException = org.springframework.web.util.NestedServletException: Request processing failed; nested exception is java.lang.NullPointerException: Cannot invoke "com.example.board.common.dto.JwtUserInfo.getEmail()" because "userInfo" is null, mergedContextConfiguration = [WebMergedContextConfiguration@405603b6 testClass = UserControllerTest, locations = '{}', classes = '{class com.example.board.BoardApplication}', contextInitializerClasses = '[]', activeProfiles = '{}', propertySourceLocations = '{}', propertySourceProperties = '{org.springframework.boot.test.context.SpringBootTestContextBootstrapper=true}', contextCustomizers = set[[ImportsContextCustomizer@3c3cd13a key = [@org.springframework.boot.test.autoconfigure.web.servlet.AutoConfigureMockMvc(webDriverEnabled=true, print=DEFAULT, webClientEnabled=true, printOnlyOnFailure=true, addFilters=true), @org.springframework.security.test.context.support.WithSecurityContext(setupBefore=TEST_METHOD, factory=org.springframework.security.test.context.support.WithMockUserSecurityContextFactory.class), @org.springframework.boot.autoconfigure.ImportAutoConfiguration(value={}, exclude={}, classes={}), @org.springframework.security.test.context.support.WithMockUser(password="password", value="user", authorities={}, setupBefore=TEST_METHOD, roles={"USER"}, username=""), @org.springframework.context.annotation.Import({com.example.board.exception.GlobalExceptionHandler.class}), @org.springframework.boot.test.autoconfigure.restdocs.AutoConfigureRestDocs(uriScheme="http", outputDir="", uriPort=8080, value="", uriHost="localhost"), @org.springframework.context.annotation.Import({org.springframework.boot.autoconfigure.ImportAutoConfigurationImportSelector.class}), @org.springframework.boot.test.autoconfigure.properties.PropertyMapping(value="spring.test.mockmvc", skip=NO), @org.springframework.boot.test.context.SpringBootTest(args={}, webEnvironment=MOCK, value={}, properties={}, classes={}), @org.springframework.test.context.BootstrapWith(org.springframework.boot.test.context.SpringBootTestContextBootstrapper.class), @org.springframework.boot.test.autoconfigure.properties.PropertyMapping(value="spring.test.restdocs", skip=NO), @org.springframework.context.annotation.Import({org.springframework.boot.test.autoconfigure.restdocs.RestDocumentationContextProviderRegistrar.class})]], org.springframework.boot.test.context.filter.ExcludeFilterContextCustomizer@37d4349f, org.springframework.boot.test.json.DuplicateJsonObjectContextCustomizerFactory$DuplicateJsonObjectContextCustomizer@2ea41516, org.springframework.boot.test.mock.mockito.MockitoContextCustomizer@7040d43d, org.springframework.boot.test.web.client.TestRestTemplateContextCustomizer@290222c1, org.springframework.boot.test.autoconfigure.actuate.metrics.MetricsExportContextCustomizerFactory$DisableMetricExportContextCustomizer@61001b64, org.springframework.boot.test.autoconfigure.properties.PropertyMappingContextCustomizer@63da79bb, org.springframework.boot.test.autoconfigure.web.servlet.WebDriverContextCustomizerFactory$Customizer@272113c4, org.springframework.boot.test.context.SpringBootTestArgs@1, org.springframework.boot.test.context.SpringBootTestWebEnvironment@2a556333], resourceBasePath = 'src/main/webapp', contextLoader = 'org.springframework.boot.test.context.SpringBootContextLoader', parent = [null]], attributes = map['org.springframework.test.context.web.ServletTestExecutionListener.activateListener' -> true, 'org.springframework.test.context.web.ServletTestExecutionListener.populatedRequestContextHolder' -> true, 'org.springframework.test.context.web.ServletTestExecutionListener.resetRequestContextHolder' -> true, 'org.springframework.test.context.event.ApplicationEventsTestExecutionListener.recordApplicationEvents' -> false]], class annotated with @DirtiesContext [false] with mode [null], method annotated with @DirtiesContext [false] with mode [null].
2025-04-11 10:22:20.909 [main] DEBUG o.s.t.c.w.ServletTestExecutionListener - Resetting RequestContextHolder for test context [DefaultTestContext@163df259 testClass = UserControllerTest, testInstance = com.example.board.controller.UserControllerTest@3e1c5e0d, testMethod = updateFailTest_dueToInvalidToken@UserControllerTest, testException = org.springframework.web.util.NestedServletException: Request processing failed; nested exception is java.lang.NullPointerException: Cannot invoke "com.example.board.common.dto.JwtUserInfo.getEmail()" because "userInfo" is null, mergedContextConfiguration = [WebMergedContextConfiguration@405603b6 testClass = UserControllerTest, locations = '{}', classes = '{class com.example.board.BoardApplication}', contextInitializerClasses = '[]', activeProfiles = '{}', propertySourceLocations = '{}', propertySourceProperties = '{org.springframework.boot.test.context.SpringBootTestContextBootstrapper=true}', contextCustomizers = set[[ImportsContextCustomizer@3c3cd13a key = [@org.springframework.boot.test.autoconfigure.web.servlet.AutoConfigureMockMvc(webDriverEnabled=true, print=DEFAULT, webClientEnabled=true, printOnlyOnFailure=true, addFilters=true), @org.springframework.security.test.context.support.WithSecurityContext(setupBefore=TEST_METHOD, factory=org.springframework.security.test.context.support.WithMockUserSecurityContextFactory.class), @org.springframework.boot.autoconfigure.ImportAutoConfiguration(value={}, exclude={}, classes={}), @org.springframework.security.test.context.support.WithMockUser(password="password", value="user", authorities={}, setupBefore=TEST_METHOD, roles={"USER"}, username=""), @org.springframework.context.annotation.Import({com.example.board.exception.GlobalExceptionHandler.class}), @org.springframework.boot.test.autoconfigure.restdocs.AutoConfigureRestDocs(uriScheme="http", outputDir="", uriPort=8080, value="", uriHost="localhost"), @org.springframework.context.annotation.Import({org.springframework.boot.autoconfigure.ImportAutoConfigurationImportSelector.class}), @org.springframework.boot.test.autoconfigure.properties.PropertyMapping(value="spring.test.mockmvc", skip=NO), @org.springframework.boot.test.context.SpringBootTest(args={}, webEnvironment=MOCK, value={}, properties={}, classes={}), @org.springframework.test.context.BootstrapWith(org.springframework.boot.test.context.SpringBootTestContextBootstrapper.class), @org.springframework.boot.test.autoconfigure.properties.PropertyMapping(value="spring.test.restdocs", skip=NO), @org.springframework.context.annotation.Import({org.springframework.boot.test.autoconfigure.restdocs.RestDocumentationContextProviderRegistrar.class})]], org.springframework.boot.test.context.filter.ExcludeFilterContextCustomizer@37d4349f, org.springframework.boot.test.json.DuplicateJsonObjectContextCustomizerFactory$DuplicateJsonObjectContextCustomizer@2ea41516, org.springframework.boot.test.mock.mockito.MockitoContextCustomizer@7040d43d, org.springframework.boot.test.web.client.TestRestTemplateContextCustomizer@290222c1, org.springframework.boot.test.autoconfigure.actuate.metrics.MetricsExportContextCustomizerFactory$DisableMetricExportContextCustomizer@61001b64, org.springframework.boot.test.autoconfigure.properties.PropertyMappingContextCustomizer@63da79bb, org.springframework.boot.test.autoconfigure.web.servlet.WebDriverContextCustomizerFactory$Customizer@272113c4, org.springframework.boot.test.context.SpringBootTestArgs@1, org.springframework.boot.test.context.SpringBootTestWebEnvironment@2a556333], resourceBasePath = 'src/main/webapp', contextLoader = 'org.springframework.boot.test.context.SpringBootContextLoader', parent = [null]], attributes = map['org.springframework.test.context.web.ServletTestExecutionListener.activateListener' -> true, 'org.springframework.test.context.web.ServletTestExecutionListener.populatedRequestContextHolder' -> true, 'org.springframework.test.context.web.ServletTestExecutionListener.resetRequestContextHolder' -> true, 'org.springframework.test.context.event.ApplicationEventsTestExecutionListener.recordApplicationEvents' -> false]].
]]></system-out>
  </testcase>
  <testcase name="deleteTest" classname="com.example.board.controller.UserControllerTest" time="0.006">
    <error message="Request processing failed; nested exception is java.lang.NullPointerException: Cannot invoke &quot;com.example.board.common.dto.JwtUserInfo.getId()&quot; because &quot;userInfo&quot; is null" type="org.springframework.web.util.NestedServletException">org.springframework.web.util.NestedServletException: Request processing failed; nested exception is java.lang.NullPointerException: Cannot invoke "com.example.board.common.dto.JwtUserInfo.getId()" because "userInfo" is null
	at com.example.board.controller.UserControllerTest.deleteTest(UserControllerTest.java:128)
Caused by: java.lang.NullPointerException: Cannot invoke "com.example.board.common.dto.JwtUserInfo.getId()" because "userInfo" is null
	at com.example.board.controller.UserControllerTest.deleteTest(UserControllerTest.java:128)
</error>
    <system-out><![CDATA[2025-04-11 10:22:20.910 [main] DEBUG o.s.t.c.c.DefaultCacheAwareContextLoaderDelegate - Retrieved ApplicationContext [1502502072] from cache with key [[WebMergedContextConfiguration@405603b6 testClass = UserControllerTest, locations = '{}', classes = '{class com.example.board.BoardApplication}', contextInitializerClasses = '[]', activeProfiles = '{}', propertySourceLocations = '{}', propertySourceProperties = '{org.springframework.boot.test.context.SpringBootTestContextBootstrapper=true}', contextCustomizers = set[[ImportsContextCustomizer@3c3cd13a key = [@org.springframework.boot.test.autoconfigure.web.servlet.AutoConfigureMockMvc(webDriverEnabled=true, print=DEFAULT, webClientEnabled=true, printOnlyOnFailure=true, addFilters=true), @org.springframework.security.test.context.support.WithSecurityContext(setupBefore=TEST_METHOD, factory=org.springframework.security.test.context.support.WithMockUserSecurityContextFactory.class), @org.springframework.boot.autoconfigure.ImportAutoConfiguration(value={}, exclude={}, classes={}), @org.springframework.security.test.context.support.WithMockUser(password="password", value="user", authorities={}, setupBefore=TEST_METHOD, roles={"USER"}, username=""), @org.springframework.context.annotation.Import({com.example.board.exception.GlobalExceptionHandler.class}), @org.springframework.boot.test.autoconfigure.restdocs.AutoConfigureRestDocs(uriScheme="http", outputDir="", uriPort=8080, value="", uriHost="localhost"), @org.springframework.context.annotation.Import({org.springframework.boot.autoconfigure.ImportAutoConfigurationImportSelector.class}), @org.springframework.boot.test.autoconfigure.properties.PropertyMapping(value="spring.test.mockmvc", skip=NO), @org.springframework.boot.test.context.SpringBootTest(args={}, webEnvironment=MOCK, value={}, properties={}, classes={}), @org.springframework.test.context.BootstrapWith(org.springframework.boot.test.context.SpringBootTestContextBootstrapper.class), @org.springframework.boot.test.autoconfigure.properties.PropertyMapping(value="spring.test.restdocs", skip=NO), @org.springframework.context.annotation.Import({org.springframework.boot.test.autoconfigure.restdocs.RestDocumentationContextProviderRegistrar.class})]], org.springframework.boot.test.context.filter.ExcludeFilterContextCustomizer@37d4349f, org.springframework.boot.test.json.DuplicateJsonObjectContextCustomizerFactory$DuplicateJsonObjectContextCustomizer@2ea41516, org.springframework.boot.test.mock.mockito.MockitoContextCustomizer@7040d43d, org.springframework.boot.test.web.client.TestRestTemplateContextCustomizer@290222c1, org.springframework.boot.test.autoconfigure.actuate.metrics.MetricsExportContextCustomizerFactory$DisableMetricExportContextCustomizer@61001b64, org.springframework.boot.test.autoconfigure.properties.PropertyMappingContextCustomizer@63da79bb, org.springframework.boot.test.autoconfigure.web.servlet.WebDriverContextCustomizerFactory$Customizer@272113c4, org.springframework.boot.test.context.SpringBootTestArgs@1, org.springframework.boot.test.context.SpringBootTestWebEnvironment@2a556333], resourceBasePath = 'src/main/webapp', contextLoader = 'org.springframework.boot.test.context.SpringBootContextLoader', parent = [null]]]
2025-04-11 10:22:20.910 [main] DEBUG o.springframework.test.context.cache - Spring test ApplicationContext cache statistics: [DefaultContextCache@3866c96e size = 2, maxSize = 32, parentContextCount = 0, hitCount = 126, missCount = 2]
2025-04-11 10:22:20.910 [main] DEBUG o.s.t.c.w.ServletTestExecutionListener - Setting up MockHttpServletRequest, MockHttpServletResponse, ServletWebRequest, and RequestContextHolder for test context [DefaultTestContext@163df259 testClass = UserControllerTest, testInstance = com.example.board.controller.UserControllerTest@6e22d6bf, testMethod = [null], testException = [null], mergedContextConfiguration = [WebMergedContextConfiguration@405603b6 testClass = UserControllerTest, locations = '{}', classes = '{class com.example.board.BoardApplication}', contextInitializerClasses = '[]', activeProfiles = '{}', propertySourceLocations = '{}', propertySourceProperties = '{org.springframework.boot.test.context.SpringBootTestContextBootstrapper=true}', contextCustomizers = set[[ImportsContextCustomizer@3c3cd13a key = [@org.springframework.boot.test.autoconfigure.web.servlet.AutoConfigureMockMvc(webDriverEnabled=true, print=DEFAULT, webClientEnabled=true, printOnlyOnFailure=true, addFilters=true), @org.springframework.security.test.context.support.WithSecurityContext(setupBefore=TEST_METHOD, factory=org.springframework.security.test.context.support.WithMockUserSecurityContextFactory.class), @org.springframework.boot.autoconfigure.ImportAutoConfiguration(value={}, exclude={}, classes={}), @org.springframework.security.test.context.support.WithMockUser(password="password", value="user", authorities={}, setupBefore=TEST_METHOD, roles={"USER"}, username=""), @org.springframework.context.annotation.Import({com.example.board.exception.GlobalExceptionHandler.class}), @org.springframework.boot.test.autoconfigure.restdocs.AutoConfigureRestDocs(uriScheme="http", outputDir="", uriPort=8080, value="", uriHost="localhost"), @org.springframework.context.annotation.Import({org.springframework.boot.autoconfigure.ImportAutoConfigurationImportSelector.class}), @org.springframework.boot.test.autoconfigure.properties.PropertyMapping(value="spring.test.mockmvc", skip=NO), @org.springframework.boot.test.context.SpringBootTest(args={}, webEnvironment=MOCK, value={}, properties={}, classes={}), @org.springframework.test.context.BootstrapWith(org.springframework.boot.test.context.SpringBootTestContextBootstrapper.class), @org.springframework.boot.test.autoconfigure.properties.PropertyMapping(value="spring.test.restdocs", skip=NO), @org.springframework.context.annotation.Import({org.springframework.boot.test.autoconfigure.restdocs.RestDocumentationContextProviderRegistrar.class})]], org.springframework.boot.test.context.filter.ExcludeFilterContextCustomizer@37d4349f, org.springframework.boot.test.json.DuplicateJsonObjectContextCustomizerFactory$DuplicateJsonObjectContextCustomizer@2ea41516, org.springframework.boot.test.mock.mockito.MockitoContextCustomizer@7040d43d, org.springframework.boot.test.web.client.TestRestTemplateContextCustomizer@290222c1, org.springframework.boot.test.autoconfigure.actuate.metrics.MetricsExportContextCustomizerFactory$DisableMetricExportContextCustomizer@61001b64, org.springframework.boot.test.autoconfigure.properties.PropertyMappingContextCustomizer@63da79bb, org.springframework.boot.test.autoconfigure.web.servlet.WebDriverContextCustomizerFactory$Customizer@272113c4, org.springframework.boot.test.context.SpringBootTestArgs@1, org.springframework.boot.test.context.SpringBootTestWebEnvironment@2a556333], resourceBasePath = 'src/main/webapp', contextLoader = 'org.springframework.boot.test.context.SpringBootContextLoader', parent = [null]], attributes = map['org.springframework.test.context.web.ServletTestExecutionListener.activateListener' -> true, 'org.springframework.test.context.event.ApplicationEventsTestExecutionListener.recordApplicationEvents' -> false, 'org.springframework.test.context.support.DependencyInjectionTestExecutionListener.reinjectDependencies' -> true]].
2025-04-11 10:22:20.910 [main] DEBUG o.s.t.c.c.DefaultCacheAwareContextLoaderDelegate - Retrieved ApplicationContext [1502502072] from cache with key [[WebMergedContextConfiguration@405603b6 testClass = UserControllerTest, locations = '{}', classes = '{class com.example.board.BoardApplication}', contextInitializerClasses = '[]', activeProfiles = '{}', propertySourceLocations = '{}', propertySourceProperties = '{org.springframework.boot.test.context.SpringBootTestContextBootstrapper=true}', contextCustomizers = set[[ImportsContextCustomizer@3c3cd13a key = [@org.springframework.boot.test.autoconfigure.web.servlet.AutoConfigureMockMvc(webDriverEnabled=true, print=DEFAULT, webClientEnabled=true, printOnlyOnFailure=true, addFilters=true), @org.springframework.security.test.context.support.WithSecurityContext(setupBefore=TEST_METHOD, factory=org.springframework.security.test.context.support.WithMockUserSecurityContextFactory.class), @org.springframework.boot.autoconfigure.ImportAutoConfiguration(value={}, exclude={}, classes={}), @org.springframework.security.test.context.support.WithMockUser(password="password", value="user", authorities={}, setupBefore=TEST_METHOD, roles={"USER"}, username=""), @org.springframework.context.annotation.Import({com.example.board.exception.GlobalExceptionHandler.class}), @org.springframework.boot.test.autoconfigure.restdocs.AutoConfigureRestDocs(uriScheme="http", outputDir="", uriPort=8080, value="", uriHost="localhost"), @org.springframework.context.annotation.Import({org.springframework.boot.autoconfigure.ImportAutoConfigurationImportSelector.class}), @org.springframework.boot.test.autoconfigure.properties.PropertyMapping(value="spring.test.mockmvc", skip=NO), @org.springframework.boot.test.context.SpringBootTest(args={}, webEnvironment=MOCK, value={}, properties={}, classes={}), @org.springframework.test.context.BootstrapWith(org.springframework.boot.test.context.SpringBootTestContextBootstrapper.class), @org.springframework.boot.test.autoconfigure.properties.PropertyMapping(value="spring.test.restdocs", skip=NO), @org.springframework.context.annotation.Import({org.springframework.boot.test.autoconfigure.restdocs.RestDocumentationContextProviderRegistrar.class})]], org.springframework.boot.test.context.filter.ExcludeFilterContextCustomizer@37d4349f, org.springframework.boot.test.json.DuplicateJsonObjectContextCustomizerFactory$DuplicateJsonObjectContextCustomizer@2ea41516, org.springframework.boot.test.mock.mockito.MockitoContextCustomizer@7040d43d, org.springframework.boot.test.web.client.TestRestTemplateContextCustomizer@290222c1, org.springframework.boot.test.autoconfigure.actuate.metrics.MetricsExportContextCustomizerFactory$DisableMetricExportContextCustomizer@61001b64, org.springframework.boot.test.autoconfigure.properties.PropertyMappingContextCustomizer@63da79bb, org.springframework.boot.test.autoconfigure.web.servlet.WebDriverContextCustomizerFactory$Customizer@272113c4, org.springframework.boot.test.context.SpringBootTestArgs@1, org.springframework.boot.test.context.SpringBootTestWebEnvironment@2a556333], resourceBasePath = 'src/main/webapp', contextLoader = 'org.springframework.boot.test.context.SpringBootContextLoader', parent = [null]]]
2025-04-11 10:22:20.910 [main] DEBUG o.springframework.test.context.cache - Spring test ApplicationContext cache statistics: [DefaultContextCache@3866c96e size = 2, maxSize = 32, parentContextCount = 0, hitCount = 127, missCount = 2]
2025-04-11 10:22:20.910 [main] DEBUG o.s.t.c.s.DependencyInjectionTestExecutionListener - Performing dependency injection for test context [[DefaultTestContext@163df259 testClass = UserControllerTest, testInstance = com.example.board.controller.UserControllerTest@6e22d6bf, testMethod = [null], testException = [null], mergedContextConfiguration = [WebMergedContextConfiguration@405603b6 testClass = UserControllerTest, locations = '{}', classes = '{class com.example.board.BoardApplication}', contextInitializerClasses = '[]', activeProfiles = '{}', propertySourceLocations = '{}', propertySourceProperties = '{org.springframework.boot.test.context.SpringBootTestContextBootstrapper=true}', contextCustomizers = set[[ImportsContextCustomizer@3c3cd13a key = [@org.springframework.boot.test.autoconfigure.web.servlet.AutoConfigureMockMvc(webDriverEnabled=true, print=DEFAULT, webClientEnabled=true, printOnlyOnFailure=true, addFilters=true), @org.springframework.security.test.context.support.WithSecurityContext(setupBefore=TEST_METHOD, factory=org.springframework.security.test.context.support.WithMockUserSecurityContextFactory.class), @org.springframework.boot.autoconfigure.ImportAutoConfiguration(value={}, exclude={}, classes={}), @org.springframework.security.test.context.support.WithMockUser(password="password", value="user", authorities={}, setupBefore=TEST_METHOD, roles={"USER"}, username=""), @org.springframework.context.annotation.Import({com.example.board.exception.GlobalExceptionHandler.class}), @org.springframework.boot.test.autoconfigure.restdocs.AutoConfigureRestDocs(uriScheme="http", outputDir="", uriPort=8080, value="", uriHost="localhost"), @org.springframework.context.annotation.Import({org.springframework.boot.autoconfigure.ImportAutoConfigurationImportSelector.class}), @org.springframework.boot.test.autoconfigure.properties.PropertyMapping(value="spring.test.mockmvc", skip=NO), @org.springframework.boot.test.context.SpringBootTest(args={}, webEnvironment=MOCK, value={}, properties={}, classes={}), @org.springframework.test.context.BootstrapWith(org.springframework.boot.test.context.SpringBootTestContextBootstrapper.class), @org.springframework.boot.test.autoconfigure.properties.PropertyMapping(value="spring.test.restdocs", skip=NO), @org.springframework.context.annotation.Import({org.springframework.boot.test.autoconfigure.restdocs.RestDocumentationContextProviderRegistrar.class})]], org.springframework.boot.test.context.filter.ExcludeFilterContextCustomizer@37d4349f, org.springframework.boot.test.json.DuplicateJsonObjectContextCustomizerFactory$DuplicateJsonObjectContextCustomizer@2ea41516, org.springframework.boot.test.mock.mockito.MockitoContextCustomizer@7040d43d, org.springframework.boot.test.web.client.TestRestTemplateContextCustomizer@290222c1, org.springframework.boot.test.autoconfigure.actuate.metrics.MetricsExportContextCustomizerFactory$DisableMetricExportContextCustomizer@61001b64, org.springframework.boot.test.autoconfigure.properties.PropertyMappingContextCustomizer@63da79bb, org.springframework.boot.test.autoconfigure.web.servlet.WebDriverContextCustomizerFactory$Customizer@272113c4, org.springframework.boot.test.context.SpringBootTestArgs@1, org.springframework.boot.test.context.SpringBootTestWebEnvironment@2a556333], resourceBasePath = 'src/main/webapp', contextLoader = 'org.springframework.boot.test.context.SpringBootContextLoader', parent = [null]], attributes = map['org.springframework.test.context.web.ServletTestExecutionListener.activateListener' -> true, 'org.springframework.test.context.web.ServletTestExecutionListener.populatedRequestContextHolder' -> true, 'org.springframework.test.context.web.ServletTestExecutionListener.resetRequestContextHolder' -> true, 'org.springframework.test.context.event.ApplicationEventsTestExecutionListener.recordApplicationEvents' -> false, 'org.springframework.test.context.support.DependencyInjectionTestExecutionListener.reinjectDependencies' -> true]]].
2025-04-11 10:22:20.910 [main] DEBUG o.s.t.c.c.DefaultCacheAwareContextLoaderDelegate - Retrieved ApplicationContext [1502502072] from cache with key [[WebMergedContextConfiguration@405603b6 testClass = UserControllerTest, locations = '{}', classes = '{class com.example.board.BoardApplication}', contextInitializerClasses = '[]', activeProfiles = '{}', propertySourceLocations = '{}', propertySourceProperties = '{org.springframework.boot.test.context.SpringBootTestContextBootstrapper=true}', contextCustomizers = set[[ImportsContextCustomizer@3c3cd13a key = [@org.springframework.boot.test.autoconfigure.web.servlet.AutoConfigureMockMvc(webDriverEnabled=true, print=DEFAULT, webClientEnabled=true, printOnlyOnFailure=true, addFilters=true), @org.springframework.security.test.context.support.WithSecurityContext(setupBefore=TEST_METHOD, factory=org.springframework.security.test.context.support.WithMockUserSecurityContextFactory.class), @org.springframework.boot.autoconfigure.ImportAutoConfiguration(value={}, exclude={}, classes={}), @org.springframework.security.test.context.support.WithMockUser(password="password", value="user", authorities={}, setupBefore=TEST_METHOD, roles={"USER"}, username=""), @org.springframework.context.annotation.Import({com.example.board.exception.GlobalExceptionHandler.class}), @org.springframework.boot.test.autoconfigure.restdocs.AutoConfigureRestDocs(uriScheme="http", outputDir="", uriPort=8080, value="", uriHost="localhost"), @org.springframework.context.annotation.Import({org.springframework.boot.autoconfigure.ImportAutoConfigurationImportSelector.class}), @org.springframework.boot.test.autoconfigure.properties.PropertyMapping(value="spring.test.mockmvc", skip=NO), @org.springframework.boot.test.context.SpringBootTest(args={}, webEnvironment=MOCK, value={}, properties={}, classes={}), @org.springframework.test.context.BootstrapWith(org.springframework.boot.test.context.SpringBootTestContextBootstrapper.class), @org.springframework.boot.test.autoconfigure.properties.PropertyMapping(value="spring.test.restdocs", skip=NO), @org.springframework.context.annotation.Import({org.springframework.boot.test.autoconfigure.restdocs.RestDocumentationContextProviderRegistrar.class})]], org.springframework.boot.test.context.filter.ExcludeFilterContextCustomizer@37d4349f, org.springframework.boot.test.json.DuplicateJsonObjectContextCustomizerFactory$DuplicateJsonObjectContextCustomizer@2ea41516, org.springframework.boot.test.mock.mockito.MockitoContextCustomizer@7040d43d, org.springframework.boot.test.web.client.TestRestTemplateContextCustomizer@290222c1, org.springframework.boot.test.autoconfigure.actuate.metrics.MetricsExportContextCustomizerFactory$DisableMetricExportContextCustomizer@61001b64, org.springframework.boot.test.autoconfigure.properties.PropertyMappingContextCustomizer@63da79bb, org.springframework.boot.test.autoconfigure.web.servlet.WebDriverContextCustomizerFactory$Customizer@272113c4, org.springframework.boot.test.context.SpringBootTestArgs@1, org.springframework.boot.test.context.SpringBootTestWebEnvironment@2a556333], resourceBasePath = 'src/main/webapp', contextLoader = 'org.springframework.boot.test.context.SpringBootContextLoader', parent = [null]]]
2025-04-11 10:22:20.910 [main] DEBUG o.springframework.test.context.cache - Spring test ApplicationContext cache statistics: [DefaultContextCache@3866c96e size = 2, maxSize = 32, parentContextCount = 0, hitCount = 128, missCount = 2]
2025-04-11 10:22:20.911 [main] DEBUG o.s.t.c.c.DefaultCacheAwareContextLoaderDelegate - Retrieved ApplicationContext [1502502072] from cache with key [[WebMergedContextConfiguration@405603b6 testClass = UserControllerTest, locations = '{}', classes = '{class com.example.board.BoardApplication}', contextInitializerClasses = '[]', activeProfiles = '{}', propertySourceLocations = '{}', propertySourceProperties = '{org.springframework.boot.test.context.SpringBootTestContextBootstrapper=true}', contextCustomizers = set[[ImportsContextCustomizer@3c3cd13a key = [@org.springframework.boot.test.autoconfigure.web.servlet.AutoConfigureMockMvc(webDriverEnabled=true, print=DEFAULT, webClientEnabled=true, printOnlyOnFailure=true, addFilters=true), @org.springframework.security.test.context.support.WithSecurityContext(setupBefore=TEST_METHOD, factory=org.springframework.security.test.context.support.WithMockUserSecurityContextFactory.class), @org.springframework.boot.autoconfigure.ImportAutoConfiguration(value={}, exclude={}, classes={}), @org.springframework.security.test.context.support.WithMockUser(password="password", value="user", authorities={}, setupBefore=TEST_METHOD, roles={"USER"}, username=""), @org.springframework.context.annotation.Import({com.example.board.exception.GlobalExceptionHandler.class}), @org.springframework.boot.test.autoconfigure.restdocs.AutoConfigureRestDocs(uriScheme="http", outputDir="", uriPort=8080, value="", uriHost="localhost"), @org.springframework.context.annotation.Import({org.springframework.boot.autoconfigure.ImportAutoConfigurationImportSelector.class}), @org.springframework.boot.test.autoconfigure.properties.PropertyMapping(value="spring.test.mockmvc", skip=NO), @org.springframework.boot.test.context.SpringBootTest(args={}, webEnvironment=MOCK, value={}, properties={}, classes={}), @org.springframework.test.context.BootstrapWith(org.springframework.boot.test.context.SpringBootTestContextBootstrapper.class), @org.springframework.boot.test.autoconfigure.properties.PropertyMapping(value="spring.test.restdocs", skip=NO), @org.springframework.context.annotation.Import({org.springframework.boot.test.autoconfigure.restdocs.RestDocumentationContextProviderRegistrar.class})]], org.springframework.boot.test.context.filter.ExcludeFilterContextCustomizer@37d4349f, org.springframework.boot.test.json.DuplicateJsonObjectContextCustomizerFactory$DuplicateJsonObjectContextCustomizer@2ea41516, org.springframework.boot.test.mock.mockito.MockitoContextCustomizer@7040d43d, org.springframework.boot.test.web.client.TestRestTemplateContextCustomizer@290222c1, org.springframework.boot.test.autoconfigure.actuate.metrics.MetricsExportContextCustomizerFactory$DisableMetricExportContextCustomizer@61001b64, org.springframework.boot.test.autoconfigure.properties.PropertyMappingContextCustomizer@63da79bb, org.springframework.boot.test.autoconfigure.web.servlet.WebDriverContextCustomizerFactory$Customizer@272113c4, org.springframework.boot.test.context.SpringBootTestArgs@1, org.springframework.boot.test.context.SpringBootTestWebEnvironment@2a556333], resourceBasePath = 'src/main/webapp', contextLoader = 'org.springframework.boot.test.context.SpringBootContextLoader', parent = [null]]]
2025-04-11 10:22:20.911 [main] DEBUG o.springframework.test.context.cache - Spring test ApplicationContext cache statistics: [DefaultContextCache@3866c96e size = 2, maxSize = 32, parentContextCount = 0, hitCount = 129, missCount = 2]
2025-04-11 10:22:20.911 [main] DEBUG o.s.t.c.s.AbstractDirtiesContextTestExecutionListener - Before test method: context [DefaultTestContext@163df259 testClass = UserControllerTest, testInstance = com.example.board.controller.UserControllerTest@6e22d6bf, testMethod = deleteTest@UserControllerTest, testException = [null], mergedContextConfiguration = [WebMergedContextConfiguration@405603b6 testClass = UserControllerTest, locations = '{}', classes = '{class com.example.board.BoardApplication}', contextInitializerClasses = '[]', activeProfiles = '{}', propertySourceLocations = '{}', propertySourceProperties = '{org.springframework.boot.test.context.SpringBootTestContextBootstrapper=true}', contextCustomizers = set[[ImportsContextCustomizer@3c3cd13a key = [@org.springframework.boot.test.autoconfigure.web.servlet.AutoConfigureMockMvc(webDriverEnabled=true, print=DEFAULT, webClientEnabled=true, printOnlyOnFailure=true, addFilters=true), @org.springframework.security.test.context.support.WithSecurityContext(setupBefore=TEST_METHOD, factory=org.springframework.security.test.context.support.WithMockUserSecurityContextFactory.class), @org.springframework.boot.autoconfigure.ImportAutoConfiguration(value={}, exclude={}, classes={}), @org.springframework.security.test.context.support.WithMockUser(password="password", value="user", authorities={}, setupBefore=TEST_METHOD, roles={"USER"}, username=""), @org.springframework.context.annotation.Import({com.example.board.exception.GlobalExceptionHandler.class}), @org.springframework.boot.test.autoconfigure.restdocs.AutoConfigureRestDocs(uriScheme="http", outputDir="", uriPort=8080, value="", uriHost="localhost"), @org.springframework.context.annotation.Import({org.springframework.boot.autoconfigure.ImportAutoConfigurationImportSelector.class}), @org.springframework.boot.test.autoconfigure.properties.PropertyMapping(value="spring.test.mockmvc", skip=NO), @org.springframework.boot.test.context.SpringBootTest(args={}, webEnvironment=MOCK, value={}, properties={}, classes={}), @org.springframework.test.context.BootstrapWith(org.springframework.boot.test.context.SpringBootTestContextBootstrapper.class), @org.springframework.boot.test.autoconfigure.properties.PropertyMapping(value="spring.test.restdocs", skip=NO), @org.springframework.context.annotation.Import({org.springframework.boot.test.autoconfigure.restdocs.RestDocumentationContextProviderRegistrar.class})]], org.springframework.boot.test.context.filter.ExcludeFilterContextCustomizer@37d4349f, org.springframework.boot.test.json.DuplicateJsonObjectContextCustomizerFactory$DuplicateJsonObjectContextCustomizer@2ea41516, org.springframework.boot.test.mock.mockito.MockitoContextCustomizer@7040d43d, org.springframework.boot.test.web.client.TestRestTemplateContextCustomizer@290222c1, org.springframework.boot.test.autoconfigure.actuate.metrics.MetricsExportContextCustomizerFactory$DisableMetricExportContextCustomizer@61001b64, org.springframework.boot.test.autoconfigure.properties.PropertyMappingContextCustomizer@63da79bb, org.springframework.boot.test.autoconfigure.web.servlet.WebDriverContextCustomizerFactory$Customizer@272113c4, org.springframework.boot.test.context.SpringBootTestArgs@1, org.springframework.boot.test.context.SpringBootTestWebEnvironment@2a556333], resourceBasePath = 'src/main/webapp', contextLoader = 'org.springframework.boot.test.context.SpringBootContextLoader', parent = [null]], attributes = map['org.springframework.test.context.web.ServletTestExecutionListener.activateListener' -> true, 'org.springframework.test.context.web.ServletTestExecutionListener.populatedRequestContextHolder' -> true, 'org.springframework.test.context.web.ServletTestExecutionListener.resetRequestContextHolder' -> true, 'org.springframework.test.context.event.ApplicationEventsTestExecutionListener.recordApplicationEvents' -> false]], class annotated with @DirtiesContext [false] with mode [null], method annotated with @DirtiesContext [false] with mode [null].
2025-04-11 10:22:20.911 [main] DEBUG o.s.t.c.c.DefaultCacheAwareContextLoaderDelegate - Retrieved ApplicationContext [1502502072] from cache with key [[WebMergedContextConfiguration@405603b6 testClass = UserControllerTest, locations = '{}', classes = '{class com.example.board.BoardApplication}', contextInitializerClasses = '[]', activeProfiles = '{}', propertySourceLocations = '{}', propertySourceProperties = '{org.springframework.boot.test.context.SpringBootTestContextBootstrapper=true}', contextCustomizers = set[[ImportsContextCustomizer@3c3cd13a key = [@org.springframework.boot.test.autoconfigure.web.servlet.AutoConfigureMockMvc(webDriverEnabled=true, print=DEFAULT, webClientEnabled=true, printOnlyOnFailure=true, addFilters=true), @org.springframework.security.test.context.support.WithSecurityContext(setupBefore=TEST_METHOD, factory=org.springframework.security.test.context.support.WithMockUserSecurityContextFactory.class), @org.springframework.boot.autoconfigure.ImportAutoConfiguration(value={}, exclude={}, classes={}), @org.springframework.security.test.context.support.WithMockUser(password="password", value="user", authorities={}, setupBefore=TEST_METHOD, roles={"USER"}, username=""), @org.springframework.context.annotation.Import({com.example.board.exception.GlobalExceptionHandler.class}), @org.springframework.boot.test.autoconfigure.restdocs.AutoConfigureRestDocs(uriScheme="http", outputDir="", uriPort=8080, value="", uriHost="localhost"), @org.springframework.context.annotation.Import({org.springframework.boot.autoconfigure.ImportAutoConfigurationImportSelector.class}), @org.springframework.boot.test.autoconfigure.properties.PropertyMapping(value="spring.test.mockmvc", skip=NO), @org.springframework.boot.test.context.SpringBootTest(args={}, webEnvironment=MOCK, value={}, properties={}, classes={}), @org.springframework.test.context.BootstrapWith(org.springframework.boot.test.context.SpringBootTestContextBootstrapper.class), @org.springframework.boot.test.autoconfigure.properties.PropertyMapping(value="spring.test.restdocs", skip=NO), @org.springframework.context.annotation.Import({org.springframework.boot.test.autoconfigure.restdocs.RestDocumentationContextProviderRegistrar.class})]], org.springframework.boot.test.context.filter.ExcludeFilterContextCustomizer@37d4349f, org.springframework.boot.test.json.DuplicateJsonObjectContextCustomizerFactory$DuplicateJsonObjectContextCustomizer@2ea41516, org.springframework.boot.test.mock.mockito.MockitoContextCustomizer@7040d43d, org.springframework.boot.test.web.client.TestRestTemplateContextCustomizer@290222c1, org.springframework.boot.test.autoconfigure.actuate.metrics.MetricsExportContextCustomizerFactory$DisableMetricExportContextCustomizer@61001b64, org.springframework.boot.test.autoconfigure.properties.PropertyMappingContextCustomizer@63da79bb, org.springframework.boot.test.autoconfigure.web.servlet.WebDriverContextCustomizerFactory$Customizer@272113c4, org.springframework.boot.test.context.SpringBootTestArgs@1, org.springframework.boot.test.context.SpringBootTestWebEnvironment@2a556333], resourceBasePath = 'src/main/webapp', contextLoader = 'org.springframework.boot.test.context.SpringBootContextLoader', parent = [null]]]
2025-04-11 10:22:20.911 [main] DEBUG o.springframework.test.context.cache - Spring test ApplicationContext cache statistics: [DefaultContextCache@3866c96e size = 2, maxSize = 32, parentContextCount = 0, hitCount = 130, missCount = 2]
2025-04-11 10:22:20.911 [main] DEBUG o.s.t.c.c.DefaultCacheAwareContextLoaderDelegate - Retrieved ApplicationContext [1502502072] from cache with key [[WebMergedContextConfiguration@405603b6 testClass = UserControllerTest, locations = '{}', classes = '{class com.example.board.BoardApplication}', contextInitializerClasses = '[]', activeProfiles = '{}', propertySourceLocations = '{}', propertySourceProperties = '{org.springframework.boot.test.context.SpringBootTestContextBootstrapper=true}', contextCustomizers = set[[ImportsContextCustomizer@3c3cd13a key = [@org.springframework.boot.test.autoconfigure.web.servlet.AutoConfigureMockMvc(webDriverEnabled=true, print=DEFAULT, webClientEnabled=true, printOnlyOnFailure=true, addFilters=true), @org.springframework.security.test.context.support.WithSecurityContext(setupBefore=TEST_METHOD, factory=org.springframework.security.test.context.support.WithMockUserSecurityContextFactory.class), @org.springframework.boot.autoconfigure.ImportAutoConfiguration(value={}, exclude={}, classes={}), @org.springframework.security.test.context.support.WithMockUser(password="password", value="user", authorities={}, setupBefore=TEST_METHOD, roles={"USER"}, username=""), @org.springframework.context.annotation.Import({com.example.board.exception.GlobalExceptionHandler.class}), @org.springframework.boot.test.autoconfigure.restdocs.AutoConfigureRestDocs(uriScheme="http", outputDir="", uriPort=8080, value="", uriHost="localhost"), @org.springframework.context.annotation.Import({org.springframework.boot.autoconfigure.ImportAutoConfigurationImportSelector.class}), @org.springframework.boot.test.autoconfigure.properties.PropertyMapping(value="spring.test.mockmvc", skip=NO), @org.springframework.boot.test.context.SpringBootTest(args={}, webEnvironment=MOCK, value={}, properties={}, classes={}), @org.springframework.test.context.BootstrapWith(org.springframework.boot.test.context.SpringBootTestContextBootstrapper.class), @org.springframework.boot.test.autoconfigure.properties.PropertyMapping(value="spring.test.restdocs", skip=NO), @org.springframework.context.annotation.Import({org.springframework.boot.test.autoconfigure.restdocs.RestDocumentationContextProviderRegistrar.class})]], org.springframework.boot.test.context.filter.ExcludeFilterContextCustomizer@37d4349f, org.springframework.boot.test.json.DuplicateJsonObjectContextCustomizerFactory$DuplicateJsonObjectContextCustomizer@2ea41516, org.springframework.boot.test.mock.mockito.MockitoContextCustomizer@7040d43d, org.springframework.boot.test.web.client.TestRestTemplateContextCustomizer@290222c1, org.springframework.boot.test.autoconfigure.actuate.metrics.MetricsExportContextCustomizerFactory$DisableMetricExportContextCustomizer@61001b64, org.springframework.boot.test.autoconfigure.properties.PropertyMappingContextCustomizer@63da79bb, org.springframework.boot.test.autoconfigure.web.servlet.WebDriverContextCustomizerFactory$Customizer@272113c4, org.springframework.boot.test.context.SpringBootTestArgs@1, org.springframework.boot.test.context.SpringBootTestWebEnvironment@2a556333], resourceBasePath = 'src/main/webapp', contextLoader = 'org.springframework.boot.test.context.SpringBootContextLoader', parent = [null]]]
2025-04-11 10:22:20.911 [main] DEBUG o.springframework.test.context.cache - Spring test ApplicationContext cache statistics: [DefaultContextCache@3866c96e size = 2, maxSize = 32, parentContextCount = 0, hitCount = 131, missCount = 2]
2025-04-11 10:22:20.911 [main] DEBUG o.s.t.c.c.DefaultCacheAwareContextLoaderDelegate - Retrieved ApplicationContext [1502502072] from cache with key [[WebMergedContextConfiguration@405603b6 testClass = UserControllerTest, locations = '{}', classes = '{class com.example.board.BoardApplication}', contextInitializerClasses = '[]', activeProfiles = '{}', propertySourceLocations = '{}', propertySourceProperties = '{org.springframework.boot.test.context.SpringBootTestContextBootstrapper=true}', contextCustomizers = set[[ImportsContextCustomizer@3c3cd13a key = [@org.springframework.boot.test.autoconfigure.web.servlet.AutoConfigureMockMvc(webDriverEnabled=true, print=DEFAULT, webClientEnabled=true, printOnlyOnFailure=true, addFilters=true), @org.springframework.security.test.context.support.WithSecurityContext(setupBefore=TEST_METHOD, factory=org.springframework.security.test.context.support.WithMockUserSecurityContextFactory.class), @org.springframework.boot.autoconfigure.ImportAutoConfiguration(value={}, exclude={}, classes={}), @org.springframework.security.test.context.support.WithMockUser(password="password", value="user", authorities={}, setupBefore=TEST_METHOD, roles={"USER"}, username=""), @org.springframework.context.annotation.Import({com.example.board.exception.GlobalExceptionHandler.class}), @org.springframework.boot.test.autoconfigure.restdocs.AutoConfigureRestDocs(uriScheme="http", outputDir="", uriPort=8080, value="", uriHost="localhost"), @org.springframework.context.annotation.Import({org.springframework.boot.autoconfigure.ImportAutoConfigurationImportSelector.class}), @org.springframework.boot.test.autoconfigure.properties.PropertyMapping(value="spring.test.mockmvc", skip=NO), @org.springframework.boot.test.context.SpringBootTest(args={}, webEnvironment=MOCK, value={}, properties={}, classes={}), @org.springframework.test.context.BootstrapWith(org.springframework.boot.test.context.SpringBootTestContextBootstrapper.class), @org.springframework.boot.test.autoconfigure.properties.PropertyMapping(value="spring.test.restdocs", skip=NO), @org.springframework.context.annotation.Import({org.springframework.boot.test.autoconfigure.restdocs.RestDocumentationContextProviderRegistrar.class})]], org.springframework.boot.test.context.filter.ExcludeFilterContextCustomizer@37d4349f, org.springframework.boot.test.json.DuplicateJsonObjectContextCustomizerFactory$DuplicateJsonObjectContextCustomizer@2ea41516, org.springframework.boot.test.mock.mockito.MockitoContextCustomizer@7040d43d, org.springframework.boot.test.web.client.TestRestTemplateContextCustomizer@290222c1, org.springframework.boot.test.autoconfigure.actuate.metrics.MetricsExportContextCustomizerFactory$DisableMetricExportContextCustomizer@61001b64, org.springframework.boot.test.autoconfigure.properties.PropertyMappingContextCustomizer@63da79bb, org.springframework.boot.test.autoconfigure.web.servlet.WebDriverContextCustomizerFactory$Customizer@272113c4, org.springframework.boot.test.context.SpringBootTestArgs@1, org.springframework.boot.test.context.SpringBootTestWebEnvironment@2a556333], resourceBasePath = 'src/main/webapp', contextLoader = 'org.springframework.boot.test.context.SpringBootContextLoader', parent = [null]]]
2025-04-11 10:22:20.911 [main] DEBUG o.springframework.test.context.cache - Spring test ApplicationContext cache statistics: [DefaultContextCache@3866c96e size = 2, maxSize = 32, parentContextCount = 0, hitCount = 132, missCount = 2]
2025-04-11 10:22:20.911 [main] DEBUG o.s.t.c.c.DefaultCacheAwareContextLoaderDelegate - Retrieved ApplicationContext [1502502072] from cache with key [[WebMergedContextConfiguration@405603b6 testClass = UserControllerTest, locations = '{}', classes = '{class com.example.board.BoardApplication}', contextInitializerClasses = '[]', activeProfiles = '{}', propertySourceLocations = '{}', propertySourceProperties = '{org.springframework.boot.test.context.SpringBootTestContextBootstrapper=true}', contextCustomizers = set[[ImportsContextCustomizer@3c3cd13a key = [@org.springframework.boot.test.autoconfigure.web.servlet.AutoConfigureMockMvc(webDriverEnabled=true, print=DEFAULT, webClientEnabled=true, printOnlyOnFailure=true, addFilters=true), @org.springframework.security.test.context.support.WithSecurityContext(setupBefore=TEST_METHOD, factory=org.springframework.security.test.context.support.WithMockUserSecurityContextFactory.class), @org.springframework.boot.autoconfigure.ImportAutoConfiguration(value={}, exclude={}, classes={}), @org.springframework.security.test.context.support.WithMockUser(password="password", value="user", authorities={}, setupBefore=TEST_METHOD, roles={"USER"}, username=""), @org.springframework.context.annotation.Import({com.example.board.exception.GlobalExceptionHandler.class}), @org.springframework.boot.test.autoconfigure.restdocs.AutoConfigureRestDocs(uriScheme="http", outputDir="", uriPort=8080, value="", uriHost="localhost"), @org.springframework.context.annotation.Import({org.springframework.boot.autoconfigure.ImportAutoConfigurationImportSelector.class}), @org.springframework.boot.test.autoconfigure.properties.PropertyMapping(value="spring.test.mockmvc", skip=NO), @org.springframework.boot.test.context.SpringBootTest(args={}, webEnvironment=MOCK, value={}, properties={}, classes={}), @org.springframework.test.context.BootstrapWith(org.springframework.boot.test.context.SpringBootTestContextBootstrapper.class), @org.springframework.boot.test.autoconfigure.properties.PropertyMapping(value="spring.test.restdocs", skip=NO), @org.springframework.context.annotation.Import({org.springframework.boot.test.autoconfigure.restdocs.RestDocumentationContextProviderRegistrar.class})]], org.springframework.boot.test.context.filter.ExcludeFilterContextCustomizer@37d4349f, org.springframework.boot.test.json.DuplicateJsonObjectContextCustomizerFactory$DuplicateJsonObjectContextCustomizer@2ea41516, org.springframework.boot.test.mock.mockito.MockitoContextCustomizer@7040d43d, org.springframework.boot.test.web.client.TestRestTemplateContextCustomizer@290222c1, org.springframework.boot.test.autoconfigure.actuate.metrics.MetricsExportContextCustomizerFactory$DisableMetricExportContextCustomizer@61001b64, org.springframework.boot.test.autoconfigure.properties.PropertyMappingContextCustomizer@63da79bb, org.springframework.boot.test.autoconfigure.web.servlet.WebDriverContextCustomizerFactory$Customizer@272113c4, org.springframework.boot.test.context.SpringBootTestArgs@1, org.springframework.boot.test.context.SpringBootTestWebEnvironment@2a556333], resourceBasePath = 'src/main/webapp', contextLoader = 'org.springframework.boot.test.context.SpringBootContextLoader', parent = [null]]]
2025-04-11 10:22:20.912 [main] DEBUG o.springframework.test.context.cache - Spring test ApplicationContext cache statistics: [DefaultContextCache@3866c96e size = 2, maxSize = 32, parentContextCount = 0, hitCount = 133, missCount = 2]
2025-04-11 10:22:20.912 [main] DEBUG o.s.t.c.c.DefaultCacheAwareContextLoaderDelegate - Retrieved ApplicationContext [1502502072] from cache with key [[WebMergedContextConfiguration@405603b6 testClass = UserControllerTest, locations = '{}', classes = '{class com.example.board.BoardApplication}', contextInitializerClasses = '[]', activeProfiles = '{}', propertySourceLocations = '{}', propertySourceProperties = '{org.springframework.boot.test.context.SpringBootTestContextBootstrapper=true}', contextCustomizers = set[[ImportsContextCustomizer@3c3cd13a key = [@org.springframework.boot.test.autoconfigure.web.servlet.AutoConfigureMockMvc(webDriverEnabled=true, print=DEFAULT, webClientEnabled=true, printOnlyOnFailure=true, addFilters=true), @org.springframework.security.test.context.support.WithSecurityContext(setupBefore=TEST_METHOD, factory=org.springframework.security.test.context.support.WithMockUserSecurityContextFactory.class), @org.springframework.boot.autoconfigure.ImportAutoConfiguration(value={}, exclude={}, classes={}), @org.springframework.security.test.context.support.WithMockUser(password="password", value="user", authorities={}, setupBefore=TEST_METHOD, roles={"USER"}, username=""), @org.springframework.context.annotation.Import({com.example.board.exception.GlobalExceptionHandler.class}), @org.springframework.boot.test.autoconfigure.restdocs.AutoConfigureRestDocs(uriScheme="http", outputDir="", uriPort=8080, value="", uriHost="localhost"), @org.springframework.context.annotation.Import({org.springframework.boot.autoconfigure.ImportAutoConfigurationImportSelector.class}), @org.springframework.boot.test.autoconfigure.properties.PropertyMapping(value="spring.test.mockmvc", skip=NO), @org.springframework.boot.test.context.SpringBootTest(args={}, webEnvironment=MOCK, value={}, properties={}, classes={}), @org.springframework.test.context.BootstrapWith(org.springframework.boot.test.context.SpringBootTestContextBootstrapper.class), @org.springframework.boot.test.autoconfigure.properties.PropertyMapping(value="spring.test.restdocs", skip=NO), @org.springframework.context.annotation.Import({org.springframework.boot.test.autoconfigure.restdocs.RestDocumentationContextProviderRegistrar.class})]], org.springframework.boot.test.context.filter.ExcludeFilterContextCustomizer@37d4349f, org.springframework.boot.test.json.DuplicateJsonObjectContextCustomizerFactory$DuplicateJsonObjectContextCustomizer@2ea41516, org.springframework.boot.test.mock.mockito.MockitoContextCustomizer@7040d43d, org.springframework.boot.test.web.client.TestRestTemplateContextCustomizer@290222c1, org.springframework.boot.test.autoconfigure.actuate.metrics.MetricsExportContextCustomizerFactory$DisableMetricExportContextCustomizer@61001b64, org.springframework.boot.test.autoconfigure.properties.PropertyMappingContextCustomizer@63da79bb, org.springframework.boot.test.autoconfigure.web.servlet.WebDriverContextCustomizerFactory$Customizer@272113c4, org.springframework.boot.test.context.SpringBootTestArgs@1, org.springframework.boot.test.context.SpringBootTestWebEnvironment@2a556333], resourceBasePath = 'src/main/webapp', contextLoader = 'org.springframework.boot.test.context.SpringBootContextLoader', parent = [null]]]
2025-04-11 10:22:20.912 [main] DEBUG o.springframework.test.context.cache - Spring test ApplicationContext cache statistics: [DefaultContextCache@3866c96e size = 2, maxSize = 32, parentContextCount = 0, hitCount = 134, missCount = 2]
2025-04-11 10:22:20.912 [main] DEBUG o.s.test.util.ReflectionTestUtils - Invoking method 'getFilters' on target object [FilterChainProxy[Filter Chains: [DefaultSecurityFilterChain [RequestMatcher=any request, Filters=[org.springframework.security.web.session.DisableEncodeUrlFilter@512dc0e0, org.springframework.security.web.context.request.async.WebAsyncManagerIntegrationFilter@f96654, org.springframework.security.web.context.SecurityContextPersistenceFilter@5b2c7186, org.springframework.security.web.header.HeaderWriterFilter@2bd7f686, org.springframework.security.web.authentication.logout.LogoutFilter@16c8e9b8, com.example.board.security.JwtAuthenticationFilter@75063bd0, org.springframework.security.web.savedrequest.RequestCacheAwareFilter@fcd3a6f, org.springframework.security.web.servletapi.SecurityContextHolderAwareRequestFilter@7845ee8a, org.springframework.security.web.authentication.AnonymousAuthenticationFilter@637506d8, org.springframework.security.web.session.SessionManagementFilter@3601549f, org.springframework.security.web.access.ExceptionTranslationFilter@1e6bd367, org.springframework.security.web.access.intercept.AuthorizationFilter@27d6267e]]]]] or target class [null] with arguments {org.springframework.mock.web.MockHttpServletRequest@32121140}
2025-04-11 10:22:20.912 [main] DEBUG o.s.test.util.ReflectionTestUtils - Getting field 'repo' from target object [org.springframework.security.web.context.SecurityContextPersistenceFilter@5b2c7186] or target class [class org.springframework.security.web.context.SecurityContextPersistenceFilter]
2025-04-11 10:22:20.912 [main] DEBUG o.s.security.web.FilterChainProxy - Securing DELETE /api/users/me
2025-04-11 10:22:20.912 [main] DEBUG o.s.s.w.c.SecurityContextPersistenceFilter - Set SecurityContextHolder to SecurityContextImpl [Authentication=UsernamePasswordAuthenticationToken [Principal=org.springframework.security.core.userdetails.User [Username=user, Password=[PROTECTED], Enabled=true, AccountNonExpired=true, credentialsNonExpired=true, AccountNonLocked=true, Granted Authorities=[ROLE_USER]], Credentials=[PROTECTED], Authenticated=true, Details=null, Granted Authorities=[ROLE_USER]]]
2025-04-11 10:22:20.912 [main] DEBUG o.s.security.web.FilterChainProxy - Secured DELETE /api/users/me
2025-04-11 10:22:20.912 [main] DEBUG o.s.t.w.s.TestDispatcherServlet - DELETE "/api/users/me", parameters={}
2025-04-11 10:22:20.912 [main] DEBUG o.s.w.s.m.m.a.RequestMappingHandlerMapping - Mapped to com.example.board.controller.UserController#delete(JwtUserInfo)
2025-04-11 10:22:20.913 [main] DEBUG o.s.t.w.s.TestDispatcherServlet - Failed to complete request: java.lang.NullPointerException: Cannot invoke "com.example.board.common.dto.JwtUserInfo.getId()" because "userInfo" is null
2025-04-11 10:22:20.913 [main] DEBUG o.s.s.w.c.SecurityContextPersistenceFilter - Cleared SecurityContextHolder to complete request
2025-04-11 10:22:20.913 [main] DEBUG o.s.t.c.c.DefaultCacheAwareContextLoaderDelegate - Retrieved ApplicationContext [1502502072] from cache with key [[WebMergedContextConfiguration@405603b6 testClass = UserControllerTest, locations = '{}', classes = '{class com.example.board.BoardApplication}', contextInitializerClasses = '[]', activeProfiles = '{}', propertySourceLocations = '{}', propertySourceProperties = '{org.springframework.boot.test.context.SpringBootTestContextBootstrapper=true}', contextCustomizers = set[[ImportsContextCustomizer@3c3cd13a key = [@org.springframework.boot.test.autoconfigure.web.servlet.AutoConfigureMockMvc(webDriverEnabled=true, print=DEFAULT, webClientEnabled=true, printOnlyOnFailure=true, addFilters=true), @org.springframework.security.test.context.support.WithSecurityContext(setupBefore=TEST_METHOD, factory=org.springframework.security.test.context.support.WithMockUserSecurityContextFactory.class), @org.springframework.boot.autoconfigure.ImportAutoConfiguration(value={}, exclude={}, classes={}), @org.springframework.security.test.context.support.WithMockUser(password="password", value="user", authorities={}, setupBefore=TEST_METHOD, roles={"USER"}, username=""), @org.springframework.context.annotation.Import({com.example.board.exception.GlobalExceptionHandler.class}), @org.springframework.boot.test.autoconfigure.restdocs.AutoConfigureRestDocs(uriScheme="http", outputDir="", uriPort=8080, value="", uriHost="localhost"), @org.springframework.context.annotation.Import({org.springframework.boot.autoconfigure.ImportAutoConfigurationImportSelector.class}), @org.springframework.boot.test.autoconfigure.properties.PropertyMapping(value="spring.test.mockmvc", skip=NO), @org.springframework.boot.test.context.SpringBootTest(args={}, webEnvironment=MOCK, value={}, properties={}, classes={}), @org.springframework.test.context.BootstrapWith(org.springframework.boot.test.context.SpringBootTestContextBootstrapper.class), @org.springframework.boot.test.autoconfigure.properties.PropertyMapping(value="spring.test.restdocs", skip=NO), @org.springframework.context.annotation.Import({org.springframework.boot.test.autoconfigure.restdocs.RestDocumentationContextProviderRegistrar.class})]], org.springframework.boot.test.context.filter.ExcludeFilterContextCustomizer@37d4349f, org.springframework.boot.test.json.DuplicateJsonObjectContextCustomizerFactory$DuplicateJsonObjectContextCustomizer@2ea41516, org.springframework.boot.test.mock.mockito.MockitoContextCustomizer@7040d43d, org.springframework.boot.test.web.client.TestRestTemplateContextCustomizer@290222c1, org.springframework.boot.test.autoconfigure.actuate.metrics.MetricsExportContextCustomizerFactory$DisableMetricExportContextCustomizer@61001b64, org.springframework.boot.test.autoconfigure.properties.PropertyMappingContextCustomizer@63da79bb, org.springframework.boot.test.autoconfigure.web.servlet.WebDriverContextCustomizerFactory$Customizer@272113c4, org.springframework.boot.test.context.SpringBootTestArgs@1, org.springframework.boot.test.context.SpringBootTestWebEnvironment@2a556333], resourceBasePath = 'src/main/webapp', contextLoader = 'org.springframework.boot.test.context.SpringBootContextLoader', parent = [null]]]
2025-04-11 10:22:20.913 [main] DEBUG o.springframework.test.context.cache - Spring test ApplicationContext cache statistics: [DefaultContextCache@3866c96e size = 2, maxSize = 32, parentContextCount = 0, hitCount = 135, missCount = 2]
2025-04-11 10:22:20.913 [main] DEBUG o.s.t.c.c.DefaultCacheAwareContextLoaderDelegate - Retrieved ApplicationContext [1502502072] from cache with key [[WebMergedContextConfiguration@405603b6 testClass = UserControllerTest, locations = '{}', classes = '{class com.example.board.BoardApplication}', contextInitializerClasses = '[]', activeProfiles = '{}', propertySourceLocations = '{}', propertySourceProperties = '{org.springframework.boot.test.context.SpringBootTestContextBootstrapper=true}', contextCustomizers = set[[ImportsContextCustomizer@3c3cd13a key = [@org.springframework.boot.test.autoconfigure.web.servlet.AutoConfigureMockMvc(webDriverEnabled=true, print=DEFAULT, webClientEnabled=true, printOnlyOnFailure=true, addFilters=true), @org.springframework.security.test.context.support.WithSecurityContext(setupBefore=TEST_METHOD, factory=org.springframework.security.test.context.support.WithMockUserSecurityContextFactory.class), @org.springframework.boot.autoconfigure.ImportAutoConfiguration(value={}, exclude={}, classes={}), @org.springframework.security.test.context.support.WithMockUser(password="password", value="user", authorities={}, setupBefore=TEST_METHOD, roles={"USER"}, username=""), @org.springframework.context.annotation.Import({com.example.board.exception.GlobalExceptionHandler.class}), @org.springframework.boot.test.autoconfigure.restdocs.AutoConfigureRestDocs(uriScheme="http", outputDir="", uriPort=8080, value="", uriHost="localhost"), @org.springframework.context.annotation.Import({org.springframework.boot.autoconfigure.ImportAutoConfigurationImportSelector.class}), @org.springframework.boot.test.autoconfigure.properties.PropertyMapping(value="spring.test.mockmvc", skip=NO), @org.springframework.boot.test.context.SpringBootTest(args={}, webEnvironment=MOCK, value={}, properties={}, classes={}), @org.springframework.test.context.BootstrapWith(org.springframework.boot.test.context.SpringBootTestContextBootstrapper.class), @org.springframework.boot.test.autoconfigure.properties.PropertyMapping(value="spring.test.restdocs", skip=NO), @org.springframework.context.annotation.Import({org.springframework.boot.test.autoconfigure.restdocs.RestDocumentationContextProviderRegistrar.class})]], org.springframework.boot.test.context.filter.ExcludeFilterContextCustomizer@37d4349f, org.springframework.boot.test.json.DuplicateJsonObjectContextCustomizerFactory$DuplicateJsonObjectContextCustomizer@2ea41516, org.springframework.boot.test.mock.mockito.MockitoContextCustomizer@7040d43d, org.springframework.boot.test.web.client.TestRestTemplateContextCustomizer@290222c1, org.springframework.boot.test.autoconfigure.actuate.metrics.MetricsExportContextCustomizerFactory$DisableMetricExportContextCustomizer@61001b64, org.springframework.boot.test.autoconfigure.properties.PropertyMappingContextCustomizer@63da79bb, org.springframework.boot.test.autoconfigure.web.servlet.WebDriverContextCustomizerFactory$Customizer@272113c4, org.springframework.boot.test.context.SpringBootTestArgs@1, org.springframework.boot.test.context.SpringBootTestWebEnvironment@2a556333], resourceBasePath = 'src/main/webapp', contextLoader = 'org.springframework.boot.test.context.SpringBootContextLoader', parent = [null]]]
2025-04-11 10:22:20.913 [main] DEBUG o.springframework.test.context.cache - Spring test ApplicationContext cache statistics: [DefaultContextCache@3866c96e size = 2, maxSize = 32, parentContextCount = 0, hitCount = 136, missCount = 2]
2025-04-11 10:22:20.913 [main] DEBUG o.s.t.c.c.DefaultCacheAwareContextLoaderDelegate - Retrieved ApplicationContext [1502502072] from cache with key [[WebMergedContextConfiguration@405603b6 testClass = UserControllerTest, locations = '{}', classes = '{class com.example.board.BoardApplication}', contextInitializerClasses = '[]', activeProfiles = '{}', propertySourceLocations = '{}', propertySourceProperties = '{org.springframework.boot.test.context.SpringBootTestContextBootstrapper=true}', contextCustomizers = set[[ImportsContextCustomizer@3c3cd13a key = [@org.springframework.boot.test.autoconfigure.web.servlet.AutoConfigureMockMvc(webDriverEnabled=true, print=DEFAULT, webClientEnabled=true, printOnlyOnFailure=true, addFilters=true), @org.springframework.security.test.context.support.WithSecurityContext(setupBefore=TEST_METHOD, factory=org.springframework.security.test.context.support.WithMockUserSecurityContextFactory.class), @org.springframework.boot.autoconfigure.ImportAutoConfiguration(value={}, exclude={}, classes={}), @org.springframework.security.test.context.support.WithMockUser(password="password", value="user", authorities={}, setupBefore=TEST_METHOD, roles={"USER"}, username=""), @org.springframework.context.annotation.Import({com.example.board.exception.GlobalExceptionHandler.class}), @org.springframework.boot.test.autoconfigure.restdocs.AutoConfigureRestDocs(uriScheme="http", outputDir="", uriPort=8080, value="", uriHost="localhost"), @org.springframework.context.annotation.Import({org.springframework.boot.autoconfigure.ImportAutoConfigurationImportSelector.class}), @org.springframework.boot.test.autoconfigure.properties.PropertyMapping(value="spring.test.mockmvc", skip=NO), @org.springframework.boot.test.context.SpringBootTest(args={}, webEnvironment=MOCK, value={}, properties={}, classes={}), @org.springframework.test.context.BootstrapWith(org.springframework.boot.test.context.SpringBootTestContextBootstrapper.class), @org.springframework.boot.test.autoconfigure.properties.PropertyMapping(value="spring.test.restdocs", skip=NO), @org.springframework.context.annotation.Import({org.springframework.boot.test.autoconfigure.restdocs.RestDocumentationContextProviderRegistrar.class})]], org.springframework.boot.test.context.filter.ExcludeFilterContextCustomizer@37d4349f, org.springframework.boot.test.json.DuplicateJsonObjectContextCustomizerFactory$DuplicateJsonObjectContextCustomizer@2ea41516, org.springframework.boot.test.mock.mockito.MockitoContextCustomizer@7040d43d, org.springframework.boot.test.web.client.TestRestTemplateContextCustomizer@290222c1, org.springframework.boot.test.autoconfigure.actuate.metrics.MetricsExportContextCustomizerFactory$DisableMetricExportContextCustomizer@61001b64, org.springframework.boot.test.autoconfigure.properties.PropertyMappingContextCustomizer@63da79bb, org.springframework.boot.test.autoconfigure.web.servlet.WebDriverContextCustomizerFactory$Customizer@272113c4, org.springframework.boot.test.context.SpringBootTestArgs@1, org.springframework.boot.test.context.SpringBootTestWebEnvironment@2a556333], resourceBasePath = 'src/main/webapp', contextLoader = 'org.springframework.boot.test.context.SpringBootContextLoader', parent = [null]]]
2025-04-11 10:22:20.913 [main] DEBUG o.springframework.test.context.cache - Spring test ApplicationContext cache statistics: [DefaultContextCache@3866c96e size = 2, maxSize = 32, parentContextCount = 0, hitCount = 137, missCount = 2]
2025-04-11 10:22:20.913 [main] DEBUG o.s.t.c.c.DefaultCacheAwareContextLoaderDelegate - Retrieved ApplicationContext [1502502072] from cache with key [[WebMergedContextConfiguration@405603b6 testClass = UserControllerTest, locations = '{}', classes = '{class com.example.board.BoardApplication}', contextInitializerClasses = '[]', activeProfiles = '{}', propertySourceLocations = '{}', propertySourceProperties = '{org.springframework.boot.test.context.SpringBootTestContextBootstrapper=true}', contextCustomizers = set[[ImportsContextCustomizer@3c3cd13a key = [@org.springframework.boot.test.autoconfigure.web.servlet.AutoConfigureMockMvc(webDriverEnabled=true, print=DEFAULT, webClientEnabled=true, printOnlyOnFailure=true, addFilters=true), @org.springframework.security.test.context.support.WithSecurityContext(setupBefore=TEST_METHOD, factory=org.springframework.security.test.context.support.WithMockUserSecurityContextFactory.class), @org.springframework.boot.autoconfigure.ImportAutoConfiguration(value={}, exclude={}, classes={}), @org.springframework.security.test.context.support.WithMockUser(password="password", value="user", authorities={}, setupBefore=TEST_METHOD, roles={"USER"}, username=""), @org.springframework.context.annotation.Import({com.example.board.exception.GlobalExceptionHandler.class}), @org.springframework.boot.test.autoconfigure.restdocs.AutoConfigureRestDocs(uriScheme="http", outputDir="", uriPort=8080, value="", uriHost="localhost"), @org.springframework.context.annotation.Import({org.springframework.boot.autoconfigure.ImportAutoConfigurationImportSelector.class}), @org.springframework.boot.test.autoconfigure.properties.PropertyMapping(value="spring.test.mockmvc", skip=NO), @org.springframework.boot.test.context.SpringBootTest(args={}, webEnvironment=MOCK, value={}, properties={}, classes={}), @org.springframework.test.context.BootstrapWith(org.springframework.boot.test.context.SpringBootTestContextBootstrapper.class), @org.springframework.boot.test.autoconfigure.properties.PropertyMapping(value="spring.test.restdocs", skip=NO), @org.springframework.context.annotation.Import({org.springframework.boot.test.autoconfigure.restdocs.RestDocumentationContextProviderRegistrar.class})]], org.springframework.boot.test.context.filter.ExcludeFilterContextCustomizer@37d4349f, org.springframework.boot.test.json.DuplicateJsonObjectContextCustomizerFactory$DuplicateJsonObjectContextCustomizer@2ea41516, org.springframework.boot.test.mock.mockito.MockitoContextCustomizer@7040d43d, org.springframework.boot.test.web.client.TestRestTemplateContextCustomizer@290222c1, org.springframework.boot.test.autoconfigure.actuate.metrics.MetricsExportContextCustomizerFactory$DisableMetricExportContextCustomizer@61001b64, org.springframework.boot.test.autoconfigure.properties.PropertyMappingContextCustomizer@63da79bb, org.springframework.boot.test.autoconfigure.web.servlet.WebDriverContextCustomizerFactory$Customizer@272113c4, org.springframework.boot.test.context.SpringBootTestArgs@1, org.springframework.boot.test.context.SpringBootTestWebEnvironment@2a556333], resourceBasePath = 'src/main/webapp', contextLoader = 'org.springframework.boot.test.context.SpringBootContextLoader', parent = [null]]]
2025-04-11 10:22:20.913 [main] DEBUG o.springframework.test.context.cache - Spring test ApplicationContext cache statistics: [DefaultContextCache@3866c96e size = 2, maxSize = 32, parentContextCount = 0, hitCount = 138, missCount = 2]
2025-04-11 10:22:20.913 [main] DEBUG o.s.t.c.c.DefaultCacheAwareContextLoaderDelegate - Retrieved ApplicationContext [1502502072] from cache with key [[WebMergedContextConfiguration@405603b6 testClass = UserControllerTest, locations = '{}', classes = '{class com.example.board.BoardApplication}', contextInitializerClasses = '[]', activeProfiles = '{}', propertySourceLocations = '{}', propertySourceProperties = '{org.springframework.boot.test.context.SpringBootTestContextBootstrapper=true}', contextCustomizers = set[[ImportsContextCustomizer@3c3cd13a key = [@org.springframework.boot.test.autoconfigure.web.servlet.AutoConfigureMockMvc(webDriverEnabled=true, print=DEFAULT, webClientEnabled=true, printOnlyOnFailure=true, addFilters=true), @org.springframework.security.test.context.support.WithSecurityContext(setupBefore=TEST_METHOD, factory=org.springframework.security.test.context.support.WithMockUserSecurityContextFactory.class), @org.springframework.boot.autoconfigure.ImportAutoConfiguration(value={}, exclude={}, classes={}), @org.springframework.security.test.context.support.WithMockUser(password="password", value="user", authorities={}, setupBefore=TEST_METHOD, roles={"USER"}, username=""), @org.springframework.context.annotation.Import({com.example.board.exception.GlobalExceptionHandler.class}), @org.springframework.boot.test.autoconfigure.restdocs.AutoConfigureRestDocs(uriScheme="http", outputDir="", uriPort=8080, value="", uriHost="localhost"), @org.springframework.context.annotation.Import({org.springframework.boot.autoconfigure.ImportAutoConfigurationImportSelector.class}), @org.springframework.boot.test.autoconfigure.properties.PropertyMapping(value="spring.test.mockmvc", skip=NO), @org.springframework.boot.test.context.SpringBootTest(args={}, webEnvironment=MOCK, value={}, properties={}, classes={}), @org.springframework.test.context.BootstrapWith(org.springframework.boot.test.context.SpringBootTestContextBootstrapper.class), @org.springframework.boot.test.autoconfigure.properties.PropertyMapping(value="spring.test.restdocs", skip=NO), @org.springframework.context.annotation.Import({org.springframework.boot.test.autoconfigure.restdocs.RestDocumentationContextProviderRegistrar.class})]], org.springframework.boot.test.context.filter.ExcludeFilterContextCustomizer@37d4349f, org.springframework.boot.test.json.DuplicateJsonObjectContextCustomizerFactory$DuplicateJsonObjectContextCustomizer@2ea41516, org.springframework.boot.test.mock.mockito.MockitoContextCustomizer@7040d43d, org.springframework.boot.test.web.client.TestRestTemplateContextCustomizer@290222c1, org.springframework.boot.test.autoconfigure.actuate.metrics.MetricsExportContextCustomizerFactory$DisableMetricExportContextCustomizer@61001b64, org.springframework.boot.test.autoconfigure.properties.PropertyMappingContextCustomizer@63da79bb, org.springframework.boot.test.autoconfigure.web.servlet.WebDriverContextCustomizerFactory$Customizer@272113c4, org.springframework.boot.test.context.SpringBootTestArgs@1, org.springframework.boot.test.context.SpringBootTestWebEnvironment@2a556333], resourceBasePath = 'src/main/webapp', contextLoader = 'org.springframework.boot.test.context.SpringBootContextLoader', parent = [null]]]
2025-04-11 10:22:20.914 [main] DEBUG o.springframework.test.context.cache - Spring test ApplicationContext cache statistics: [DefaultContextCache@3866c96e size = 2, maxSize = 32, parentContextCount = 0, hitCount = 139, missCount = 2]
2025-04-11 10:22:20.914 [main] DEBUG o.s.t.c.c.DefaultCacheAwareContextLoaderDelegate - Retrieved ApplicationContext [1502502072] from cache with key [[WebMergedContextConfiguration@405603b6 testClass = UserControllerTest, locations = '{}', classes = '{class com.example.board.BoardApplication}', contextInitializerClasses = '[]', activeProfiles = '{}', propertySourceLocations = '{}', propertySourceProperties = '{org.springframework.boot.test.context.SpringBootTestContextBootstrapper=true}', contextCustomizers = set[[ImportsContextCustomizer@3c3cd13a key = [@org.springframework.boot.test.autoconfigure.web.servlet.AutoConfigureMockMvc(webDriverEnabled=true, print=DEFAULT, webClientEnabled=true, printOnlyOnFailure=true, addFilters=true), @org.springframework.security.test.context.support.WithSecurityContext(setupBefore=TEST_METHOD, factory=org.springframework.security.test.context.support.WithMockUserSecurityContextFactory.class), @org.springframework.boot.autoconfigure.ImportAutoConfiguration(value={}, exclude={}, classes={}), @org.springframework.security.test.context.support.WithMockUser(password="password", value="user", authorities={}, setupBefore=TEST_METHOD, roles={"USER"}, username=""), @org.springframework.context.annotation.Import({com.example.board.exception.GlobalExceptionHandler.class}), @org.springframework.boot.test.autoconfigure.restdocs.AutoConfigureRestDocs(uriScheme="http", outputDir="", uriPort=8080, value="", uriHost="localhost"), @org.springframework.context.annotation.Import({org.springframework.boot.autoconfigure.ImportAutoConfigurationImportSelector.class}), @org.springframework.boot.test.autoconfigure.properties.PropertyMapping(value="spring.test.mockmvc", skip=NO), @org.springframework.boot.test.context.SpringBootTest(args={}, webEnvironment=MOCK, value={}, properties={}, classes={}), @org.springframework.test.context.BootstrapWith(org.springframework.boot.test.context.SpringBootTestContextBootstrapper.class), @org.springframework.boot.test.autoconfigure.properties.PropertyMapping(value="spring.test.restdocs", skip=NO), @org.springframework.context.annotation.Import({org.springframework.boot.test.autoconfigure.restdocs.RestDocumentationContextProviderRegistrar.class})]], org.springframework.boot.test.context.filter.ExcludeFilterContextCustomizer@37d4349f, org.springframework.boot.test.json.DuplicateJsonObjectContextCustomizerFactory$DuplicateJsonObjectContextCustomizer@2ea41516, org.springframework.boot.test.mock.mockito.MockitoContextCustomizer@7040d43d, org.springframework.boot.test.web.client.TestRestTemplateContextCustomizer@290222c1, org.springframework.boot.test.autoconfigure.actuate.metrics.MetricsExportContextCustomizerFactory$DisableMetricExportContextCustomizer@61001b64, org.springframework.boot.test.autoconfigure.properties.PropertyMappingContextCustomizer@63da79bb, org.springframework.boot.test.autoconfigure.web.servlet.WebDriverContextCustomizerFactory$Customizer@272113c4, org.springframework.boot.test.context.SpringBootTestArgs@1, org.springframework.boot.test.context.SpringBootTestWebEnvironment@2a556333], resourceBasePath = 'src/main/webapp', contextLoader = 'org.springframework.boot.test.context.SpringBootContextLoader', parent = [null]]]
2025-04-11 10:22:20.914 [main] DEBUG o.springframework.test.context.cache - Spring test ApplicationContext cache statistics: [DefaultContextCache@3866c96e size = 2, maxSize = 32, parentContextCount = 0, hitCount = 140, missCount = 2]
2025-04-11 10:22:20.914 [main] DEBUG o.s.t.c.c.DefaultCacheAwareContextLoaderDelegate - Retrieved ApplicationContext [1502502072] from cache with key [[WebMergedContextConfiguration@405603b6 testClass = UserControllerTest, locations = '{}', classes = '{class com.example.board.BoardApplication}', contextInitializerClasses = '[]', activeProfiles = '{}', propertySourceLocations = '{}', propertySourceProperties = '{org.springframework.boot.test.context.SpringBootTestContextBootstrapper=true}', contextCustomizers = set[[ImportsContextCustomizer@3c3cd13a key = [@org.springframework.boot.test.autoconfigure.web.servlet.AutoConfigureMockMvc(webDriverEnabled=true, print=DEFAULT, webClientEnabled=true, printOnlyOnFailure=true, addFilters=true), @org.springframework.security.test.context.support.WithSecurityContext(setupBefore=TEST_METHOD, factory=org.springframework.security.test.context.support.WithMockUserSecurityContextFactory.class), @org.springframework.boot.autoconfigure.ImportAutoConfiguration(value={}, exclude={}, classes={}), @org.springframework.security.test.context.support.WithMockUser(password="password", value="user", authorities={}, setupBefore=TEST_METHOD, roles={"USER"}, username=""), @org.springframework.context.annotation.Import({com.example.board.exception.GlobalExceptionHandler.class}), @org.springframework.boot.test.autoconfigure.restdocs.AutoConfigureRestDocs(uriScheme="http", outputDir="", uriPort=8080, value="", uriHost="localhost"), @org.springframework.context.annotation.Import({org.springframework.boot.autoconfigure.ImportAutoConfigurationImportSelector.class}), @org.springframework.boot.test.autoconfigure.properties.PropertyMapping(value="spring.test.mockmvc", skip=NO), @org.springframework.boot.test.context.SpringBootTest(args={}, webEnvironment=MOCK, value={}, properties={}, classes={}), @org.springframework.test.context.BootstrapWith(org.springframework.boot.test.context.SpringBootTestContextBootstrapper.class), @org.springframework.boot.test.autoconfigure.properties.PropertyMapping(value="spring.test.restdocs", skip=NO), @org.springframework.context.annotation.Import({org.springframework.boot.test.autoconfigure.restdocs.RestDocumentationContextProviderRegistrar.class})]], org.springframework.boot.test.context.filter.ExcludeFilterContextCustomizer@37d4349f, org.springframework.boot.test.json.DuplicateJsonObjectContextCustomizerFactory$DuplicateJsonObjectContextCustomizer@2ea41516, org.springframework.boot.test.mock.mockito.MockitoContextCustomizer@7040d43d, org.springframework.boot.test.web.client.TestRestTemplateContextCustomizer@290222c1, org.springframework.boot.test.autoconfigure.actuate.metrics.MetricsExportContextCustomizerFactory$DisableMetricExportContextCustomizer@61001b64, org.springframework.boot.test.autoconfigure.properties.PropertyMappingContextCustomizer@63da79bb, org.springframework.boot.test.autoconfigure.web.servlet.WebDriverContextCustomizerFactory$Customizer@272113c4, org.springframework.boot.test.context.SpringBootTestArgs@1, org.springframework.boot.test.context.SpringBootTestWebEnvironment@2a556333], resourceBasePath = 'src/main/webapp', contextLoader = 'org.springframework.boot.test.context.SpringBootContextLoader', parent = [null]]]
2025-04-11 10:22:20.914 [main] DEBUG o.springframework.test.context.cache - Spring test ApplicationContext cache statistics: [DefaultContextCache@3866c96e size = 2, maxSize = 32, parentContextCount = 0, hitCount = 141, missCount = 2]
2025-04-11 10:22:20.914 [main] DEBUG o.s.t.c.s.AbstractDirtiesContextTestExecutionListener - After test method: context [DefaultTestContext@163df259 testClass = UserControllerTest, testInstance = com.example.board.controller.UserControllerTest@6e22d6bf, testMethod = deleteTest@UserControllerTest, testException = org.springframework.web.util.NestedServletException: Request processing failed; nested exception is java.lang.NullPointerException: Cannot invoke "com.example.board.common.dto.JwtUserInfo.getId()" because "userInfo" is null, mergedContextConfiguration = [WebMergedContextConfiguration@405603b6 testClass = UserControllerTest, locations = '{}', classes = '{class com.example.board.BoardApplication}', contextInitializerClasses = '[]', activeProfiles = '{}', propertySourceLocations = '{}', propertySourceProperties = '{org.springframework.boot.test.context.SpringBootTestContextBootstrapper=true}', contextCustomizers = set[[ImportsContextCustomizer@3c3cd13a key = [@org.springframework.boot.test.autoconfigure.web.servlet.AutoConfigureMockMvc(webDriverEnabled=true, print=DEFAULT, webClientEnabled=true, printOnlyOnFailure=true, addFilters=true), @org.springframework.security.test.context.support.WithSecurityContext(setupBefore=TEST_METHOD, factory=org.springframework.security.test.context.support.WithMockUserSecurityContextFactory.class), @org.springframework.boot.autoconfigure.ImportAutoConfiguration(value={}, exclude={}, classes={}), @org.springframework.security.test.context.support.WithMockUser(password="password", value="user", authorities={}, setupBefore=TEST_METHOD, roles={"USER"}, username=""), @org.springframework.context.annotation.Import({com.example.board.exception.GlobalExceptionHandler.class}), @org.springframework.boot.test.autoconfigure.restdocs.AutoConfigureRestDocs(uriScheme="http", outputDir="", uriPort=8080, value="", uriHost="localhost"), @org.springframework.context.annotation.Import({org.springframework.boot.autoconfigure.ImportAutoConfigurationImportSelector.class}), @org.springframework.boot.test.autoconfigure.properties.PropertyMapping(value="spring.test.mockmvc", skip=NO), @org.springframework.boot.test.context.SpringBootTest(args={}, webEnvironment=MOCK, value={}, properties={}, classes={}), @org.springframework.test.context.BootstrapWith(org.springframework.boot.test.context.SpringBootTestContextBootstrapper.class), @org.springframework.boot.test.autoconfigure.properties.PropertyMapping(value="spring.test.restdocs", skip=NO), @org.springframework.context.annotation.Import({org.springframework.boot.test.autoconfigure.restdocs.RestDocumentationContextProviderRegistrar.class})]], org.springframework.boot.test.context.filter.ExcludeFilterContextCustomizer@37d4349f, org.springframework.boot.test.json.DuplicateJsonObjectContextCustomizerFactory$DuplicateJsonObjectContextCustomizer@2ea41516, org.springframework.boot.test.mock.mockito.MockitoContextCustomizer@7040d43d, org.springframework.boot.test.web.client.TestRestTemplateContextCustomizer@290222c1, org.springframework.boot.test.autoconfigure.actuate.metrics.MetricsExportContextCustomizerFactory$DisableMetricExportContextCustomizer@61001b64, org.springframework.boot.test.autoconfigure.properties.PropertyMappingContextCustomizer@63da79bb, org.springframework.boot.test.autoconfigure.web.servlet.WebDriverContextCustomizerFactory$Customizer@272113c4, org.springframework.boot.test.context.SpringBootTestArgs@1, org.springframework.boot.test.context.SpringBootTestWebEnvironment@2a556333], resourceBasePath = 'src/main/webapp', contextLoader = 'org.springframework.boot.test.context.SpringBootContextLoader', parent = [null]], attributes = map['org.springframework.test.context.web.ServletTestExecutionListener.activateListener' -> true, 'org.springframework.test.context.web.ServletTestExecutionListener.populatedRequestContextHolder' -> true, 'org.springframework.test.context.web.ServletTestExecutionListener.resetRequestContextHolder' -> true, 'org.springframework.test.context.event.ApplicationEventsTestExecutionListener.recordApplicationEvents' -> false]], class annotated with @DirtiesContext [false] with mode [null], method annotated with @DirtiesContext [false] with mode [null].
2025-04-11 10:22:20.914 [main] DEBUG o.s.t.c.w.ServletTestExecutionListener - Resetting RequestContextHolder for test context [DefaultTestContext@163df259 testClass = UserControllerTest, testInstance = com.example.board.controller.UserControllerTest@6e22d6bf, testMethod = deleteTest@UserControllerTest, testException = org.springframework.web.util.NestedServletException: Request processing failed; nested exception is java.lang.NullPointerException: Cannot invoke "com.example.board.common.dto.JwtUserInfo.getId()" because "userInfo" is null, mergedContextConfiguration = [WebMergedContextConfiguration@405603b6 testClass = UserControllerTest, locations = '{}', classes = '{class com.example.board.BoardApplication}', contextInitializerClasses = '[]', activeProfiles = '{}', propertySourceLocations = '{}', propertySourceProperties = '{org.springframework.boot.test.context.SpringBootTestContextBootstrapper=true}', contextCustomizers = set[[ImportsContextCustomizer@3c3cd13a key = [@org.springframework.boot.test.autoconfigure.web.servlet.AutoConfigureMockMvc(webDriverEnabled=true, print=DEFAULT, webClientEnabled=true, printOnlyOnFailure=true, addFilters=true), @org.springframework.security.test.context.support.WithSecurityContext(setupBefore=TEST_METHOD, factory=org.springframework.security.test.context.support.WithMockUserSecurityContextFactory.class), @org.springframework.boot.autoconfigure.ImportAutoConfiguration(value={}, exclude={}, classes={}), @org.springframework.security.test.context.support.WithMockUser(password="password", value="user", authorities={}, setupBefore=TEST_METHOD, roles={"USER"}, username=""), @org.springframework.context.annotation.Import({com.example.board.exception.GlobalExceptionHandler.class}), @org.springframework.boot.test.autoconfigure.restdocs.AutoConfigureRestDocs(uriScheme="http", outputDir="", uriPort=8080, value="", uriHost="localhost"), @org.springframework.context.annotation.Import({org.springframework.boot.autoconfigure.ImportAutoConfigurationImportSelector.class}), @org.springframework.boot.test.autoconfigure.properties.PropertyMapping(value="spring.test.mockmvc", skip=NO), @org.springframework.boot.test.context.SpringBootTest(args={}, webEnvironment=MOCK, value={}, properties={}, classes={}), @org.springframework.test.context.BootstrapWith(org.springframework.boot.test.context.SpringBootTestContextBootstrapper.class), @org.springframework.boot.test.autoconfigure.properties.PropertyMapping(value="spring.test.restdocs", skip=NO), @org.springframework.context.annotation.Import({org.springframework.boot.test.autoconfigure.restdocs.RestDocumentationContextProviderRegistrar.class})]], org.springframework.boot.test.context.filter.ExcludeFilterContextCustomizer@37d4349f, org.springframework.boot.test.json.DuplicateJsonObjectContextCustomizerFactory$DuplicateJsonObjectContextCustomizer@2ea41516, org.springframework.boot.test.mock.mockito.MockitoContextCustomizer@7040d43d, org.springframework.boot.test.web.client.TestRestTemplateContextCustomizer@290222c1, org.springframework.boot.test.autoconfigure.actuate.metrics.MetricsExportContextCustomizerFactory$DisableMetricExportContextCustomizer@61001b64, org.springframework.boot.test.autoconfigure.properties.PropertyMappingContextCustomizer@63da79bb, org.springframework.boot.test.autoconfigure.web.servlet.WebDriverContextCustomizerFactory$Customizer@272113c4, org.springframework.boot.test.context.SpringBootTestArgs@1, org.springframework.boot.test.context.SpringBootTestWebEnvironment@2a556333], resourceBasePath = 'src/main/webapp', contextLoader = 'org.springframework.boot.test.context.SpringBootContextLoader', parent = [null]], attributes = map['org.springframework.test.context.web.ServletTestExecutionListener.activateListener' -> true, 'org.springframework.test.context.web.ServletTestExecutionListener.populatedRequestContextHolder' -> true, 'org.springframework.test.context.web.ServletTestExecutionListener.resetRequestContextHolder' -> true, 'org.springframework.test.context.event.ApplicationEventsTestExecutionListener.recordApplicationEvents' -> false]].
]]></system-out>
  </testcase>
</testsuite>